<?xml version="1.0" encoding="UTF-8"?>
<coverage generated="1771155816153" clover="3.2.0">
  <project timestamp="1771155816153" name="All files">
    <metrics statements="4373" coveredstatements="866" conditionals="3235" coveredconditionals="700" methods="692" coveredmethods="70" elements="8300" coveredelements="1636" complexity="0" loc="4373" ncloc="4373" packages="3" files="23" classes="23"/>
    <package name="auction-multiplayer">
      <metrics statements="4163" coveredstatements="828" conditionals="3141" coveredconditionals="700" methods="673" coveredmethods="70"/>
      <file name=".eslintrc.js" path="D:\auction-multiplayer\.eslintrc.js">
        <metrics statements="1" coveredstatements="0" conditionals="0" coveredconditionals="0" methods="0" coveredmethods="0"/>
        <line num="1" count="0" type="stmt"/>
      </file>
      <file name="ai.js" path="D:\auction-multiplayer\ai.js">
        <metrics statements="862" coveredstatements="737" conditionals="863" coveredconditionals="692" methods="72" coveredmethods="55"/>
        <line num="3" count="2" type="cond" truecount="1" falsecount="1"/>
        <line num="13" count="2" type="stmt"/>
        <line num="14" count="2" type="stmt"/>
        <line num="15" count="2" type="cond" truecount="1" falsecount="1"/>
        <line num="16" count="2" type="stmt"/>
        <line num="17" count="392" type="stmt"/>
        <line num="25" count="36277" type="cond" truecount="1" falsecount="1"/>
        <line num="26" count="36277" type="stmt"/>
        <line num="32" count="2" type="stmt"/>
        <line num="49" count="2" type="stmt"/>
        <line num="59" count="2" type="stmt"/>
        <line num="67" count="2" type="stmt"/>
        <line num="180" count="2" type="stmt"/>
        <line num="182" count="36594" type="stmt"/>
        <line num="183" count="36594" type="stmt"/>
        <line num="187" count="2" type="stmt"/>
        <line num="189" count="22470" type="cond" truecount="2" falsecount="0"/>
        <line num="190" count="22470" type="stmt"/>
        <line num="193" count="875" type="cond" truecount="2" falsecount="0"/>
        <line num="194" count="875" type="cond" truecount="2" falsecount="0"/>
        <line num="195" count="338" type="stmt"/>
        <line num="196" count="338" type="cond" truecount="2" falsecount="0"/>
        <line num="197" count="91" type="cond" truecount="2" falsecount="0"/>
        <line num="198" count="11" type="stmt"/>
        <line num="202" count="1008" type="cond" truecount="2" falsecount="0"/>
        <line num="204" count="1008" type="cond" truecount="2" falsecount="0"/>
        <line num="205" count="178" type="stmt"/>
        <line num="206" count="830" type="cond" truecount="4" falsecount="0"/>
        <line num="207" count="36" type="stmt"/>
        <line num="213" count="50" type="stmt"/>
        <line num="214" count="185" type="cond" truecount="2" falsecount="0"/>
        <line num="217" count="7" type="stmt"/>
        <line num="218" count="7" type="stmt"/>
        <line num="222" count="2" type="stmt"/>
        <line num="224" count="27820" type="cond" truecount="1" falsecount="1"/>
        <line num="226" count="27820" type="cond" truecount="2" falsecount="0"/>
        <line num="229" count="27820" type="cond" truecount="2" falsecount="1"/>
        <line num="230" count="27820" type="cond" truecount="2" falsecount="0"/>
        <line num="231" count="27820" type="cond" truecount="2" falsecount="0"/>
        <line num="232" count="27820" type="stmt"/>
        <line num="234" count="27820" type="stmt"/>
        <line num="236" count="27820" type="cond" truecount="4" falsecount="0"/>
        <line num="237" count="2296" type="stmt"/>
        <line num="238" count="25524" type="cond" truecount="1" falsecount="1"/>
        <line num="243" count="0" type="stmt"/>
        <line num="244" count="25524" type="cond" truecount="4" falsecount="0"/>
        <line num="245" count="6258" type="stmt"/>
        <line num="246" count="19266" type="cond" truecount="2" falsecount="0"/>
        <line num="252" count="16895" type="stmt"/>
        <line num="255" count="27820" type="cond" truecount="2" falsecount="0"/>
        <line num="260" count="9991" type="cond" truecount="2" falsecount="1"/>
        <line num="261" count="9991" type="cond" truecount="2" falsecount="1"/>
        <line num="262" count="9991" type="cond" truecount="4" falsecount="0"/>
        <line num="263" count="2371" type="cond" truecount="1" falsecount="1"/>
        <line num="264" count="2371" type="stmt"/>
        <line num="266" count="17829" type="stmt"/>
        <line num="271" count="100" type="stmt"/>
        <line num="272" count="1100" type="cond" truecount="2" falsecount="0"/>
        <line num="274" count="1100" type="cond" truecount="2" falsecount="0"/>
        <line num="275" count="1008" type="cond" truecount="3" falsecount="1"/>
        <line num="276" count="1008" type="stmt"/>
        <line num="280" count="100" type="stmt"/>
        <line num="281" count="1008" type="cond" truecount="2" falsecount="0"/>
        <line num="282" count="1008" type="cond" truecount="2" falsecount="1"/>
        <line num="283" count="1008" type="stmt"/>
        <line num="302" count="2144" type="stmt"/>
        <line num="305" count="100" type="stmt"/>
        <line num="306" count="1008" type="stmt"/>
        <line num="307" count="1008" type="cond" truecount="2" falsecount="0"/>
        <line num="308" count="1008" type="cond" truecount="4" falsecount="0"/>
        <line num="311" count="1008" type="cond" truecount="2" falsecount="0"/>
        <line num="312" count="1008" type="stmt"/>
        <line num="317" count="100" type="stmt"/>
        <line num="322" count="1842" type="stmt"/>
        <line num="323" count="18578" type="cond" truecount="2" falsecount="0"/>
        <line num="326" count="1842" type="cond" truecount="1" falsecount="1"/>
        <line num="328" count="0" type="stmt"/>
        <line num="329" count="0" type="cond" truecount="0" falsecount="2"/>
        <line num="333" count="1842" type="stmt"/>
        <line num="334" count="7958" type="stmt"/>
        <line num="335" count="7958" type="stmt"/>
        <line num="338" count="7958" type="cond" truecount="2" falsecount="0"/>
        <line num="339" count="7958" type="cond" truecount="2" falsecount="0"/>
        <line num="342" count="15916" type="stmt"/>
        <line num="343" count="7958" type="cond" truecount="2" falsecount="0"/>
        <line num="344" count="7958" type="cond" truecount="2" falsecount="0"/>
        <line num="345" count="7958" type="cond" truecount="2" falsecount="0"/>
        <line num="346" count="7958" type="cond" truecount="2" falsecount="0"/>
        <line num="348" count="7958" type="cond" truecount="2" falsecount="0"/>
        <line num="349" count="3940" type="cond" truecount="2" falsecount="0"/>
        <line num="350" count="3940" type="cond" truecount="2" falsecount="0"/>
        <line num="351" count="3940" type="cond" truecount="1" falsecount="1"/>
        <line num="352" count="3940" type="cond" truecount="1" falsecount="1"/>
        <line num="354" count="7958" type="cond" truecount="2" falsecount="0"/>
        <line num="355" count="389" type="cond" truecount="2" falsecount="0"/>
        <line num="356" count="389" type="cond" truecount="2" falsecount="0"/>
        <line num="357" count="389" type="cond" truecount="1" falsecount="1"/>
        <line num="358" count="389" type="cond" truecount="1" falsecount="1"/>
        <line num="360" count="7958" type="cond" truecount="2" falsecount="0"/>
        <line num="361" count="3629" type="cond" truecount="2" falsecount="0"/>
        <line num="362" count="3629" type="cond" truecount="2" falsecount="0"/>
        <line num="363" count="3629" type="cond" truecount="2" falsecount="0"/>
        <line num="364" count="3629" type="cond" truecount="2" falsecount="0"/>
        <line num="368" count="7958" type="stmt"/>
        <line num="369" count="7958" type="cond" truecount="3" falsecount="1"/>
        <line num="370" count="7958" type="cond" truecount="3" falsecount="1"/>
        <line num="372" count="7958" type="stmt"/>
        <line num="375" count="1842" type="stmt"/>
        <line num="376" count="1842" type="stmt"/>
        <line num="377" count="1842" type="stmt"/>
        <line num="381" count="11235" type="stmt"/>
        <line num="385" count="1842" type="stmt"/>
        <line num="386" count="1842" type="stmt"/>
        <line num="389" count="1842" type="stmt"/>
        <line num="390" count="1842" type="stmt"/>
        <line num="391" count="1842" type="stmt"/>
        <line num="394" count="1842" type="stmt"/>
        <line num="395" count="1842" type="cond" truecount="1" falsecount="1"/>
        <line num="396" count="1842" type="stmt"/>
        <line num="401" count="0" type="cond" truecount="0" falsecount="2"/>
        <line num="402" count="0" type="stmt"/>
        <line num="403" count="0" type="stmt"/>
        <line num="404" count="0" type="stmt"/>
        <line num="408" count="2" type="stmt"/>
        <line num="410" count="11235" type="cond" truecount="1" falsecount="1"/>
        <line num="412" count="11235" type="stmt"/>
        <line num="415" count="11235" type="cond" truecount="2" falsecount="1"/>
        <line num="416" count="11235" type="cond" truecount="2" falsecount="0"/>
        <line num="417" count="11235" type="cond" truecount="2" falsecount="0"/>
        <line num="418" count="11235" type="stmt"/>
        <line num="421" count="11235" type="cond" truecount="2" falsecount="0"/>
        <line num="424" count="7775" type="cond" truecount="1" falsecount="1"/>
        <line num="429" count="0" type="stmt"/>
        <line num="432" count="7775" type="cond" truecount="4" falsecount="0"/>
        <line num="433" count="2731" type="stmt"/>
        <line num="436" count="5044" type="cond" truecount="2" falsecount="0"/>
        <line num="441" count="816" type="stmt"/>
        <line num="444" count="4228" type="cond" truecount="2" falsecount="0"/>
        <line num="445" count="3357" type="cond" truecount="1" falsecount="1"/>
        <line num="446" count="3357" type="cond" truecount="2" falsecount="0"/>
        <line num="449" count="3834" type="stmt"/>
        <line num="452" count="704" type="stmt"/>
        <line num="455" count="704" type="stmt"/>
        <line num="456" count="445" type="cond" truecount="4" falsecount="1"/>
        <line num="458" count="5317" type="stmt"/>
        <line num="459" count="445" type="cond" truecount="1" falsecount="1"/>
        <line num="460" count="445" type="stmt"/>
        <line num="465" count="704" type="cond" truecount="4" falsecount="0"/>
        <line num="466" count="690" type="cond" truecount="4" falsecount="0"/>
        <line num="469" count="669" type="stmt"/>
        <line num="470" count="669" type="stmt"/>
        <line num="471" count="669" type="stmt"/>
        <line num="473" count="669" type="cond" truecount="2" falsecount="0"/>
        <line num="474" count="216" type="cond" truecount="2" falsecount="0"/>
        <line num="475" count="106" type="cond" truecount="2" falsecount="0"/>
        <line num="476" count="55" type="cond" truecount="2" falsecount="0"/>
        <line num="477" count="21" type="stmt"/>
        <line num="480" count="453" type="cond" truecount="2" falsecount="0"/>
        <line num="481" count="174" type="cond" truecount="2" falsecount="0"/>
        <line num="482" count="58" type="stmt"/>
        <line num="485" count="669" type="stmt"/>
        <line num="506" count="11235" type="stmt"/>
        <line num="507" count="11235" type="stmt"/>
        <line num="508" count="11235" type="stmt"/>
        <line num="511" count="11235" type="stmt"/>
        <line num="512" count="11235" type="cond" truecount="4" falsecount="0"/>
        <line num="513" count="11130" type="stmt"/>
        <line num="514" count="11130" type="cond" truecount="2" falsecount="0"/>
        <line num="515" count="11130" type="stmt"/>
        <line num="516" count="11130" type="stmt"/>
        <line num="517" count="11130" type="stmt"/>
        <line num="520" count="11130" type="cond" truecount="2" falsecount="0"/>
        <line num="521" count="6200" type="cond" truecount="2" falsecount="0"/>
        <line num="522" count="6200" type="cond" truecount="2" falsecount="0"/>
        <line num="523" count="6200" type="cond" truecount="2" falsecount="0"/>
        <line num="524" count="4930" type="cond" truecount="2" falsecount="0"/>
        <line num="526" count="3083" type="cond" truecount="2" falsecount="0"/>
        <line num="531" count="11235" type="cond" truecount="2" falsecount="0"/>
        <line num="532" count="4504" type="stmt"/>
        <line num="533" count="6731" type="cond" truecount="2" falsecount="0"/>
        <line num="534" count="2071" type="stmt"/>
        <line num="535" count="4660" type="cond" truecount="2" falsecount="0"/>
        <line num="536" count="1335" type="stmt"/>
        <line num="537" count="3325" type="cond" truecount="2" falsecount="0"/>
        <line num="538" count="16" type="stmt"/>
        <line num="542" count="11235" type="cond" truecount="2" falsecount="0"/>
        <line num="546" count="526" type="stmt"/>
        <line num="548" count="11235" type="cond" truecount="2" falsecount="2"/>
        <line num="549" count="0" type="stmt"/>
        <line num="551" count="11235" type="cond" truecount="2" falsecount="0"/>
        <line num="552" count="1210" type="cond" truecount="1" falsecount="1"/>
        <line num="554" count="11235" type="cond" truecount="4" falsecount="0"/>
        <line num="556" count="1000" type="stmt"/>
        <line num="560" count="11235" type="cond" truecount="2" falsecount="0"/>
        <line num="561" count="5153" type="cond" truecount="5" falsecount="0"/>
        <line num="562" count="5113" type="cond" truecount="2" falsecount="0"/>
        <line num="563" count="4317" type="cond" truecount="2" falsecount="0"/>
        <line num="564" count="1898" type="cond" truecount="2" falsecount="0"/>
        <line num="565" count="1609" type="cond" truecount="1" falsecount="1"/>
        <line num="567" count="5153" type="cond" truecount="5" falsecount="0"/>
        <line num="568" count="6082" type="cond" truecount="4" falsecount="0"/>
        <line num="569" count="58" type="stmt"/>
        <line num="570" count="6024" type="cond" truecount="2" falsecount="0"/>
        <line num="571" count="1655" type="stmt"/>
        <line num="572" count="4369" type="cond" truecount="2" falsecount="0"/>
        <line num="573" count="372" type="stmt"/>
        <line num="577" count="11235" type="stmt"/>
        <line num="580" count="11235" type="cond" truecount="2" falsecount="0"/>
        <line num="581" count="995" type="stmt"/>
        <line num="582" count="995" type="stmt"/>
        <line num="583" count="995" type="stmt"/>
        <line num="585" count="995" type="cond" truecount="1" falsecount="1"/>
        <line num="586" count="995" type="cond" truecount="1" falsecount="1"/>
        <line num="590" count="11235" type="stmt"/>
        <line num="591" count="11235" type="cond" truecount="4" falsecount="0"/>
        <line num="592" count="7506" type="cond" truecount="4" falsecount="0"/>
        <line num="593" count="3314" type="stmt"/>
        <line num="594" count="3314" type="stmt"/>
        <line num="595" count="3314" type="stmt"/>
        <line num="600" count="11235" type="cond" truecount="1" falsecount="1"/>
        <line num="601" count="11235" type="stmt"/>
        <line num="602" count="11235" type="stmt"/>
        <line num="603" count="38666" type="cond" truecount="1" falsecount="1"/>
        <line num="606" count="11235" type="cond" truecount="2" falsecount="0"/>
        <line num="607" count="1802" type="stmt"/>
        <line num="608" count="1802" type="stmt"/>
        <line num="610" count="11235" type="cond" truecount="2" falsecount="0"/>
        <line num="611" count="3305" type="stmt"/>
        <line num="612" count="3305" type="stmt"/>
        <line num="613" count="3305" type="stmt"/>
        <line num="614" count="3305" type="stmt"/>
        <line num="618" count="11235" type="stmt"/>
        <line num="621" count="11235" type="stmt"/>
        <line num="622" count="11235" type="stmt"/>
        <line num="625" count="11235" type="cond" truecount="5" falsecount="0"/>
        <line num="626" count="871" type="cond" truecount="2" falsecount="0"/>
        <line num="629" count="11235" type="cond" truecount="1" falsecount="1"/>
        <line num="631" count="11235" type="cond" truecount="5" falsecount="0"/>
        <line num="632" count="974" type="cond" truecount="2" falsecount="0"/>
        <line num="635" count="11235" type="cond" truecount="1" falsecount="1"/>
        <line num="639" count="11235" type="cond" truecount="1" falsecount="1"/>
        <line num="640" count="11235" type="cond" truecount="1" falsecount="1"/>
        <line num="641" count="11235" type="stmt"/>
        <line num="643" count="11235" type="stmt"/>
        <line num="645" count="11235" type="stmt"/>
        <line num="648" count="11235" type="cond" truecount="1" falsecount="1"/>
        <line num="649" count="11235" type="cond" truecount="1" falsecount="1"/>
        <line num="653" count="11235" type="stmt"/>
        <line num="654" count="11235" type="stmt"/>
        <line num="655" count="11235" type="stmt"/>
        <line num="657" count="11235" type="stmt"/>
        <line num="658" count="11235" type="stmt"/>
        <line num="662" count="11235" type="cond" truecount="2" falsecount="0"/>
        <line num="664" count="250" type="stmt"/>
        <line num="665" count="250" type="stmt"/>
        <line num="666" count="10985" type="cond" truecount="2" falsecount="0"/>
        <line num="668" count="724" type="stmt"/>
        <line num="669" count="724" type="stmt"/>
        <line num="670" count="10261" type="cond" truecount="2" falsecount="0"/>
        <line num="672" count="245" type="stmt"/>
        <line num="673" count="245" type="stmt"/>
        <line num="674" count="10016" type="cond" truecount="1" falsecount="1"/>
        <line num="676" count="0" type="stmt"/>
        <line num="677" count="0" type="stmt"/>
        <line num="678" count="10016" type="cond" truecount="2" falsecount="0"/>
        <line num="680" count="871" type="stmt"/>
        <line num="681" count="871" type="stmt"/>
        <line num="682" count="9145" type="cond" truecount="1" falsecount="1"/>
        <line num="684" count="0" type="stmt"/>
        <line num="685" count="0" type="stmt"/>
        <line num="689" count="11235" type="cond" truecount="2" falsecount="0"/>
        <line num="690" count="11235" type="cond" truecount="2" falsecount="0"/>
        <line num="693" count="11235" type="cond" truecount="2" falsecount="0"/>
        <line num="694" count="11235" type="cond" truecount="2" falsecount="0"/>
        <line num="697" count="11235" type="stmt"/>
        <line num="698" count="11235" type="cond" truecount="2" falsecount="0"/>
        <line num="699" count="11235" type="cond" truecount="2" falsecount="0"/>
        <line num="702" count="11235" type="cond" truecount="4" falsecount="0"/>
        <line num="703" count="3593" type="stmt"/>
        <line num="705" count="11235" type="cond" truecount="4" falsecount="0"/>
        <line num="706" count="7642" type="stmt"/>
        <line num="710" count="11235" type="cond" truecount="2" falsecount="0"/>
        <line num="714" count="258" type="stmt"/>
        <line num="716" count="11235" type="cond" truecount="3" falsecount="1"/>
        <line num="717" count="0" type="stmt"/>
        <line num="726" count="11235" type="cond" truecount="2" falsecount="0"/>
        <line num="727" count="11235" type="cond" truecount="1" falsecount="1"/>
        <line num="728" count="11235" type="cond" truecount="2" falsecount="0"/>
        <line num="731" count="11235" type="cond" truecount="1" falsecount="1"/>
        <line num="732" count="0" type="stmt"/>
        <line num="733" count="0" type="cond" truecount="0" falsecount="2"/>
        <line num="736" count="0" type="cond" truecount="0" falsecount="2"/>
        <line num="738" count="0" type="stmt"/>
        <line num="739" count="0" type="stmt"/>
        <line num="740" count="0" type="stmt"/>
        <line num="741" count="0" type="cond" truecount="0" falsecount="2"/>
        <line num="743" count="0" type="stmt"/>
        <line num="744" count="0" type="stmt"/>
        <line num="747" count="0" type="cond" truecount="0" falsecount="2"/>
        <line num="749" count="0" type="stmt"/>
        <line num="750" count="0" type="stmt"/>
        <line num="755" count="11235" type="cond" truecount="2" falsecount="0"/>
        <line num="756" count="1257" type="stmt"/>
        <line num="757" count="1257" type="cond" truecount="1" falsecount="1"/>
        <line num="759" count="0" type="cond" truecount="0" falsecount="2"/>
        <line num="760" count="0" type="stmt"/>
        <line num="761" count="0" type="stmt"/>
        <line num="762" count="0" type="stmt"/>
        <line num="763" count="0" type="cond" truecount="0" falsecount="2"/>
        <line num="764" count="0" type="stmt"/>
        <line num="765" count="0" type="stmt"/>
        <line num="767" count="1257" type="cond" truecount="1" falsecount="1"/>
        <line num="769" count="1257" type="stmt"/>
        <line num="770" count="1257" type="stmt"/>
        <line num="775" count="11235" type="cond" truecount="4" falsecount="0"/>
        <line num="776" count="1257" type="stmt"/>
        <line num="778" count="1257" type="cond" truecount="2" falsecount="0"/>
        <line num="780" count="489" type="stmt"/>
        <line num="781" count="489" type="stmt"/>
        <line num="782" count="768" type="cond" truecount="2" falsecount="0"/>
        <line num="784" count="207" type="stmt"/>
        <line num="785" count="207" type="stmt"/>
        <line num="786" count="207" type="stmt"/>
        <line num="790" count="561" type="stmt"/>
        <line num="796" count="11235" type="cond" truecount="5" falsecount="0"/>
        <line num="797" count="1708" type="stmt"/>
        <line num="799" count="1708" type="cond" truecount="2" falsecount="0"/>
        <line num="800" count="957" type="stmt"/>
        <line num="801" count="957" type="stmt"/>
        <line num="804" count="1708" type="stmt"/>
        <line num="805" count="1708" type="stmt"/>
        <line num="809" count="11235" type="cond" truecount="2" falsecount="0"/>
        <line num="810" count="3704" type="cond" truecount="1" falsecount="1"/>
        <line num="811" count="3704" type="cond" truecount="3" falsecount="1"/>
        <line num="812" count="0" type="stmt"/>
        <line num="814" count="11235" type="cond" truecount="2" falsecount="0"/>
        <line num="815" count="2280" type="cond" truecount="2" falsecount="0"/>
        <line num="816" count="2280" type="cond" truecount="1" falsecount="1"/>
        <line num="820" count="11235" type="cond" truecount="4" falsecount="0"/>
        <line num="821" count="654" type="stmt"/>
        <line num="825" count="11235" type="cond" truecount="2" falsecount="0"/>
        <line num="826" count="984" type="cond" truecount="1" falsecount="1"/>
        <line num="827" count="984" type="stmt"/>
        <line num="828" count="984" type="stmt"/>
        <line num="830" count="11235" type="cond" truecount="4" falsecount="0"/>
        <line num="832" count="6668" type="stmt"/>
        <line num="833" count="6668" type="stmt"/>
        <line num="834" count="6668" type="cond" truecount="2" falsecount="0"/>
        <line num="836" count="11235" type="cond" truecount="1" falsecount="1"/>
        <line num="840" count="0" type="stmt"/>
        <line num="841" count="0" type="stmt"/>
        <line num="843" count="11235" type="cond" truecount="1" falsecount="1"/>
        <line num="848" count="0" type="stmt"/>
        <line num="852" count="11235" type="cond" truecount="2" falsecount="0"/>
        <line num="853" count="11235" type="cond" truecount="2" falsecount="0"/>
        <line num="856" count="11235" type="cond" truecount="1" falsecount="1"/>
        <line num="859" count="11235" type="cond" truecount="6" falsecount="0"/>
        <line num="860" count="2994" type="cond" truecount="1" falsecount="1"/>
        <line num="861" count="2994" type="cond" truecount="1" falsecount="1"/>
        <line num="862" count="2994" type="cond" truecount="1" falsecount="1"/>
        <line num="863" count="2994" type="cond" truecount="1" falsecount="1"/>
        <line num="868" count="11235" type="stmt"/>
        <line num="869" count="11235" type="cond" truecount="2" falsecount="0"/>
        <line num="870" count="11235" type="cond" truecount="4" falsecount="0"/>
        <line num="871" count="143" type="stmt"/>
        <line num="872" count="143" type="stmt"/>
        <line num="873" count="143" type="stmt"/>
        <line num="874" count="143" type="stmt"/>
        <line num="875" count="11092" type="cond" truecount="4" falsecount="0"/>
        <line num="876" count="90" type="stmt"/>
        <line num="877" count="90" type="stmt"/>
        <line num="878" count="90" type="stmt"/>
        <line num="883" count="11235" type="stmt"/>
        <line num="884" count="11235" type="cond" truecount="2" falsecount="0"/>
        <line num="885" count="11235" type="cond" truecount="2" falsecount="0"/>
        <line num="886" count="11235" type="cond" truecount="2" falsecount="0"/>
        <line num="887" count="11235" type="cond" truecount="2" falsecount="0"/>
        <line num="890" count="11235" type="stmt"/>
        <line num="891" count="11235" type="cond" truecount="2" falsecount="0"/>
        <line num="892" count="1730" type="stmt"/>
        <line num="893" count="1730" type="stmt"/>
        <line num="898" count="11235" type="stmt"/>
        <line num="899" count="11235" type="cond" truecount="2" falsecount="0"/>
        <line num="900" count="11235" type="cond" truecount="1" falsecount="1"/>
        <line num="902" count="11235" type="cond" truecount="4" falsecount="0"/>
        <line num="904" count="11235" type="cond" truecount="2" falsecount="0"/>
        <line num="905" count="2592" type="stmt"/>
        <line num="906" count="2592" type="stmt"/>
        <line num="907" count="2592" type="stmt"/>
        <line num="913" count="11235" type="cond" truecount="2" falsecount="0"/>
        <line num="915" count="3305" type="stmt"/>
        <line num="916" count="3305" type="stmt"/>
        <line num="917" count="3305" type="stmt"/>
        <line num="918" count="3305" type="stmt"/>
        <line num="920" count="11235" type="cond" truecount="2" falsecount="0"/>
        <line num="922" count="3984" type="stmt"/>
        <line num="923" count="3984" type="stmt"/>
        <line num="928" count="11235" type="cond" truecount="2" falsecount="0"/>
        <line num="929" count="2280" type="cond" truecount="3" falsecount="1"/>
        <line num="930" count="0" type="stmt"/>
        <line num="931" count="0" type="stmt"/>
        <line num="932" count="0" type="stmt"/>
        <line num="933" count="0" type="stmt"/>
        <line num="936" count="2280" type="stmt"/>
        <line num="937" count="2280" type="stmt"/>
        <line num="941" count="11235" type="stmt"/>
        <line num="946" count="11235" type="cond" truecount="2" falsecount="0"/>
        <line num="950" count="11235" type="cond" truecount="2" falsecount="0"/>
        <line num="952" count="11235" type="cond" truecount="5" falsecount="0"/>
        <line num="954" count="345" type="stmt"/>
        <line num="957" count="345" type="stmt"/>
        <line num="960" count="345" type="stmt"/>
        <line num="961" count="345" type="stmt"/>
        <line num="964" count="345" type="cond" truecount="2" falsecount="0"/>
        <line num="965" count="178" type="stmt"/>
        <line num="966" count="178" type="stmt"/>
        <line num="970" count="345" type="cond" truecount="5" falsecount="0"/>
        <line num="971" count="23" type="stmt"/>
        <line num="972" count="23" type="stmt"/>
        <line num="973" count="23" type="stmt"/>
        <line num="978" count="11235" type="cond" truecount="4" falsecount="0"/>
        <line num="979" count="3854" type="stmt"/>
        <line num="980" count="3854" type="stmt"/>
        <line num="981" count="3854" type="stmt"/>
        <line num="983" count="11235" type="cond" truecount="2" falsecount="0"/>
        <line num="987" count="932" type="stmt"/>
        <line num="988" count="932" type="stmt"/>
        <line num="989" count="932" type="stmt"/>
        <line num="991" count="11235" type="cond" truecount="2" falsecount="0"/>
        <line num="992" count="548" type="stmt"/>
        <line num="993" count="548" type="stmt"/>
        <line num="997" count="11235" type="cond" truecount="2" falsecount="0"/>
        <line num="998" count="211" type="stmt"/>
        <line num="999" count="211" type="stmt"/>
        <line num="1000" count="211" type="stmt"/>
        <line num="1001" count="211" type="stmt"/>
        <line num="1005" count="11235" type="cond" truecount="2" falsecount="0"/>
        <line num="1006" count="3657" type="stmt"/>
        <line num="1007" count="3657" type="stmt"/>
        <line num="1008" count="3657" type="stmt"/>
        <line num="1009" count="7578" type="cond" truecount="2" falsecount="0"/>
        <line num="1010" count="5421" type="stmt"/>
        <line num="1011" count="5421" type="stmt"/>
        <line num="1012" count="5421" type="stmt"/>
        <line num="1016" count="11235" type="cond" truecount="2" falsecount="0"/>
        <line num="1018" count="3621" type="stmt"/>
        <line num="1019" count="3621" type="stmt"/>
        <line num="1020" count="3621" type="stmt"/>
        <line num="1021" count="7614" type="cond" truecount="2" falsecount="0"/>
        <line num="1023" count="1701" type="stmt"/>
        <line num="1024" count="1701" type="stmt"/>
        <line num="1025" count="1701" type="stmt"/>
        <line num="1026" count="1701" type="stmt"/>
        <line num="1027" count="5913" type="cond" truecount="4" falsecount="0"/>
        <line num="1029" count="63" type="stmt"/>
        <line num="1030" count="63" type="stmt"/>
        <line num="1034" count="11235" type="cond" truecount="4" falsecount="0"/>
        <line num="1035" count="3255" type="stmt"/>
        <line num="1036" count="3255" type="stmt"/>
        <line num="1038" count="3255" type="cond" truecount="2" falsecount="0"/>
        <line num="1042" count="11235" type="cond" truecount="4" falsecount="0"/>
        <line num="1043" count="852" type="stmt"/>
        <line num="1044" count="852" type="stmt"/>
        <line num="1048" count="101115" type="stmt"/>
        <line num="1049" count="11235" type="stmt"/>
        <line num="1050" count="11235" type="stmt"/>
        <line num="1051" count="11235" type="stmt"/>
        <line num="1052" count="36463" type="stmt"/>
        <line num="1053" count="36463" type="cond" truecount="2" falsecount="0"/>
        <line num="1054" count="11235" type="stmt"/>
        <line num="1055" count="11235" type="stmt"/>
        <line num="1059" count="11235" type="stmt"/>
        <line num="1061" count="11235" type="cond" truecount="2" falsecount="0"/>
        <line num="1062" count="704" type="stmt"/>
        <line num="1063" count="704" type="stmt"/>
        <line num="1064" count="704" type="stmt"/>
        <line num="1065" count="704" type="stmt"/>
        <line num="1066" count="10531" type="cond" truecount="4" falsecount="0"/>
        <line num="1067" count="311" type="stmt"/>
        <line num="1068" count="311" type="stmt"/>
        <line num="1070" count="10220" type="stmt"/>
        <line num="1072" count="11235" type="stmt"/>
        <line num="1077" count="2" type="stmt"/>
        <line num="1079" count="2" type="stmt"/>
        <line num="1080" count="2" type="stmt"/>
        <line num="1082" count="2" type="cond" truecount="0" falsecount="1"/>
        <line num="1083" count="21455" type="stmt"/>
        <line num="1084" count="21455" type="cond" truecount="2" falsecount="0"/>
        <line num="1085" count="98" type="stmt"/>
        <line num="1098" count="21455" type="stmt"/>
        <line num="1103" count="200" type="cond" truecount="1" falsecount="1"/>
        <line num="1104" count="200" type="stmt"/>
        <line num="1105" count="200" type="stmt"/>
        <line num="1107" count="200" type="cond" truecount="2" falsecount="2"/>
        <line num="1109" count="0" type="cond" truecount="0" falsecount="2"/>
        <line num="1110" count="0" type="stmt"/>
        <line num="1113" count="2" type="stmt"/>
        <line num="1114" count="200" type="cond" truecount="4" falsecount="1"/>
        <line num="1115" count="200" type="stmt"/>
        <line num="1117" count="2392" type="stmt"/>
        <line num="1118" count="2392" type="cond" truecount="6" falsecount="0"/>
        <line num="1120" count="5692" type="stmt"/>
        <line num="1122" count="200" type="stmt"/>
        <line num="1123" count="200" type="stmt"/>
        <line num="1124" count="200" type="stmt"/>
        <line num="1125" count="2200" type="stmt"/>
        <line num="1126" count="2200" type="stmt"/>
        <line num="1127" count="2200" type="stmt"/>
        <line num="1129" count="200" type="cond" truecount="1" falsecount="1"/>
        <line num="1140" count="100" type="stmt"/>
        <line num="1141" count="100" type="stmt"/>
        <line num="1143" count="100" type="stmt"/>
        <line num="1144" count="100" type="stmt"/>
        <line num="1145" count="100" type="stmt"/>
        <line num="1146" count="100" type="stmt"/>
        <line num="1148" count="100" type="stmt"/>
        <line num="1149" count="100" type="stmt"/>
        <line num="1150" count="100" type="stmt"/>
        <line num="1151" count="100" type="stmt"/>
        <line num="1152" count="100" type="stmt"/>
        <line num="1153" count="100" type="stmt"/>
        <line num="1154" count="100" type="stmt"/>
        <line num="1155" count="100" type="stmt"/>
        <line num="1156" count="100" type="stmt"/>
        <line num="1157" count="100" type="stmt"/>
        <line num="1158" count="100" type="stmt"/>
        <line num="1165" count="100" type="stmt"/>
        <line num="1166" count="100" type="stmt"/>
        <line num="1169" count="100" type="cond" truecount="2" falsecount="0"/>
        <line num="1172" count="100" type="cond" truecount="4" falsecount="0"/>
        <line num="1175" count="100" type="stmt"/>
        <line num="1179" count="100" type="cond" truecount="2" falsecount="0"/>
        <line num="1180" count="1100" type="cond" truecount="2" falsecount="0"/>
        <line num="1181" count="180" type="cond" truecount="2" falsecount="0"/>
        <line num="1182" count="100" type="cond" truecount="2" falsecount="0"/>
        <line num="1184" count="100" type="stmt"/>
        <line num="1187" count="1008" type="stmt"/>
        <line num="1192" count="1100" type="stmt"/>
        <line num="1201" count="100" type="cond" truecount="1" falsecount="1"/>
        <line num="1202" count="100" type="cond" truecount="1" falsecount="1"/>
        <line num="1204" count="100" type="stmt"/>
        <line num="1205" count="1875" type="cond" truecount="6" falsecount="0"/>
        <line num="1207" count="1842" type="cond" truecount="4" falsecount="0"/>
        <line num="1208" count="1842" type="stmt"/>
        <line num="1209" count="1842" type="cond" truecount="1" falsecount="1"/>
        <line num="1212" count="1842" type="cond" truecount="1" falsecount="1"/>
        <line num="1215" count="1842" type="cond" truecount="2" falsecount="0"/>
        <line num="1217" count="1842" type="stmt"/>
        <line num="1218" count="1842" type="stmt"/>
        <line num="1219" count="11280" type="cond" truecount="6" falsecount="0"/>
        <line num="1221" count="11235" type="stmt"/>
        <line num="1222" count="11235" type="stmt"/>
        <line num="1224" count="11235" type="cond" truecount="3" falsecount="1"/>
        <line num="1226" count="11235" type="stmt"/>
        <line num="1227" count="11235" type="cond" truecount="2" falsecount="0"/>
        <line num="1228" count="5153" type="stmt"/>
        <line num="1229" count="5153" type="stmt"/>
        <line num="1230" count="5153" type="cond" truecount="1" falsecount="1"/>
        <line num="1233" count="11235" type="stmt"/>
        <line num="1261" count="11235" type="stmt"/>
        <line num="1262" count="11235" type="stmt"/>
        <line num="1264" count="11235" type="cond" truecount="2" falsecount="0"/>
        <line num="1266" count="11235" type="stmt"/>
        <line num="1276" count="11235" type="cond" truecount="2" falsecount="0"/>
        <line num="1277" count="10924" type="cond" truecount="2" falsecount="0"/>
        <line num="1278" count="100" type="stmt"/>
        <line num="1279" count="100" type="stmt"/>
        <line num="1280" count="100" type="stmt"/>
        <line num="1282" count="10924" type="stmt"/>
        <line num="1283" count="10924" type="stmt"/>
        <line num="1286" count="11235" type="stmt"/>
        <line num="1287" count="11235" type="stmt"/>
        <line num="1288" count="11235" type="cond" truecount="2" falsecount="0"/>
        <line num="1290" count="11235" type="cond" truecount="2" falsecount="0"/>
        <line num="1291" count="704" type="stmt"/>
        <line num="1292" count="704" type="stmt"/>
        <line num="1293" count="704" type="stmt"/>
        <line num="1296" count="704" type="cond" truecount="4" falsecount="0"/>
        <line num="1297" count="635" type="stmt"/>
        <line num="1304" count="704" type="stmt"/>
        <line num="1305" count="704" type="stmt"/>
        <line num="1306" count="704" type="stmt"/>
        <line num="1307" count="704" type="stmt"/>
        <line num="1308" count="704" type="stmt"/>
        <line num="1309" count="704" type="stmt"/>
        <line num="1310" count="704" type="stmt"/>
        <line num="1311" count="704" type="stmt"/>
        <line num="1312" count="704" type="stmt"/>
        <line num="1315" count="704" type="stmt"/>
        <line num="1320" count="704" type="cond" truecount="2" falsecount="0"/>
        <line num="1321" count="669" type="stmt"/>
        <line num="1322" count="669" type="stmt"/>
        <line num="1323" count="669" type="stmt"/>
        <line num="1326" count="704" type="cond" truecount="2" falsecount="0"/>
        <line num="1327" count="675" type="stmt"/>
        <line num="1328" count="675" type="stmt"/>
        <line num="1330" count="675" type="stmt"/>
        <line num="1338" count="29" type="stmt"/>
        <line num="1341" count="10531" type="cond" truecount="2" falsecount="0"/>
        <line num="1342" count="10220" type="stmt"/>
        <line num="1343" count="10220" type="stmt"/>
        <line num="1344" count="10220" type="stmt"/>
        <line num="1345" count="10220" type="stmt"/>
        <line num="1347" count="10220" type="cond" truecount="2" falsecount="0"/>
        <line num="1348" count="2230" type="stmt"/>
        <line num="1350" count="2230" type="cond" truecount="2" falsecount="0"/>
        <line num="1351" count="2230" type="stmt"/>
        <line num="1356" count="7990" type="stmt"/>
        <line num="1358" count="7990" type="cond" truecount="2" falsecount="0"/>
        <line num="1359" count="2376" type="stmt"/>
        <line num="1360" count="2376" type="stmt"/>
        <line num="1365" count="5614" type="stmt"/>
        <line num="1369" count="10220" type="stmt"/>
        <line num="1370" count="10220" type="stmt"/>
        <line num="1371" count="10220" type="stmt"/>
        <line num="1372" count="10220" type="stmt"/>
        <line num="1374" count="10220" type="cond" truecount="2" falsecount="0"/>
        <line num="1375" count="1254" type="stmt"/>
        <line num="1376" count="1254" type="stmt"/>
        <line num="1378" count="10220" type="cond" truecount="2" falsecount="0"/>
        <line num="1379" count="976" type="stmt"/>
        <line num="1380" count="976" type="stmt"/>
        <line num="1383" count="10220" type="cond" truecount="2" falsecount="0"/>
        <line num="1384" count="3639" type="stmt"/>
        <line num="1388" count="11235" type="cond" truecount="2" falsecount="0"/>
        <line num="1389" count="10924" type="stmt"/>
        <line num="1390" count="10924" type="stmt"/>
        <line num="1394" count="1842" type="stmt"/>
        <line num="1395" count="1842" type="stmt"/>
        <line num="1396" count="1842" type="cond" truecount="2" falsecount="0"/>
        <line num="1400" count="100" type="cond" truecount="4" falsecount="0"/>
        <line num="1401" count="69" type="stmt"/>
        <line num="1408" count="100" type="stmt"/>
        <line num="1409" count="1100" type="cond" truecount="2" falsecount="0"/>
        <line num="1413" count="100" type="stmt"/>
        <line num="1414" count="1008" type="stmt"/>
        <line num="1417" count="100" type="stmt"/>
        <line num="1432" count="0" type="stmt"/>
        <line num="1433" count="0" type="stmt"/>
        <line num="1434" count="0" type="stmt"/>
        <line num="1435" count="0" type="stmt"/>
        <line num="1436" count="0" type="stmt"/>
        <line num="1438" count="0" type="cond" truecount="0" falsecount="2"/>
        <line num="1439" count="0" type="cond" truecount="0" falsecount="3"/>
        <line num="1442" count="0" type="stmt"/>
        <line num="1443" count="0" type="stmt"/>
        <line num="1458" count="0" type="stmt"/>
        <line num="1459" count="0" type="cond" truecount="0" falsecount="2"/>
        <line num="1460" count="0" type="cond" truecount="0" falsecount="2"/>
        <line num="1462" count="0" type="stmt"/>
        <line num="1465" count="0" type="stmt"/>
        <line num="1466" count="0" type="stmt"/>
        <line num="1468" count="0" type="cond" truecount="0" falsecount="2"/>
        <line num="1469" count="0" type="cond" truecount="0" falsecount="2"/>
        <line num="1471" count="0" type="stmt"/>
        <line num="1478" count="50" type="cond" truecount="2" falsecount="0"/>
        <line num="1480" count="50" type="cond" truecount="2" falsecount="0"/>
        <line num="1481" count="50" type="cond" truecount="2" falsecount="0"/>
        <line num="1482" count="50" type="stmt"/>
        <line num="1483" count="50" type="stmt"/>
        <line num="1485" count="50" type="stmt"/>
        <line num="1488" count="50" type="cond" truecount="2" falsecount="0"/>
        <line num="1489" count="17" type="stmt"/>
        <line num="1490" count="17" type="stmt"/>
        <line num="1491" count="33" type="cond" truecount="2" falsecount="0"/>
        <line num="1492" count="14" type="stmt"/>
        <line num="1493" count="14" type="stmt"/>
        <line num="1495" count="19" type="cond" truecount="2" falsecount="0"/>
        <line num="1496" count="10" type="stmt"/>
        <line num="1497" count="10" type="stmt"/>
        <line num="1500" count="50" type="cond" truecount="2" falsecount="0"/>
        <line num="1501" count="27" type="stmt"/>
        <line num="1502" count="27" type="stmt"/>
        <line num="1504" count="23" type="stmt"/>
        <line num="1505" count="23" type="stmt"/>
        <line num="1508" count="50" type="stmt"/>
        <line num="1509" count="50" type="stmt"/>
        <line num="1511" count="50" type="stmt"/>
        <line num="1512" count="50" type="stmt"/>
        <line num="1516" count="50" type="cond" truecount="1" falsecount="1"/>
        <line num="1518" count="0" type="stmt"/>
        <line num="1519" count="0" type="stmt"/>
        <line num="1520" count="0" type="stmt"/>
        <line num="1522" count="50" type="cond" truecount="2" falsecount="0"/>
        <line num="1523" count="50" type="cond" truecount="2" falsecount="0"/>
        <line num="1526" count="50" type="cond" truecount="2" falsecount="0"/>
        <line num="1527" count="50" type="cond" truecount="2" falsecount="0"/>
        <line num="1529" count="50" type="stmt"/>
        <line num="1531" count="50" type="stmt"/>
        <line num="1558" count="3" type="cond" truecount="3" falsecount="1"/>
        <line num="1559" count="0" type="stmt"/>
        <line num="1562" count="3" type="stmt"/>
        <line num="1563" count="65" type="stmt"/>
        <line num="1564" count="48" type="stmt"/>
        <line num="1565" count="66" type="stmt"/>
        <line num="1568" count="3" type="stmt"/>
        <line num="1569" count="12" type="cond" truecount="1" falsecount="1"/>
        <line num="1571" count="12" type="stmt"/>
        <line num="1572" count="14" type="stmt"/>
        <line num="1579" count="144" type="stmt"/>
        <line num="1580" count="12" type="stmt"/>
        <line num="1593" count="3" type="stmt"/>
        <line num="1597" count="90" type="stmt"/>
        <line num="1598" count="90" type="stmt"/>
        <line num="1599" count="36" type="cond" truecount="3" falsecount="1"/>
        <line num="1601" count="36" type="stmt"/>
        <line num="1602" count="36" type="stmt"/>
        <line num="1604" count="36" type="cond" truecount="1" falsecount="1"/>
        <line num="1605" count="0" type="stmt"/>
        <line num="1606" count="0" type="stmt"/>
        <line num="1607" count="36" type="cond" truecount="2" falsecount="0"/>
        <line num="1608" count="19" type="stmt"/>
        <line num="1609" count="19" type="stmt"/>
        <line num="1610" count="19" type="stmt"/>
        <line num="1612" count="17" type="stmt"/>
        <line num="1613" count="17" type="stmt"/>
        <line num="1614" count="17" type="stmt"/>
        <line num="1618" count="36" type="stmt"/>
        <line num="1619" count="36" type="stmt"/>
        <line num="1622" count="36" type="stmt"/>
        <line num="1623" count="72" type="stmt"/>
        <line num="1625" count="72" type="cond" truecount="3" falsecount="1"/>
        <line num="1626" count="72" type="cond" truecount="2" falsecount="0"/>
        <line num="1628" count="72" type="cond" truecount="3" falsecount="1"/>
        <line num="1629" count="72" type="stmt"/>
        <line num="1631" count="72" type="cond" truecount="2" falsecount="0"/>
        <line num="1634" count="72" type="stmt"/>
        <line num="1635" count="72" type="stmt"/>
        <line num="1638" count="72" type="stmt"/>
        <line num="1639" count="72" type="stmt"/>
        <line num="1643" count="36" type="stmt"/>
        <line num="1644" count="36" type="stmt"/>
        <line num="1648" count="3" type="stmt"/>
        <line num="1649" count="12" type="stmt"/>
        <line num="1650" count="48" type="cond" truecount="2" falsecount="0"/>
        <line num="1651" count="36" type="stmt"/>
        <line num="1652" count="36" type="stmt"/>
        <line num="1653" count="36" type="stmt"/>
        <line num="1658" count="3" type="stmt"/>
        <line num="1663" count="3" type="stmt"/>
        <line num="1664" count="12" type="cond" truecount="1" falsecount="1"/>
        <line num="1665" count="12" type="cond" truecount="1" falsecount="1"/>
        <line num="1666" count="12" type="stmt"/>
        <line num="1669" count="3" type="stmt"/>
        <line num="1670" count="17" type="cond" truecount="2" falsecount="0"/>
        <line num="1674" count="3" type="stmt"/>
        <line num="1675" count="3" type="stmt"/>
        <line num="1676" count="3" type="stmt"/>
        <line num="1678" count="3" type="cond" truecount="1" falsecount="1"/>
        <line num="1679" count="3" type="stmt"/>
        <line num="1680" count="3" type="stmt"/>
        <line num="1683" count="3" type="cond" truecount="2" falsecount="0"/>
        <line num="1685" count="3" type="cond" truecount="2" falsecount="0"/>
        <line num="1687" count="3" type="cond" truecount="1" falsecount="1"/>
        <line num="1689" count="3" type="stmt"/>
        <line num="1690" count="3" type="cond" truecount="2" falsecount="0"/>
        <line num="1692" count="3" type="stmt"/>
        <line num="1694" count="3" type="cond" truecount="2" falsecount="0"/>
        <line num="1695" count="3" type="cond" truecount="2" falsecount="0"/>
        <line num="1697" count="3" type="stmt"/>
        <line num="1698" count="0" type="cond" truecount="0" falsecount="2"/>
        <line num="1700" count="0" type="stmt"/>
        <line num="1701" count="0" type="stmt"/>
        <line num="1703" count="0" type="stmt"/>
        <line num="1705" count="0" type="stmt"/>
        <line num="1709" count="3" type="cond" truecount="1" falsecount="0"/>
        <line num="1710" count="12" type="stmt"/>
        <line num="1711" count="12" type="stmt"/>
        <line num="1712" count="308" type="cond" truecount="2" falsecount="0"/>
        <line num="1713" count="30" type="stmt"/>
        <line num="1716" count="12" type="stmt"/>
        <line num="1719" count="3" type="cond" truecount="1" falsecount="0"/>
        <line num="1720" count="3" type="stmt"/>
        <line num="1721" count="3" type="stmt"/>
        <line num="1722" count="77" type="stmt"/>
        <line num="1723" count="77" type="cond" truecount="2" falsecount="0"/>
        <line num="1724" count="67" type="stmt"/>
        <line num="1725" count="67" type="cond" truecount="2" falsecount="0"/>
        <line num="1726" count="5" type="stmt"/>
        <line num="1730" count="3" type="stmt"/>
        <line num="1733" count="3" type="cond" truecount="1" falsecount="0"/>
        <line num="1734" count="3" type="stmt"/>
        <line num="1735" count="3" type="stmt"/>
        <line num="1736" count="77" type="stmt"/>
        <line num="1737" count="77" type="cond" truecount="2" falsecount="0"/>
        <line num="1738" count="42" type="stmt"/>
        <line num="1739" count="42" type="cond" truecount="2" falsecount="0"/>
        <line num="1740" count="13" type="stmt"/>
        <line num="1744" count="3" type="cond" truecount="1" falsecount="1"/>
        <line num="1747" count="3" type="stmt"/>
        <line num="1748" count="3" type="stmt"/>
        <line num="1749" count="3" type="stmt"/>
        <line num="1750" count="77" type="stmt"/>
        <line num="1752" count="77" type="stmt"/>
        <line num="1753" count="77" type="cond" truecount="2" falsecount="0"/>
        <line num="1754" count="7" type="stmt"/>
        <line num="1757" count="3" type="stmt"/>
        <line num="1760" count="3" type="stmt"/>
        <line num="1763" count="12" type="stmt"/>
        <line num="1778" count="77" type="cond" truecount="2" falsecount="0"/>
        <line num="1787" count="2" type="stmt"/>
        <line num="1788" count="2" type="stmt"/>
        <line num="1791" count="2" type="stmt"/>
        <line num="1792" count="2" type="stmt"/>
        <line num="1795" count="3" type="stmt"/>
        <line num="1797" count="3" type="cond" truecount="2" falsecount="2"/>
        <line num="1798" count="3" type="stmt"/>
        <line num="1802" count="3" type="stmt"/>
        <line num="1806" count="0" type="stmt"/>
        <line num="1809" count="0" type="cond" truecount="0" falsecount="4"/>
        <line num="1810" count="0" type="cond" truecount="0" falsecount="2"/>
        <line num="1812" count="0" type="stmt"/>
        <line num="1816" count="0" type="stmt"/>
        <line num="1859" count="0" type="stmt"/>
        <line num="1860" count="0" type="stmt"/>
        <line num="1863" count="0" type="stmt"/>
        <line num="1869" count="0" type="stmt"/>
        <line num="1870" count="0" type="stmt"/>
        <line num="1871" count="0" type="cond" truecount="0" falsecount="4"/>
        <line num="1872" count="0" type="stmt"/>
        <line num="1875" count="0" type="stmt"/>
        <line num="1878" count="0" type="cond" truecount="0" falsecount="4"/>
        <line num="1879" count="0" type="stmt"/>
        <line num="1880" count="0" type="stmt"/>
        <line num="1881" count="0" type="cond" truecount="0" falsecount="2"/>
        <line num="1882" count="0" type="stmt"/>
        <line num="1883" count="0" type="stmt"/>
        <line num="1888" count="0" type="stmt"/>
        <line num="1889" count="0" type="stmt"/>
        <line num="1891" count="0" type="stmt"/>
        <line num="1892" count="0" type="stmt"/>
        <line num="1893" count="0" type="stmt"/>
        <line num="1894" count="0" type="stmt"/>
        <line num="1896" count="0" type="stmt"/>
        <line num="1897" count="0" type="stmt"/>
        <line num="1911" count="0" type="stmt"/>
        <line num="1912" count="0" type="stmt"/>
        <line num="1923" count="0" type="stmt"/>
        <line num="1935" count="0" type="stmt"/>
        <line num="1936" count="0" type="stmt"/>
        <line num="1937" count="0" type="stmt"/>
        <line num="1938" count="0" type="stmt"/>
        <line num="1939" count="0" type="stmt"/>
        <line num="1940" count="0" type="stmt"/>
        <line num="1941" count="0" type="cond" truecount="0" falsecount="2"/>
        <line num="1942" count="0" type="stmt"/>
        <line num="1943" count="0" type="stmt"/>
        <line num="1948" count="0" type="cond" truecount="0" falsecount="4"/>
        <line num="1949" count="0" type="stmt"/>
        <line num="1952" count="0" type="stmt"/>
        <line num="1953" count="0" type="stmt"/>
        <line num="1955" count="0" type="stmt"/>
        <line num="1961" count="0" type="stmt"/>
        <line num="1967" count="0" type="stmt"/>
        <line num="1968" count="0" type="stmt"/>
        <line num="1969" count="0" type="stmt"/>
        <line num="1976" count="0" type="stmt"/>
        <line num="1977" count="0" type="stmt"/>
        <line num="1978" count="0" type="stmt"/>
        <line num="1981" count="0" type="stmt"/>
        <line num="1982" count="0" type="stmt"/>
        <line num="1986" count="2" type="stmt"/>
      </file>
      <file name="auth.js" path="D:\auction-multiplayer\auth.js">
        <metrics statements="145" coveredstatements="0" conditionals="95" coveredconditionals="0" methods="17" coveredmethods="0"/>
        <line num="2" count="0" type="stmt"/>
        <line num="3" count="0" type="stmt"/>
        <line num="5" count="0" type="stmt"/>
        <line num="9" count="0" type="stmt"/>
        <line num="10" count="0" type="stmt"/>
        <line num="11" count="0" type="stmt"/>
        <line num="12" count="0" type="stmt"/>
        <line num="14" count="0" type="stmt"/>
        <line num="19" count="0" type="stmt"/>
        <line num="20" count="0" type="cond" truecount="0" falsecount="2"/>
        <line num="21" count="0" type="stmt"/>
        <line num="23" count="0" type="stmt"/>
        <line num="24" count="0" type="stmt"/>
        <line num="25" count="0" type="stmt"/>
        <line num="26" count="0" type="stmt"/>
        <line num="27" count="0" type="stmt"/>
        <line num="28" count="0" type="stmt"/>
        <line num="29" count="0" type="stmt"/>
        <line num="30" count="0" type="stmt"/>
        <line num="35" count="0" type="stmt"/>
        <line num="36" count="0" type="cond" truecount="0" falsecount="2"/>
        <line num="38" count="0" type="stmt"/>
        <line num="39" count="0" type="stmt"/>
        <line num="41" count="0" type="stmt"/>
        <line num="42" count="0" type="stmt"/>
        <line num="45" count="0" type="stmt"/>
        <line num="47" count="0" type="cond" truecount="0" falsecount="2"/>
        <line num="50" count="0" type="stmt"/>
        <line num="51" count="0" type="stmt"/>
        <line num="53" count="0" type="stmt"/>
        <line num="54" count="0" type="cond" truecount="0" falsecount="2"/>
        <line num="57" count="0" type="stmt"/>
        <line num="58" count="0" type="stmt"/>
        <line num="59" count="0" type="stmt"/>
        <line num="60" count="0" type="stmt"/>
        <line num="61" count="0" type="stmt"/>
        <line num="62" count="0" type="stmt"/>
        <line num="63" count="0" type="stmt"/>
        <line num="66" count="0" type="stmt"/>
        <line num="67" count="0" type="stmt"/>
        <line num="78" count="0" type="cond" truecount="0" falsecount="2"/>
        <line num="79" count="0" type="stmt"/>
        <line num="80" count="0" type="stmt"/>
        <line num="88" count="0" type="cond" truecount="0" falsecount="2"/>
        <line num="89" count="0" type="stmt"/>
        <line num="92" count="0" type="stmt"/>
        <line num="99" count="0" type="cond" truecount="0" falsecount="2"/>
        <line num="100" count="0" type="stmt"/>
        <line num="104" count="0" type="stmt"/>
        <line num="111" count="0" type="cond" truecount="0" falsecount="2"/>
        <line num="112" count="0" type="stmt"/>
        <line num="115" count="0" type="stmt"/>
        <line num="118" count="0" type="stmt"/>
        <line num="119" count="0" type="stmt"/>
        <line num="120" count="0" type="stmt"/>
        <line num="121" count="0" type="stmt"/>
        <line num="126" count="0" type="stmt"/>
        <line num="127" count="0" type="stmt"/>
        <line num="130" count="0" type="stmt"/>
        <line num="131" count="0" type="stmt"/>
        <line num="132" count="0" type="stmt"/>
        <line num="133" count="0" type="cond" truecount="0" falsecount="2"/>
        <line num="134" count="0" type="stmt"/>
        <line num="137" count="0" type="cond" truecount="0" falsecount="2"/>
        <line num="138" count="0" type="stmt"/>
        <line num="139" count="0" type="cond" truecount="0" falsecount="2"/>
        <line num="140" count="0" type="stmt"/>
        <line num="142" count="0" type="cond" truecount="0" falsecount="2"/>
        <line num="143" count="0" type="cond" truecount="0" falsecount="2"/>
        <line num="144" count="0" type="cond" truecount="0" falsecount="2"/>
        <line num="145" count="0" type="cond" truecount="0" falsecount="2"/>
        <line num="147" count="0" type="cond" truecount="0" falsecount="2"/>
        <line num="148" count="0" type="stmt"/>
        <line num="149" count="0" type="stmt"/>
        <line num="152" count="0" type="stmt"/>
        <line num="155" count="0" type="stmt"/>
        <line num="159" count="0" type="cond" truecount="0" falsecount="8"/>
        <line num="161" count="0" type="stmt"/>
        <line num="165" count="0" type="stmt"/>
        <line num="166" count="0" type="cond" truecount="0" falsecount="4"/>
        <line num="167" count="0" type="cond" truecount="0" falsecount="2"/>
        <line num="169" count="0" type="stmt"/>
        <line num="170" count="0" type="cond" truecount="0" falsecount="4"/>
        <line num="171" count="0" type="stmt"/>
        <line num="177" count="0" type="stmt"/>
        <line num="178" count="0" type="cond" truecount="0" falsecount="4"/>
        <line num="180" count="0" type="stmt"/>
        <line num="193" count="0" type="stmt"/>
        <line num="194" count="0" type="stmt"/>
        <line num="195" count="0" type="cond" truecount="0" falsecount="2"/>
        <line num="196" count="0" type="stmt"/>
        <line num="197" count="0" type="stmt"/>
        <line num="201" count="0" type="stmt"/>
        <line num="202" count="0" type="stmt"/>
        <line num="207" count="0" type="stmt"/>
        <line num="209" count="0" type="stmt"/>
        <line num="215" count="0" type="cond" truecount="0" falsecount="2"/>
        <line num="216" count="0" type="stmt"/>
        <line num="217" count="0" type="cond" truecount="0" falsecount="2"/>
        <line num="220" count="0" type="stmt"/>
        <line num="227" count="0" type="stmt"/>
        <line num="228" count="0" type="stmt"/>
        <line num="231" count="0" type="stmt"/>
        <line num="232" count="0" type="stmt"/>
        <line num="235" count="0" type="stmt"/>
        <line num="236" count="0" type="stmt"/>
        <line num="237" count="0" type="cond" truecount="0" falsecount="2"/>
        <line num="238" count="0" type="cond" truecount="0" falsecount="2"/>
        <line num="241" count="0" type="stmt"/>
        <line num="244" count="0" type="stmt"/>
        <line num="247" count="0" type="cond" truecount="0" falsecount="2"/>
        <line num="248" count="0" type="stmt"/>
        <line num="252" count="0" type="stmt"/>
        <line num="253" count="0" type="stmt"/>
        <line num="254" count="0" type="stmt"/>
        <line num="256" count="0" type="cond" truecount="0" falsecount="2"/>
        <line num="257" count="0" type="stmt"/>
        <line num="262" count="0" type="stmt"/>
        <line num="263" count="0" type="cond" truecount="0" falsecount="2"/>
        <line num="264" count="0" type="stmt"/>
        <line num="268" count="0" type="cond" truecount="0" falsecount="2"/>
        <line num="269" count="0" type="stmt"/>
        <line num="270" count="0" type="stmt"/>
        <line num="276" count="0" type="stmt"/>
        <line num="283" count="0" type="cond" truecount="0" falsecount="2"/>
        <line num="284" count="0" type="stmt"/>
        <line num="285" count="0" type="cond" truecount="0" falsecount="2"/>
        <line num="286" count="0" type="stmt"/>
        <line num="304" count="0" type="stmt"/>
        <line num="305" count="0" type="stmt"/>
        <line num="306" count="0" type="cond" truecount="0" falsecount="2"/>
        <line num="307" count="0" type="stmt"/>
        <line num="314" count="0" type="cond" truecount="0" falsecount="2"/>
        <line num="315" count="0" type="stmt"/>
        <line num="344" count="0" type="stmt"/>
        <line num="345" count="0" type="cond" truecount="0" falsecount="2"/>
        <line num="346" count="0" type="stmt"/>
        <line num="347" count="0" type="stmt"/>
        <line num="348" count="0" type="stmt"/>
        <line num="354" count="0" type="cond" truecount="0" falsecount="2"/>
        <line num="355" count="0" type="stmt"/>
        <line num="356" count="0" type="stmt"/>
        <line num="357" count="0" type="stmt"/>
        <line num="362" count="0" type="stmt"/>
        <line num="363" count="0" type="stmt"/>
      </file>
      <file name="challenge-handler.js" path="D:\auction-multiplayer\challenge-handler.js">
        <metrics statements="59" coveredstatements="0" conditionals="12" coveredconditionals="0" methods="13" coveredmethods="0"/>
        <line num="2" count="0" type="stmt"/>
        <line num="3" count="0" type="stmt"/>
        <line num="4" count="0" type="stmt"/>
        <line num="6" count="0" type="cond" truecount="0" falsecount="2"/>
        <line num="7" count="0" type="stmt"/>
        <line num="9" count="0" type="stmt"/>
        <line num="13" count="0" type="cond" truecount="0" falsecount="2"/>
        <line num="14" count="0" type="stmt"/>
        <line num="16" count="0" type="stmt"/>
        <line num="19" count="0" type="cond" truecount="0" falsecount="2"/>
        <line num="20" count="0" type="stmt"/>
        <line num="27" count="0" type="cond" truecount="0" falsecount="2"/>
        <line num="28" count="0" type="cond" truecount="0" falsecount="2"/>
        <line num="32" count="0" type="stmt"/>
        <line num="33" count="0" type="stmt"/>
        <line num="34" count="0" type="stmt"/>
        <line num="35" count="0" type="stmt"/>
        <line num="36" count="0" type="stmt"/>
        <line num="39" count="0" type="stmt"/>
        <line num="41" count="0" type="stmt"/>
        <line num="42" count="0" type="stmt"/>
        <line num="45" count="0" type="stmt"/>
        <line num="46" count="0" type="stmt"/>
        <line num="50" count="0" type="stmt"/>
        <line num="51" count="0" type="stmt"/>
        <line num="52" count="0" type="stmt"/>
        <line num="53" count="0" type="stmt"/>
        <line num="56" count="0" type="stmt"/>
        <line num="59" count="0" type="stmt"/>
        <line num="64" count="0" type="stmt"/>
        <line num="65" count="0" type="stmt"/>
        <line num="66" count="0" type="stmt"/>
        <line num="69" count="0" type="stmt"/>
        <line num="70" count="0" type="stmt"/>
        <line num="71" count="0" type="stmt"/>
        <line num="72" count="0" type="stmt"/>
        <line num="76" count="0" type="stmt"/>
        <line num="77" count="0" type="stmt"/>
        <line num="78" count="0" type="stmt"/>
        <line num="79" count="0" type="stmt"/>
        <line num="83" count="0" type="stmt"/>
        <line num="84" count="0" type="stmt"/>
        <line num="87" count="0" type="stmt"/>
        <line num="92" count="0" type="stmt"/>
        <line num="122" count="0" type="stmt"/>
        <line num="130" count="0" type="stmt"/>
        <line num="131" count="0" type="stmt"/>
        <line num="132" count="0" type="stmt"/>
        <line num="133" count="0" type="stmt"/>
        <line num="134" count="0" type="stmt"/>
        <line num="137" count="0" type="stmt"/>
        <line num="138" count="0" type="stmt"/>
        <line num="139" count="0" type="stmt"/>
        <line num="142" count="0" type="cond" truecount="0" falsecount="2"/>
        <line num="143" count="0" type="stmt"/>
        <line num="144" count="0" type="stmt"/>
        <line num="145" count="0" type="stmt"/>
        <line num="149" count="0" type="stmt"/>
        <line num="150" count="0" type="stmt"/>
      </file>
      <file name="chat-enhancements.js" path="D:\auction-multiplayer\chat-enhancements.js">
        <metrics statements="139" coveredstatements="0" conditionals="55" coveredconditionals="0" methods="31" coveredmethods="0"/>
        <line num="4" count="0" type="stmt"/>
        <line num="5" count="0" type="stmt"/>
        <line num="13" count="0" type="stmt"/>
        <line num="14" count="0" type="stmt"/>
        <line num="15" count="0" type="stmt"/>
        <line num="19" count="0" type="stmt"/>
        <line num="20" count="0" type="stmt"/>
        <line num="21" count="0" type="stmt"/>
        <line num="25" count="0" type="stmt"/>
        <line num="26" count="0" type="stmt"/>
        <line num="27" count="0" type="stmt"/>
        <line num="30" count="0" type="stmt"/>
        <line num="31" count="0" type="stmt"/>
        <line num="32" count="0" type="stmt"/>
        <line num="33" count="0" type="stmt"/>
        <line num="34" count="0" type="stmt"/>
        <line num="35" count="0" type="stmt"/>
        <line num="36" count="0" type="stmt"/>
        <line num="37" count="0" type="stmt"/>
        <line num="41" count="0" type="stmt"/>
        <line num="42" count="0" type="stmt"/>
        <line num="43" count="0" type="stmt"/>
        <line num="44" count="0" type="stmt"/>
        <line num="45" count="0" type="stmt"/>
        <line num="46" count="0" type="stmt"/>
        <line num="47" count="0" type="stmt"/>
        <line num="48" count="0" type="stmt"/>
        <line num="49" count="0" type="stmt"/>
        <line num="52" count="0" type="stmt"/>
        <line num="53" count="0" type="stmt"/>
        <line num="56" count="0" type="stmt"/>
        <line num="57" count="0" type="cond" truecount="0" falsecount="2"/>
        <line num="58" count="0" type="stmt"/>
        <line num="63" count="0" type="stmt"/>
        <line num="64" count="0" type="cond" truecount="0" falsecount="2"/>
        <line num="67" count="0" type="stmt"/>
        <line num="68" count="0" type="stmt"/>
        <line num="69" count="0" type="stmt"/>
        <line num="70" count="0" type="stmt"/>
        <line num="73" count="0" type="stmt"/>
        <line num="74" count="0" type="stmt"/>
        <line num="75" count="0" type="stmt"/>
        <line num="76" count="0" type="stmt"/>
        <line num="77" count="0" type="stmt"/>
        <line num="80" count="0" type="stmt"/>
        <line num="81" count="0" type="stmt"/>
        <line num="82" count="0" type="stmt"/>
        <line num="83" count="0" type="stmt"/>
        <line num="85" count="0" type="stmt"/>
        <line num="86" count="0" type="cond" truecount="0" falsecount="2"/>
        <line num="87" count="0" type="stmt"/>
        <line num="92" count="0" type="stmt"/>
        <line num="93" count="0" type="cond" truecount="0" falsecount="2"/>
        <line num="94" count="0" type="stmt"/>
        <line num="95" count="0" type="stmt"/>
        <line num="96" count="0" type="stmt"/>
        <line num="97" count="0" type="stmt"/>
        <line num="105" count="0" type="stmt"/>
        <line num="106" count="0" type="stmt"/>
        <line num="107" count="0" type="stmt"/>
        <line num="108" count="0" type="cond" truecount="0" falsecount="5"/>
        <line num="109" count="0" type="stmt"/>
        <line num="114" count="0" type="cond" truecount="0" falsecount="2"/>
        <line num="115" count="0" type="stmt"/>
        <line num="116" count="0" type="stmt"/>
        <line num="117" count="0" type="stmt"/>
        <line num="122" count="0" type="stmt"/>
        <line num="123" count="0" type="cond" truecount="0" falsecount="2"/>
        <line num="124" count="0" type="stmt"/>
        <line num="129" count="0" type="stmt"/>
        <line num="130" count="0" type="cond" truecount="0" falsecount="2"/>
        <line num="131" count="0" type="stmt"/>
        <line num="132" count="0" type="stmt"/>
        <line num="134" count="0" type="stmt"/>
        <line num="138" count="0" type="stmt"/>
        <line num="139" count="0" type="cond" truecount="0" falsecount="2"/>
        <line num="140" count="0" type="stmt"/>
        <line num="141" count="0" type="stmt"/>
        <line num="143" count="0" type="stmt"/>
        <line num="148" count="0" type="stmt"/>
        <line num="149" count="0" type="stmt"/>
        <line num="151" count="0" type="stmt"/>
        <line num="152" count="0" type="stmt"/>
        <line num="153" count="0" type="stmt"/>
        <line num="154" count="0" type="stmt"/>
        <line num="155" count="0" type="stmt"/>
        <line num="156" count="0" type="stmt"/>
        <line num="160" count="0" type="stmt"/>
        <line num="161" count="0" type="stmt"/>
        <line num="162" count="0" type="stmt"/>
        <line num="167" count="0" type="stmt"/>
        <line num="168" count="0" type="stmt"/>
        <line num="172" count="0" type="cond" truecount="0" falsecount="2"/>
        <line num="173" count="0" type="stmt"/>
        <line num="175" count="0" type="cond" truecount="0" falsecount="2"/>
        <line num="176" count="0" type="stmt"/>
        <line num="178" count="0" type="stmt"/>
        <line num="181" count="0" type="cond" truecount="0" falsecount="2"/>
        <line num="182" count="0" type="stmt"/>
        <line num="185" count="0" type="stmt"/>
        <line num="189" count="0" type="stmt"/>
        <line num="190" count="0" type="cond" truecount="0" falsecount="2"/>
        <line num="191" count="0" type="stmt"/>
        <line num="193" count="0" type="stmt"/>
        <line num="194" count="0" type="stmt"/>
        <line num="198" count="0" type="stmt"/>
        <line num="199" count="0" type="cond" truecount="0" falsecount="2"/>
        <line num="201" count="0" type="stmt"/>
        <line num="202" count="0" type="cond" truecount="0" falsecount="2"/>
        <line num="204" count="0" type="cond" truecount="0" falsecount="2"/>
        <line num="206" count="0" type="stmt"/>
        <line num="207" count="0" type="stmt"/>
        <line num="208" count="0" type="cond" truecount="0" falsecount="2"/>
        <line num="209" count="0" type="stmt"/>
        <line num="210" count="0" type="cond" truecount="0" falsecount="2"/>
        <line num="211" count="0" type="stmt"/>
        <line num="213" count="0" type="stmt"/>
        <line num="218" count="0" type="stmt"/>
        <line num="219" count="0" type="cond" truecount="0" falsecount="2"/>
        <line num="220" count="0" type="stmt"/>
        <line num="221" count="0" type="stmt"/>
        <line num="226" count="0" type="stmt"/>
        <line num="227" count="0" type="cond" truecount="0" falsecount="2"/>
        <line num="228" count="0" type="stmt"/>
        <line num="234" count="0" type="stmt"/>
        <line num="235" count="0" type="stmt"/>
        <line num="236" count="0" type="cond" truecount="0" falsecount="4"/>
        <line num="238" count="0" type="stmt"/>
        <line num="239" count="0" type="stmt"/>
        <line num="242" count="0" type="cond" truecount="0" falsecount="2"/>
        <line num="243" count="0" type="stmt"/>
        <line num="250" count="0" type="stmt"/>
        <line num="257" count="0" type="stmt"/>
        <line num="260" count="0" type="stmt"/>
        <line num="261" count="0" type="stmt"/>
        <line num="262" count="0" type="cond" truecount="0" falsecount="2"/>
        <line num="263" count="0" type="stmt"/>
        <line num="268" count="0" type="cond" truecount="0" falsecount="4"/>
        <line num="269" count="0" type="stmt"/>
      </file>
      <file name="effects.js" path="D:\auction-multiplayer\effects.js">
        <metrics statements="79" coveredstatements="0" conditionals="43" coveredconditionals="0" methods="25" coveredmethods="0"/>
        <line num="4" count="0" type="stmt"/>
        <line num="12" count="0" type="stmt"/>
        <line num="13" count="0" type="stmt"/>
        <line num="17" count="0" type="stmt"/>
        <line num="18" count="0" type="stmt"/>
        <line num="19" count="0" type="stmt"/>
        <line num="24" count="0" type="stmt"/>
        <line num="25" count="0" type="stmt"/>
        <line num="28" count="0" type="stmt"/>
        <line num="32" count="0" type="stmt"/>
        <line num="33" count="0" type="stmt"/>
        <line num="34" count="0" type="stmt"/>
        <line num="38" count="0" type="cond" truecount="0" falsecount="2"/>
        <line num="40" count="0" type="stmt"/>
        <line num="41" count="0" type="cond" truecount="0" falsecount="2"/>
        <line num="42" count="0" type="stmt"/>
        <line num="43" count="0" type="stmt"/>
        <line num="49" count="0" type="cond" truecount="0" falsecount="2"/>
        <line num="50" count="0" type="stmt"/>
        <line num="51" count="0" type="stmt"/>
        <line num="52" count="0" type="stmt"/>
        <line num="57" count="0" type="stmt"/>
        <line num="58" count="0" type="stmt"/>
        <line num="59" count="0" type="stmt"/>
        <line num="60" count="0" type="stmt"/>
        <line num="61" count="0" type="stmt"/>
        <line num="78" count="0" type="stmt"/>
        <line num="79" count="0" type="stmt"/>
        <line num="83" count="0" type="stmt"/>
        <line num="84" count="0" type="cond" truecount="0" falsecount="2"/>
        <line num="87" count="0" type="cond" truecount="0" falsecount="2"/>
        <line num="94" count="0" type="cond" truecount="0" falsecount="2"/>
        <line num="95" count="0" type="stmt"/>
        <line num="102" count="0" type="stmt"/>
        <line num="106" count="0" type="cond" truecount="0" falsecount="2"/>
        <line num="107" count="0" type="stmt"/>
        <line num="114" count="0" type="stmt"/>
        <line num="122" count="0" type="stmt"/>
        <line num="126" count="0" type="stmt"/>
        <line num="133" count="0" type="cond" truecount="0" falsecount="2"/>
        <line num="134" count="0" type="stmt"/>
        <line num="142" count="0" type="stmt"/>
        <line num="146" count="0" type="stmt"/>
        <line num="147" count="0" type="stmt"/>
        <line num="148" count="0" type="stmt"/>
        <line num="153" count="0" type="stmt"/>
        <line num="154" count="0" type="stmt"/>
        <line num="166" count="0" type="stmt"/>
        <line num="167" count="0" type="stmt"/>
        <line num="171" count="0" type="cond" truecount="0" falsecount="2"/>
        <line num="173" count="0" type="stmt"/>
        <line num="174" count="0" type="stmt"/>
        <line num="176" count="0" type="stmt"/>
        <line num="177" count="0" type="stmt"/>
        <line num="178" count="0" type="stmt"/>
        <line num="183" count="0" type="stmt"/>
        <line num="184" count="0" type="stmt"/>
        <line num="185" count="0" type="stmt"/>
        <line num="198" count="0" type="stmt"/>
        <line num="199" count="0" type="stmt"/>
        <line num="203" count="0" type="stmt"/>
        <line num="204" count="0" type="stmt"/>
        <line num="217" count="0" type="stmt"/>
        <line num="218" count="0" type="stmt"/>
        <line num="223" count="0" type="stmt"/>
        <line num="224" count="0" type="stmt"/>
        <line num="251" count="0" type="stmt"/>
        <line num="254" count="0" type="stmt"/>
        <line num="257" count="0" type="cond" truecount="0" falsecount="2"/>
        <line num="258" count="0" type="stmt"/>
        <line num="259" count="0" type="stmt"/>
        <line num="260" count="0" type="cond" truecount="0" falsecount="2"/>
        <line num="261" count="0" type="stmt"/>
        <line num="263" count="0" type="stmt"/>
        <line num="264" count="0" type="cond" truecount="0" falsecount="2"/>
        <line num="265" count="0" type="stmt"/>
        <line num="266" count="0" type="stmt"/>
        <line num="273" count="0" type="cond" truecount="0" falsecount="4"/>
        <line num="274" count="0" type="stmt"/>
      </file>
      <file name="feature-integration.js" path="D:\auction-multiplayer\feature-integration.js">
        <metrics statements="304" coveredstatements="6" conditionals="234" coveredconditionals="0" methods="61" coveredmethods="3"/>
        <line num="15" count="1" type="stmt"/>
        <line num="18" count="0" type="cond" truecount="0" falsecount="2"/>
        <line num="19" count="0" type="stmt"/>
        <line num="24" count="0" type="stmt"/>
        <line num="29" count="0" type="stmt"/>
        <line num="30" count="0" type="cond" truecount="0" falsecount="2"/>
        <line num="36" count="0" type="cond" truecount="0" falsecount="4"/>
        <line num="37" count="0" type="cond" truecount="0" falsecount="2"/>
        <line num="38" count="0" type="stmt"/>
        <line num="41" count="0" type="cond" truecount="0" falsecount="2"/>
        <line num="44" count="0" type="cond" truecount="0" falsecount="4"/>
        <line num="45" count="0" type="stmt"/>
        <line num="51" count="0" type="cond" truecount="0" falsecount="4"/>
        <line num="52" count="0" type="stmt"/>
        <line num="56" count="0" type="cond" truecount="0" falsecount="4"/>
        <line num="57" count="0" type="stmt"/>
        <line num="61" count="0" type="cond" truecount="0" falsecount="2"/>
        <line num="62" count="0" type="cond" truecount="0" falsecount="2"/>
        <line num="64" count="0" type="cond" truecount="0" falsecount="2"/>
        <line num="65" count="0" type="stmt"/>
        <line num="69" count="0" type="cond" truecount="0" falsecount="2"/>
        <line num="70" count="0" type="stmt"/>
        <line num="75" count="0" type="stmt"/>
        <line num="80" count="0" type="stmt"/>
        <line num="81" count="0" type="cond" truecount="0" falsecount="2"/>
        <line num="85" count="0" type="stmt"/>
        <line num="88" count="0" type="stmt"/>
        <line num="89" count="0" type="stmt"/>
        <line num="91" count="0" type="stmt"/>
        <line num="92" count="0" type="cond" truecount="0" falsecount="2"/>
        <line num="95" count="0" type="cond" truecount="0" falsecount="2"/>
        <line num="97" count="0" type="cond" truecount="0" falsecount="2"/>
        <line num="98" count="0" type="stmt"/>
        <line num="104" count="0" type="stmt"/>
        <line num="105" count="0" type="stmt"/>
        <line num="107" count="0" type="cond" truecount="0" falsecount="2"/>
        <line num="108" count="0" type="stmt"/>
        <line num="112" count="0" type="stmt"/>
        <line num="114" count="0" type="stmt"/>
        <line num="125" count="0" type="stmt"/>
        <line num="126" count="0" type="stmt"/>
        <line num="131" count="0" type="stmt"/>
[...]
        <line num="1789" count="0" type="stmt"/>
        <line num="1790" count="0" type="stmt"/>
        <line num="1792" count="0" type="cond" truecount="0" falsecount="5"/>
        <line num="1793" count="0" type="stmt"/>
        <line num="1794" count="0" type="stmt"/>
        <line num="1797" count="0" type="stmt"/>
        <line num="1823" count="0" type="stmt"/>
        <line num="1836" count="0" type="stmt"/>
        <line num="1837" count="0" type="stmt"/>
        <line num="1838" count="0" type="stmt"/>
        <line num="1842" count="0" type="cond" truecount="0" falsecount="2"/>
        <line num="1843" count="0" type="stmt"/>
        <line num="1844" count="0" type="stmt"/>
        <line num="1845" count="0" type="stmt"/>
        <line num="1849" count="0" type="stmt"/>
        <line num="1852" count="0" type="stmt"/>
        <line num="1853" count="0" type="stmt"/>
        <line num="1854" count="0" type="stmt"/>
        <line num="1858" count="0" type="stmt"/>
        <line num="1859" count="0" type="stmt"/>
        <line num="1864" count="0" type="cond" truecount="0" falsecount="2"/>
        <line num="1865" count="0" type="stmt"/>
        <line num="1866" count="0" type="stmt"/>
        <line num="1867" count="0" type="stmt"/>
        <line num="1868" count="0" type="cond" truecount="0" falsecount="2"/>
        <line num="1874" count="0" type="stmt"/>
        <line num="1875" count="0" type="stmt"/>
      </file>
      <file name="voice-chat.js" path="D:\auction-multiplayer\voice-chat.js">
        <metrics statements="110" coveredstatements="0" conditionals="32" coveredconditionals="0" methods="19" coveredmethods="0"/>
        <line num="5" count="0" type="stmt"/>
        <line num="6" count="0" type="stmt"/>
        <line num="7" count="0" type="stmt"/>
        <line num="8" count="0" type="stmt"/>
        <line num="10" count="0" type="stmt"/>
        <line num="19" count="0" type="stmt"/>
        <line num="20" count="0" type="cond" truecount="0" falsecount="2"/>
        <line num="21" count="0" type="stmt"/>
        <line num="22" count="0" type="stmt"/>
        <line num="23" count="0" type="stmt"/>
        <line num="26" count="0" type="stmt"/>
        <line num="27" count="0" type="cond" truecount="0" falsecount="2"/>
        <line num="28" count="0" type="stmt"/>
        <line num="31" count="0" type="stmt"/>
        <line num="32" count="0" type="stmt"/>
        <line num="36" count="0" type="stmt"/>
        <line num="37" count="0" type="stmt"/>
        <line num="38" count="0" type="cond" truecount="0" falsecount="2"/>
        <line num="40" count="0" type="cond" truecount="0" falsecount="2"/>
        <line num="42" count="0" type="stmt"/>
        <line num="43" count="0" type="stmt"/>
        <line num="52" count="0" type="stmt"/>
        <line num="53" count="0" type="stmt"/>
        <line num="54" count="0" type="stmt"/>
        <line num="55" count="0" type="stmt"/>
        <line num="56" count="0" type="stmt"/>
        <line num="59" count="0" type="stmt"/>
        <line num="61" count="0" type="cond" truecount="0" falsecount="2"/>
        <line num="63" count="0" type="stmt"/>
        <line num="64" count="0" type="stmt"/>
        <line num="68" count="0" type="cond" truecount="0" falsecount="2"/>
        <line num="69" count="0" type="stmt"/>
        <line num="70" count="0" type="stmt"/>
        <line num="74" count="0" type="stmt"/>
        <line num="75" count="0" type="stmt"/>
        <line num="77" count="0" type="stmt"/>
        <line num="78" count="0" type="stmt"/>
        <line num="79" count="0" type="stmt"/>
        <line num="80" count="0" type="stmt"/>
        <line num="81" count="0" type="stmt"/>
        <line num="83" count="0" type="stmt"/>
        <line num="85" count="0" type="cond" truecount="0" falsecount="2"/>
        <line num="91" count="0" type="stmt"/>
        <line num="92" count="0" type="stmt"/>
        <line num="93" count="0" type="cond" truecount="0" falsecount="2"/>
        <line num="95" count="0" type="stmt"/>
        <line num="97" count="0" type="stmt"/>
        <line num="98" count="0" type="stmt"/>
        <line num="100" count="0" type="cond" truecount="0" falsecount="2"/>
        <line num="101" count="0" type="stmt"/>
        <line num="102" count="0" type="stmt"/>
        <line num="105" count="0" type="stmt"/>
        <line num="108" count="0" type="stmt"/>
        <line num="109" count="0" type="stmt"/>
        <line num="110" count="0" type="stmt"/>
        <line num="111" count="0" type="stmt"/>
        <line num="112" count="0" type="stmt"/>
        <line num="115" count="0" type="stmt"/>
        <line num="116" count="0" type="cond" truecount="0" falsecount="2"/>
        <line num="117" count="0" type="stmt"/>
        <line num="124" count="0" type="stmt"/>
        <line num="125" count="0" type="stmt"/>
        <line num="126" count="0" type="stmt"/>
        <line num="127" count="0" type="stmt"/>
        <line num="132" count="0" type="stmt"/>
        <line num="136" count="0" type="stmt"/>
        <line num="137" count="0" type="stmt"/>
        <line num="138" count="0" type="stmt"/>
        <line num="140" count="0" type="stmt"/>
        <line num="141" count="0" type="stmt"/>
        <line num="143" count="0" type="cond" truecount="0" falsecount="2"/>
        <line num="144" count="0" type="stmt"/>
        <line num="145" count="0" type="stmt"/>
        <line num="149" count="0" type="stmt"/>
        <line num="150" count="0" type="stmt"/>
        <line num="151" count="0" type="stmt"/>
        <line num="152" count="0" type="stmt"/>
        <line num="153" count="0" type="stmt"/>
        <line num="156" count="0" type="stmt"/>
        <line num="157" count="0" type="cond" truecount="0" falsecount="2"/>
        <line num="158" count="0" type="stmt"/>
        <line num="165" count="0" type="stmt"/>
        <line num="166" count="0" type="stmt"/>
        <line num="167" count="0" type="stmt"/>
        <line num="168" count="0" type="stmt"/>
        <line num="169" count="0" type="stmt"/>
        <line num="174" count="0" type="stmt"/>
        <line num="178" count="0" type="stmt"/>
        <line num="179" count="0" type="stmt"/>
        <line num="180" count="0" type="stmt"/>
        <line num="181" count="0" type="cond" truecount="0" falsecount="2"/>
        <line num="182" count="0" type="stmt"/>
        <line num="183" count="0" type="stmt"/>
        <line num="185" count="0" type="stmt"/>
        <line num="190" count="0" type="stmt"/>
        <line num="191" count="0" type="stmt"/>
        <line num="192" count="0" type="stmt"/>
        <line num="193" count="0" type="cond" truecount="0" falsecount="2"/>
        <line num="194" count="0" type="stmt"/>
        <line num="195" count="0" type="stmt"/>
        <line num="197" count="0" type="stmt"/>
        <line num="202" count="0" type="stmt"/>
        <line num="203" count="0" type="stmt"/>
        <line num="204" count="0" type="cond" truecount="0" falsecount="2"/>
        <line num="205" count="0" type="stmt"/>
        <line num="206" count="0" type="stmt"/>
        <line num="207" count="0" type="stmt"/>
        <line num="213" count="0" type="cond" truecount="0" falsecount="2"/>
        <line num="214" count="0" type="stmt"/>
        <line num="216" count="0" type="stmt"/>
      </file>
    </package>
    <package name="auction-multiplayer.models">
      <metrics statements="25" coveredstatements="19" conditionals="2" coveredconditionals="0" methods="2" coveredmethods="0"/>
      <file name="Achievement.js" path="D:\auction-multiplayer\models\Achievement.js">
        <metrics statements="3" coveredstatements="0" conditionals="0" coveredconditionals="0" methods="0" coveredmethods="0"/>
        <line num="1" count="0" type="stmt"/>
        <line num="3" count="0" type="stmt"/>
        <line num="30" count="0" type="stmt"/>
      </file>
      <file name="Room.js" path="D:\auction-multiplayer\models\Room.js">
        <metrics statements="6" coveredstatements="6" conditionals="0" coveredconditionals="0" methods="0" coveredmethods="0"/>
        <line num="1" count="1" type="stmt"/>
        <line num="3" count="1" type="stmt"/>
        <line num="13" count="1" type="stmt"/>
        <line num="26" count="1" type="stmt"/>
        <line num="56" count="1" type="stmt"/>
        <line num="58" count="1" type="stmt"/>
      </file>
      <file name="User.js" path="D:\auction-multiplayer\models\User.js">
        <metrics statements="9" coveredstatements="6" conditionals="2" coveredconditionals="0" methods="2" coveredmethods="0"/>
        <line num="1" count="1" type="stmt"/>
        <line num="2" count="1" type="stmt"/>
        <line num="4" count="1" type="stmt"/>
        <line num="71" count="1" type="stmt"/>
        <line num="72" count="0" type="cond" truecount="0" falsecount="2"/>
        <line num="73" count="0" type="stmt"/>
        <line num="77" count="1" type="stmt"/>
        <line num="78" count="0" type="stmt"/>
        <line num="81" count="1" type="stmt"/>
      </file>
      <file name="Win.js" path="D:\auction-multiplayer\models\Win.js">
        <metrics statements="7" coveredstatements="7" conditionals="0" coveredconditionals="0" methods="0" coveredmethods="0"/>
        <line num="1" count="1" type="stmt"/>
        <line num="3" count="1" type="stmt"/>
        <line num="136" count="1" type="stmt"/>
        <line num="137" count="1" type="stmt"/>
        <line num="138" count="1" type="stmt"/>
        <line num="139" count="1" type="stmt"/>
        <line num="141" count="1" type="stmt"/>
      </file>
    </package>
    <package name="auction-multiplayer.routes">
      <metrics statements="185" coveredstatements="19" conditionals="92" coveredconditionals="0" methods="17" coveredmethods="0"/>
      <file name="auth.js" path="D:\auction-multiplayer\routes\auth.js">
        <metrics statements="185" coveredstatements="19" conditionals="92" coveredconditionals="0" methods="17" coveredmethods="0"/>
        <line num="1" count="1" type="stmt"/>
        <line num="2" count="1" type="stmt"/>
        <line num="3" count="1" type="stmt"/>
        <line num="4" count="1" type="stmt"/>
        <line num="5" count="1" type="stmt"/>
        <line num="9" count="0" type="cond" truecount="0" falsecount="4"/>
        <line num="10" count="0" type="stmt"/>
        <line num="11" count="0" type="stmt"/>
        <line num="13" count="0" type="stmt"/>
        <line num="17" count="0" type="stmt"/>
        <line num="26" count="1" type="stmt"/>
        <line num="27" count="0" type="stmt"/>
        <line num="28" count="0" type="stmt"/>
        <line num="30" count="0" type="stmt"/>
        <line num="32" count="0" type="cond" truecount="0" falsecount="5"/>
        <line num="33" count="0" type="stmt"/>
        <line num="36" count="0" type="stmt"/>
        <line num="37" count="0" type="cond" truecount="0" falsecount="2"/>
        <line num="38" count="0" type="stmt"/>
        <line num="39" count="0" type="stmt"/>
        <line num="42" count="0" type="stmt"/>
        <line num="43" count="0" type="stmt"/>
        <line num="44" count="0" type="stmt"/>
        <line num="46" count="0" type="stmt"/>
        <line num="47" count="0" type="stmt"/>
        <line num="49" count="0" type="stmt"/>
        <line num="50" count="0" type="stmt"/>
        <line num="55" count="1" type="stmt"/>
        <line num="56" count="0" type="stmt"/>
        <line num="57" count="0" type="stmt"/>
        <line num="58" count="0" type="stmt"/>
        <line num="59" count="0" type="cond" truecount="0" falsecount="4"/>
        <line num="60" count="0" type="stmt"/>
        <line num="63" count="0" type="stmt"/>
        <line num="64" count="0" type="stmt"/>
        <line num="66" count="0" type="stmt"/>
        <line num="71" count="1" type="stmt"/>
        <line num="72" count="0" type="stmt"/>
        <line num="73" count="0" type="stmt"/>
        <line num="74" count="0" type="stmt"/>
        <line num="75" count="0" type="cond" truecount="0" falsecount="2"/>
        <line num="77" count="0" type="stmt"/>
        <line num="78" count="0" type="stmt"/>
        <line num="79" count="0" type="stmt"/>
        <line num="82" count="0" type="stmt"/>
        <line num="83" count="0" type="stmt"/>
        <line num="86" count="0" type="cond" truecount="0" falsecount="4"/>
        <line num="88" count="0" type="stmt"/>
        <line num="89" count="0" type="stmt"/>
        <line num="96" count="0" type="stmt"/>
        <line num="98" count="0" type="stmt"/>
        <line num="100" count="0" type="stmt"/>
        <line num="101" count="0" type="stmt"/>
        <line num="108" count="0" type="stmt"/>
        <line num="109" count="0" type="stmt"/>
        <line num="114" count="1" type="stmt"/>
        <line num="115" count="0" type="stmt"/>
        <line num="116" count="0" type="stmt"/>
        <line num="117" count="0" type="stmt"/>
        <line num="118" count="0" type="cond" truecount="0" falsecount="5"/>
        <line num="119" count="0" type="stmt"/>
        <line num="122" count="0" type="stmt"/>
        <line num="123" count="0" type="stmt"/>
        <line num="124" count="0" type="stmt"/>
        <line num="125" count="0" type="stmt"/>
        <line num="127" count="0" type="stmt"/>
        <line num="133" count="0" type="cond" truecount="0" falsecount="5"/>
        <line num="134" count="0" type="stmt"/>
        <line num="135" count="0" type="stmt"/>
        <line num="136" count="0" type="stmt"/>
        <line num="137" count="0" type="stmt"/>
        <line num="139" count="0" type="stmt"/>
        <line num="143" count="0" type="stmt"/>
        <line num="152" count="1" type="stmt"/>
        <line num="153" count="0" type="stmt"/>
        <line num="154" count="0" type="stmt"/>
        <line num="155" count="0" type="stmt"/>
        <line num="157" count="0" type="cond" truecount="0" falsecount="2"/>
        <line num="158" count="0" type="stmt"/>
        <line num="159" count="0" type="stmt"/>
        <line num="165" count="0" type="stmt"/>
        <line num="169" count="0" type="cond" truecount="0" falsecount="2"/>
        <line num="170" count="0" type="stmt"/>
        <line num="171" count="0" type="stmt"/>
        <line num="172" count="0" type="stmt"/>
        <line num="176" count="0" type="stmt"/>
        <line num="178" count="0" type="stmt"/>
        <line num="179" count="0" type="stmt"/>
        <line num="183" count="0" type="cond" truecount="0" falsecount="3"/>
        <line num="184" count="0" type="stmt"/>
        <line num="185" count="0" type="cond" truecount="0" falsecount="2"/>
        <line num="186" count="0" type="cond" truecount="0" falsecount="2"/>
        <line num="187" count="0" type="stmt"/>
        <line num="189" count="0" type="stmt"/>
        <line num="191" count="0" type="stmt"/>
        <line num="193" count="0" type="stmt"/>
        <line num="198" count="1" type="stmt"/>
        <line num="199" count="0" type="stmt"/>
        <line num="200" count="0" type="stmt"/>
        <line num="201" count="0" type="cond" truecount="0" falsecount="2"/>
        <line num="203" count="0" type="stmt"/>
        <line num="204" count="0" type="stmt"/>
        <line num="210" count="0" type="stmt"/>
        <line num="212" count="0" type="stmt"/>
        <line num="214" count="0" type="stmt"/>
        <line num="219" count="1" type="stmt"/>
        <line num="220" count="0" type="stmt"/>
        <line num="221" count="0" type="stmt"/>
        <line num="222" count="0" type="cond" truecount="0" falsecount="4"/>
        <line num="223" count="0" type="stmt"/>
        <line num="226" count="0" type="stmt"/>
        <line num="233" count="0" type="stmt"/>
        <line num="235" count="0" type="stmt"/>
        <line num="240" count="1" type="stmt"/>
        <line num="241" count="0" type="stmt"/>
        <line num="242" count="0" type="stmt"/>
        <line num="243" count="0" type="stmt"/>
        <line num="244" count="0" type="cond" truecount="0" falsecount="2"/>
        <line num="245" count="0" type="stmt"/>
        <line num="248" count="0" type="cond" truecount="0" falsecount="2"/>
        <line num="249" count="0" type="cond" truecount="0" falsecount="2"/>
        <line num="251" count="0" type="stmt"/>
        <line num="252" count="0" type="stmt"/>
        <line num="254" count="0" type="stmt"/>
        <line num="259" count="1" type="stmt"/>
        <line num="260" count="0" type="stmt"/>
        <line num="261" count="0" type="stmt"/>
        <line num="262" count="0" type="stmt"/>
        <line num="263" count="0" type="cond" truecount="0" falsecount="2"/>
        <line num="264" count="0" type="stmt"/>
        <line num="267" count="0" type="cond" truecount="0" falsecount="2"/>
        <line num="268" count="0" type="stmt"/>
        <line num="271" count="0" type="stmt"/>
        <line num="272" count="0" type="stmt"/>
        <line num="273" count="0" type="cond" truecount="0" falsecount="2"/>
        <line num="275" count="0" type="stmt"/>
        <line num="276" count="0" type="stmt"/>
        <line num="278" count="0" type="stmt"/>
        <line num="283" count="1" type="stmt"/>
        <line num="284" count="0" type="stmt"/>
        <line num="285" count="0" type="stmt"/>
        <line num="286" count="0" type="stmt"/>
        <line num="287" count="0" type="cond" truecount="0" falsecount="2"/>
        <line num="288" count="0" type="stmt"/>
        <line num="291" count="0" type="cond" truecount="0" falsecount="2"/>
        <line num="292" count="0" type="stmt"/>
        <line num="295" count="0" type="stmt"/>
        <line num="303" count="0" type="stmt"/>
        <line num="304" count="0" type="stmt"/>
        <line num="306" count="0" type="stmt"/>
        <line num="311" count="1" type="stmt"/>
        <line num="312" count="0" type="stmt"/>
        <line num="313" count="0" type="stmt"/>
        <line num="314" count="0" type="stmt"/>
        <line num="315" count="0" type="cond" truecount="0" falsecount="2"/>
        <line num="316" count="0" type="stmt"/>
        <line num="319" count="0" type="stmt"/>
        <line num="320" count="0" type="stmt"/>
        <line num="322" count="0" type="stmt"/>
        <line num="324" count="0" type="stmt"/>
        <line num="329" count="1" type="stmt"/>
        <line num="330" count="0" type="stmt"/>
        <line num="331" count="0" type="stmt"/>
        <line num="332" count="0" type="cond" truecount="0" falsecount="2"/>
        <line num="333" count="0" type="cond" truecount="0" falsecount="2"/>
        <line num="335" count="0" type="stmt"/>
        <line num="339" count="1" type="stmt"/>
        <line num="340" count="0" type="stmt"/>
        <line num="341" count="0" type="stmt"/>
        <line num="342" count="0" type="stmt"/>
        <line num="343" count="0" type="cond" truecount="0" falsecount="2"/>
        <line num="346" count="0" type="cond" truecount="0" falsecount="2"/>
        <line num="349" count="0" type="cond" truecount="0" falsecount="2"/>
        <line num="350" count="0" type="cond" truecount="0" falsecount="2"/>
        <line num="351" count="0" type="cond" truecount="0" falsecount="2"/>
        <line num="352" count="0" type="cond" truecount="0" falsecount="2"/>
        <line num="353" count="0" type="cond" truecount="0" falsecount="2"/>
        <line num="355" count="0" type="cond" truecount="0" falsecount="2"/>
        <line num="356" count="0" type="cond" truecount="0" falsecount="2"/>
        <line num="357" count="0" type="stmt"/>
        <line num="358" count="0" type="stmt"/>
        <line num="362" count="0" type="stmt"/>
        <line num="363" count="0" type="stmt"/>
        <line num="365" count="0" type="stmt"/>
        <line num="369" count="1" type="stmt"/>
      </file>
    </package>
  </project>
</coverage>
