{"D:\\auction-multiplayer\\.eslintrc.js": {"path":"D:\\auction-multiplayer\\.eslintrc.js","statementMap":{"0":{"start":{"line":1,"column":0},"end":{"line":28,"column":2}}},"fnMap":{},"branchMap":{},"s":{"0":0},"f":{},"b":{}}
,"D:\\auction-multiplayer\\ai.js": {"path":"D:\\auction-multiplayer\\ai.js","statementMap":{"0":{"start":{"line":3,"column":2},"end":{"line":12,"column":7}},"1":{"start":{"line":13,"column":24},"end":{"line":13,"column":30}},"2":{"start":{"line":14,"column":29},"end":{"line":14,"column":31}},"3":{"start":{"line":15,"column":0},"end":{"line":19,"column":1}},"4":{"start":{"line":16,"column":2},"end":{"line":18,"column":5}},"5":{"start":{"line":17,"column":4},"end":{"line":17,"column":63}},"6":{"start":{"line":25,"column":2},"end":{"line":25,"column":23}},"7":{"start":{"line":25,"column":13},"end":{"line":25,"column":23}},"8":{"start":{"line":26,"column":2},"end":{"line":28,"column":4}},"9":{"start":{"line":32,"column":15},"end":{"line":40,"column":1}},"10":{"start":{"line":49,"column":24},"end":{"line":57,"column":1}},"11":{"start":{"line":59,"column":22},"end":{"line":64,"column":1}},"12":{"start":{"line":67,"column":15},"end":{"line":178,"column":1}},"13":{"start":{"line":180,"column":14},"end":{"line":180,"column":24}},"14":{"start":{"line":182,"column":2},"end":{"line":182,"column":46}},"15":{"start":{"line":183,"column":2},"end":{"line":183,"column":26}},"16":{"start":{"line":187,"column":20},"end":{"line":187,"column":22}},"17":{"start":{"line":189,"column":2},"end":{"line":189,"column":50}},"18":{"start":{"line":189,"column":26},"end":{"line":189,"column":50}},"19":{"start":{"line":190,"column":2},"end":{"line":190,"column":27}},"20":{"start":{"line":193,"column":2},"end":{"line":193,"column":50}},"21":{"start":{"line":193,"column":26},"end":{"line":193,"column":50}},"22":{"start":{"line":194,"column":2},"end":{"line":199,"column":3}},"23":{"start":{"line":195,"column":15},"end":{"line":195,"column":35}},"24":{"start":{"line":196,"column":4},"end":{"line":198,"column":67}},"25":{"start":{"line":196,"column":18},"end":{"line":196,"column":79}},"26":{"start":{"line":197,"column":9},"end":{"line":198,"column":67}},"27":{"start":{"line":198,"column":6},"end":{"line":198,"column":67}},"28":{"start":{"line":202,"column":2},"end":{"line":202,"column":50}},"29":{"start":{"line":202,"column":26},"end":{"line":202,"column":50}},"30":{"start":{"line":204,"column":2},"end":{"line":207,"column":64}},"31":{"start":{"line":205,"column":4},"end":{"line":205,"column":64}},"32":{"start":{"line":206,"column":7},"end":{"line":207,"column":64}},"33":{"start":{"line":207,"column":4},"end":{"line":207,"column":64}},"34":{"start":{"line":213,"column":2},"end":{"line":215,"column":3}},"35":{"start":{"line":214,"column":4},"end":{"line":214,"column":65}},"36":{"start":{"line":214,"column":46},"end":{"line":214,"column":65}},"37":{"start":{"line":217,"column":20},"end":{"line":217,"column":39}},"38":{"start":{"line":218,"column":2},"end":{"line":218,"column":74}},"39":{"start":{"line":222,"column":21},"end":{"line":398,"column":1}},"40":{"start":{"line":224,"column":17},"end":{"line":224,"column":34}},"41":{"start":{"line":226,"column":20},"end":{"line":226,"column":47}},"42":{"start":{"line":229,"column":20},"end":{"line":229,"column":71}},"43":{"start":{"line":230,"column":19},"end":{"line":230,"column":53}},"44":{"start":{"line":231,"column":19},"end":{"line":231,"column":53}},"45":{"start":{"line":232,"column":25},"end":{"line":232,"column":78}},"46":{"start":{"line":234,"column":15},"end":{"line":234,"column":22}},"47":{"start":{"line":236,"column":4},"end":{"line":252,"column":21}},"48":{"start":{"line":237,"column":6},"end":{"line":237,"column":27}},"49":{"start":{"line":238,"column":9},"end":{"line":252,"column":21}},"50":{"start":{"line":243,"column":6},"end":{"line":243,"column":27}},"51":{"start":{"line":244,"column":9},"end":{"line":252,"column":21}},"52":{"start":{"line":245,"column":6},"end":{"line":245,"column":23}},"53":{"start":{"line":246,"column":9},"end":{"line":252,"column":21}},"54":{"start":{"line":252,"column":6},"end":{"line":252,"column":21}},"55":{"start":{"line":255,"column":4},"end":{"line":265,"column":5}},"56":{"start":{"line":260,"column":18},"end":{"line":260,"column":56}},"57":{"start":{"line":261,"column":19},"end":{"line":261,"column":59}},"58":{"start":{"line":262,"column":6},"end":{"line":262,"column":64}},"59":{"start":{"line":262,"column":35},"end":{"line":262,"column":64}},"60":{"start":{"line":263,"column":6},"end":{"line":263,"column":48}},"61":{"start":{"line":263,"column":21},"end":{"line":263,"column":48}},"62":{"start":{"line":264,"column":6},"end":{"line":264,"column":33}},"63":{"start":{"line":266,"column":4},"end":{"line":266,"column":16}},"64":{"start":{"line":271,"column":28},"end":{"line":277,"column":6}},"65":{"start":{"line":272,"column":22},"end":{"line":272,"column":51}},"66":{"start":{"line":274,"column":6},"end":{"line":274,"column":46}},"67":{"start":{"line":274,"column":33},"end":{"line":274,"column":46}},"68":{"start":{"line":275,"column":6},"end":{"line":275,"column":65}},"69":{"start":{"line":275,"column":52},"end":{"line":275,"column":65}},"70":{"start":{"line":276,"column":6},"end":{"line":276,"column":18}},"71":{"start":{"line":280,"column":18},"end":{"line":299,"column":6}},"72":{"start":{"line":281,"column":22},"end":{"line":281,"column":51}},"73":{"start":{"line":282,"column":25},"end":{"line":282,"column":59}},"74":{"start":{"line":283,"column":6},"end":{"line":298,"column":8}},"75":{"start":{"line":302,"column":4},"end":{"line":302,"column":56}},"76":{"start":{"line":302,"column":27},"end":{"line":302,"column":54}},"77":{"start":{"line":305,"column":4},"end":{"line":313,"column":7}},"78":{"start":{"line":306,"column":6},"end":{"line":306,"column":28}},"79":{"start":{"line":307,"column":6},"end":{"line":307,"column":39}},"80":{"start":{"line":307,"column":17},"end":{"line":307,"column":39}},"81":{"start":{"line":308,"column":6},"end":{"line":308,"column":45}},"82":{"start":{"line":308,"column":27},"end":{"line":308,"column":45}},"83":{"start":{"line":311,"column":6},"end":{"line":311,"column":34}},"84":{"start":{"line":312,"column":6},"end":{"line":312,"column":15}},"85":{"start":{"line":317,"column":4},"end":{"line":317,"column":49}},"86":{"start":{"line":322,"column":21},"end":{"line":324,"column":5}},"87":{"start":{"line":323,"column":13},"end":{"line":323,"column":67}},"88":{"start":{"line":326,"column":4},"end":{"line":330,"column":5}},"89":{"start":{"line":328,"column":6},"end":{"line":328,"column":59}},"90":{"start":{"line":328,"column":42},"end":{"line":328,"column":57}},"91":{"start":{"line":329,"column":6},"end":{"line":329,"column":47}},"92":{"start":{"line":329,"column":35},"end":{"line":329,"column":47}},"93":{"start":{"line":333,"column":4},"end":{"line":373,"column":7}},"94":{"start":{"line":334,"column":19},"end":{"line":334,"column":31}},"95":{"start":{"line":335,"column":19},"end":{"line":335,"column":31}},"96":{"start":{"line":338,"column":6},"end":{"line":338,"column":39}},"97":{"start":{"line":338,"column":26},"end":{"line":338,"column":39}},"98":{"start":{"line":339,"column":6},"end":{"line":339,"column":39}},"99":{"start":{"line":339,"column":26},"end":{"line":339,"column":39}},"100":{"start":{"line":342,"column":19},"end":{"line":342,"column":55}},"101":{"start":{"line":342,"column":26},"end":{"line":342,"column":55}},"102":{"start":{"line":343,"column":21},"end":{"line":343,"column":50}},"103":{"start":{"line":344,"column":22},"end":{"line":344,"column":51}},"104":{"start":{"line":345,"column":20},"end":{"line":345,"column":53}},"105":{"start":{"line":346,"column":20},"end":{"line":346,"column":54}},"106":{"start":{"line":348,"column":6},"end":{"line":353,"column":7}},"107":{"start":{"line":349,"column":8},"end":{"line":349,"column":52}},"108":{"start":{"line":349,"column":39},"end":{"line":349,"column":52}},"109":{"start":{"line":350,"column":8},"end":{"line":350,"column":52}},"110":{"start":{"line":350,"column":39},"end":{"line":350,"column":52}},"111":{"start":{"line":351,"column":8},"end":{"line":351,"column":54}},"112":{"start":{"line":351,"column":41},"end":{"line":351,"column":54}},"113":{"start":{"line":352,"column":8},"end":{"line":352,"column":54}},"114":{"start":{"line":352,"column":41},"end":{"line":352,"column":54}},"115":{"start":{"line":354,"column":6},"end":{"line":359,"column":7}},"116":{"start":{"line":355,"column":8},"end":{"line":355,"column":52}},"117":{"start":{"line":355,"column":39},"end":{"line":355,"column":52}},"118":{"start":{"line":356,"column":8},"end":{"line":356,"column":52}},"119":{"start":{"line":356,"column":39},"end":{"line":356,"column":52}},"120":{"start":{"line":357,"column":8},"end":{"line":357,"column":50}},"121":{"start":{"line":357,"column":37},"end":{"line":357,"column":50}},"122":{"start":{"line":358,"column":8},"end":{"line":358,"column":50}},"123":{"start":{"line":358,"column":37},"end":{"line":358,"column":50}},"124":{"start":{"line":360,"column":6},"end":{"line":365,"column":7}},"125":{"start":{"line":361,"column":8},"end":{"line":361,"column":51}},"126":{"start":{"line":361,"column":38},"end":{"line":361,"column":51}},"127":{"start":{"line":362,"column":8},"end":{"line":362,"column":51}},"128":{"start":{"line":362,"column":38},"end":{"line":362,"column":51}},"129":{"start":{"line":363,"column":8},"end":{"line":363,"column":37}},"130":{"start":{"line":363,"column":24},"end":{"line":363,"column":37}},"131":{"start":{"line":364,"column":8},"end":{"line":364,"column":37}},"132":{"start":{"line":364,"column":24},"end":{"line":364,"column":37}},"133":{"start":{"line":368,"column":24},"end":{"line":368,"column":39}},"134":{"start":{"line":369,"column":6},"end":{"line":369,"column":70}},"135":{"start":{"line":369,"column":57},"end":{"line":369,"column":70}},"136":{"start":{"line":370,"column":6},"end":{"line":370,"column":70}},"137":{"start":{"line":370,"column":57},"end":{"line":370,"column":70}},"138":{"start":{"line":372,"column":6},"end":{"line":372,"column":57}},"139":{"start":{"line":375,"column":21},"end":{"line":375,"column":34}},"140":{"start":{"line":376,"column":4},"end":{"line":376,"column":41}},"141":{"start":{"line":377,"column":4},"end":{"line":377,"column":20}},"142":{"start":{"line":381,"column":4},"end":{"line":381,"column":24}},"143":{"start":{"line":385,"column":4},"end":{"line":385,"column":23}},"144":{"start":{"line":386,"column":4},"end":{"line":386,"column":23}},"145":{"start":{"line":389,"column":18},"end":{"line":389,"column":46}},"146":{"start":{"line":390,"column":18},"end":{"line":390,"column":34}},"147":{"start":{"line":391,"column":4},"end":{"line":391,"column":46}},"148":{"start":{"line":394,"column":23},"end":{"line":394,"column":39}},"149":{"start":{"line":395,"column":16},"end":{"line":395,"column":61}},"150":{"start":{"line":396,"column":4},"end":{"line":396,"column":36}},"151":{"start":{"line":401,"column":2},"end":{"line":401,"column":27}},"152":{"start":{"line":401,"column":14},"end":{"line":401,"column":27}},"153":{"start":{"line":402,"column":12},"end":{"line":402,"column":33}},"154":{"start":{"line":403,"column":12},"end":{"line":403,"column":21}},"155":{"start":{"line":404,"column":2},"end":{"line":404,"column":21}},"156":{"start":{"line":408,"column":21},"end":{"line":1074,"column":1}},"157":{"start":{"line":410,"column":17},"end":{"line":410,"column":29}},"158":{"start":{"line":412,"column":20},"end":{"line":412,"column":41}},"159":{"start":{"line":415,"column":20},"end":{"line":415,"column":61}},"160":{"start":{"line":416,"column":19},"end":{"line":416,"column":53}},"161":{"start":{"line":417,"column":19},"end":{"line":417,"column":53}},"162":{"start":{"line":418,"column":21},"end":{"line":418,"column":74}},"163":{"start":{"line":421,"column":4},"end":{"line":421,"column":57}},"164":{"start":{"line":421,"column":39},"end":{"line":421,"column":57}},"165":{"start":{"line":424,"column":4},"end":{"line":429,"column":27}},"166":{"start":{"line":429,"column":6},"end":{"line":429,"column":27}},"167":{"start":{"line":432,"column":4},"end":{"line":433,"column":22}},"168":{"start":{"line":433,"column":6},"end":{"line":433,"column":22}},"169":{"start":{"line":436,"column":4},"end":{"line":441,"column":27}},"170":{"start":{"line":441,"column":6},"end":{"line":441,"column":27}},"171":{"start":{"line":444,"column":4},"end":{"line":447,"column":5}},"172":{"start":{"line":445,"column":6},"end":{"line":445,"column":49}},"173":{"start":{"line":445,"column":28},"end":{"line":445,"column":49}},"174":{"start":{"line":446,"column":6},"end":{"line":446,"column":49}},"175":{"start":{"line":446,"column":28},"end":{"line":446,"column":49}},"176":{"start":{"line":449,"column":4},"end":{"line":449,"column":20}},"177":{"start":{"line":452,"column":14},"end":{"line":452,"column":28}},"178":{"start":{"line":455,"column":29},"end":{"line":461,"column":5}},"179":{"start":{"line":456,"column":6},"end":{"line":456,"column":83}},"180":{"start":{"line":456,"column":71},"end":{"line":456,"column":83}},"181":{"start":{"line":458,"column":23},"end":{"line":458,"column":73}},"182":{"start":{"line":458,"column":50},"end":{"line":458,"column":72}},"183":{"start":{"line":459,"column":6},"end":{"line":459,"column":45}},"184":{"start":{"line":459,"column":33},"end":{"line":459,"column":45}},"185":{"start":{"line":460,"column":6},"end":{"line":460,"column":73}},"186":{"start":{"line":465,"column":4},"end":{"line":465,"column":94}},"187":{"start":{"line":465,"column":38},"end":{"line":465,"column":94}},"188":{"start":{"line":466,"column":4},"end":{"line":466,"column":95}},"189":{"start":{"line":466,"column":39},"end":{"line":466,"column":95}},"190":{"start":{"line":469,"column":15},"end":{"line":469,"column":29}},"191":{"start":{"line":470,"column":21},"end":{"line":470,"column":29}},"192":{"start":{"line":471,"column":18},"end":{"line":471,"column":22}},"193":{"start":{"line":473,"column":4},"end":{"line":483,"column":5}},"194":{"start":{"line":474,"column":6},"end":{"line":477,"column":68}},"195":{"start":{"line":474,"column":22},"end":{"line":474,"column":44}},"196":{"start":{"line":474,"column":45},"end":{"line":474,"column":74}},"197":{"start":{"line":475,"column":11},"end":{"line":477,"column":68}},"198":{"start":{"line":475,"column":26},"end":{"line":475,"column":45}},"199":{"start":{"line":476,"column":11},"end":{"line":477,"column":68}},"200":{"start":{"line":476,"column":25},"end":{"line":476,"column":47}},"201":{"start":{"line":477,"column":13},"end":{"line":477,"column":36}},"202":{"start":{"line":477,"column":37},"end":{"line":477,"column":66}},"203":{"start":{"line":480,"column":6},"end":{"line":482,"column":30}},"204":{"start":{"line":480,"column":22},"end":{"line":480,"column":44}},"205":{"start":{"line":480,"column":45},"end":{"line":480,"column":74}},"206":{"start":{"line":481,"column":11},"end":{"line":482,"column":30}},"207":{"start":{"line":481,"column":26},"end":{"line":481,"column":48}},"208":{"start":{"line":482,"column":11},"end":{"line":482,"column":30}},"209":{"start":{"line":485,"column":4},"end":{"line":485,"column":41}},"210":{"start":{"line":506,"column":8},"end":{"line":506,"column":18}},"211":{"start":{"line":507,"column":15},"end":{"line":507,"column":23}},"212":{"start":{"line":508,"column":17},"end":{"line":508,"column":45}},"213":{"start":{"line":511,"column":26},"end":{"line":511,"column":27}},"214":{"start":{"line":512,"column":4},"end":{"line":528,"column":5}},"215":{"start":{"line":513,"column":26},"end":{"line":513,"column":47}},"216":{"start":{"line":514,"column":24},"end":{"line":514,"column":57}},"217":{"start":{"line":515,"column":29},"end":{"line":515,"column":60}},"218":{"start":{"line":516,"column":24},"end":{"line":516,"column":38}},"219":{"start":{"line":517,"column":24},"end":{"line":517,"column":38}},"220":{"start":{"line":520,"column":6},"end":{"line":527,"column":7}},"221":{"start":{"line":521,"column":8},"end":{"line":521,"column":65}},"222":{"start":{"line":521,"column":45},"end":{"line":521,"column":65}},"223":{"start":{"line":522,"column":8},"end":{"line":522,"column":65}},"224":{"start":{"line":522,"column":44},"end":{"line":522,"column":65}},"225":{"start":{"line":523,"column":8},"end":{"line":523,"column":66}},"226":{"start":{"line":523,"column":45},"end":{"line":523,"column":66}},"227":{"start":{"line":524,"column":13},"end":{"line":527,"column":7}},"228":{"start":{"line":526,"column":8},"end":{"line":526,"column":66}},"229":{"start":{"line":526,"column":45},"end":{"line":526,"column":66}},"230":{"start":{"line":531,"column":4},"end":{"line":539,"column":5}},"231":{"start":{"line":532,"column":6},"end":{"line":532,"column":22}},"232":{"start":{"line":533,"column":11},"end":{"line":539,"column":5}},"233":{"start":{"line":534,"column":6},"end":{"line":534,"column":25}},"234":{"start":{"line":535,"column":11},"end":{"line":539,"column":5}},"235":{"start":{"line":536,"column":6},"end":{"line":536,"column":21}},"236":{"start":{"line":537,"column":11},"end":{"line":539,"column":5}},"237":{"start":{"line":538,"column":6},"end":{"line":538,"column":26}},"238":{"start":{"line":542,"column":4},"end":{"line":547,"column":5}},"239":{"start":{"line":546,"column":6},"end":{"line":546,"column":21}},"240":{"start":{"line":548,"column":4},"end":{"line":550,"column":5}},"241":{"start":{"line":549,"column":6},"end":{"line":549,"column":26}},"242":{"start":{"line":551,"column":4},"end":{"line":553,"column":5}},"243":{"start":{"line":552,"column":6},"end":{"line":552,"column":64}},"244":{"start":{"line":554,"column":4},"end":{"line":557,"column":5}},"245":{"start":{"line":556,"column":6},"end":{"line":556,"column":22}},"246":{"start":{"line":560,"column":4},"end":{"line":574,"column":5}},"247":{"start":{"line":561,"column":6},"end":{"line":565,"column":42}},"248":{"start":{"line":561,"column":56},"end":{"line":561,"column":75}},"249":{"start":{"line":562,"column":11},"end":{"line":565,"column":42}},"250":{"start":{"line":562,"column":27},"end":{"line":562,"column":42}},"251":{"start":{"line":563,"column":11},"end":{"line":565,"column":42}},"252":{"start":{"line":563,"column":26},"end":{"line":563,"column":46}},"253":{"start":{"line":564,"column":11},"end":{"line":565,"column":42}},"254":{"start":{"line":564,"column":28},"end":{"line":564,"column":48}},"255":{"start":{"line":565,"column":11},"end":{"line":565,"column":42}},"256":{"start":{"line":565,"column":26},"end":{"line":565,"column":42}},"257":{"start":{"line":567,"column":6},"end":{"line":567,"column":75}},"258":{"start":{"line":567,"column":55},"end":{"line":567,"column":75}},"259":{"start":{"line":568,"column":11},"end":{"line":574,"column":5}},"260":{"start":{"line":569,"column":6},"end":{"line":569,"column":26}},"261":{"start":{"line":570,"column":11},"end":{"line":574,"column":5}},"262":{"start":{"line":571,"column":6},"end":{"line":571,"column":26}},"263":{"start":{"line":572,"column":11},"end":{"line":574,"column":5}},"264":{"start":{"line":573,"column":6},"end":{"line":573,"column":22}},"265":{"start":{"line":577,"column":18},"end":{"line":577,"column":46}},"266":{"start":{"line":580,"column":4},"end":{"line":587,"column":5}},"267":{"start":{"line":581,"column":6},"end":{"line":581,"column":51}},"268":{"start":{"line":582,"column":6},"end":{"line":582,"column":22}},"269":{"start":{"line":583,"column":6},"end":{"line":583,"column":22}},"270":{"start":{"line":585,"column":6},"end":{"line":585,"column":58}},"271":{"start":{"line":585,"column":39},"end":{"line":585,"column":58}},"272":{"start":{"line":586,"column":6},"end":{"line":586,"column":58}},"273":{"start":{"line":586,"column":39},"end":{"line":586,"column":58}},"274":{"start":{"line":590,"column":22},"end":{"line":590,"column":43}},"275":{"start":{"line":591,"column":4},"end":{"line":597,"column":5}},"276":{"start":{"line":592,"column":6},"end":{"line":596,"column":7}},"277":{"start":{"line":593,"column":8},"end":{"line":593,"column":26}},"278":{"start":{"line":594,"column":8},"end":{"line":594,"column":24}},"279":{"start":{"line":595,"column":8},"end":{"line":595,"column":24}},"280":{"start":{"line":600,"column":4},"end":{"line":605,"column":5}},"281":{"start":{"line":601,"column":18},"end":{"line":601,"column":44}},"282":{"start":{"line":602,"column":6},"end":{"line":604,"column":7}},"283":{"start":{"line":603,"column":8},"end":{"line":603,"column":59}},"284":{"start":{"line":603,"column":38},"end":{"line":603,"column":59}},"285":{"start":{"line":606,"column":4},"end":{"line":609,"column":5}},"286":{"start":{"line":607,"column":6},"end":{"line":607,"column":22}},"287":{"start":{"line":608,"column":6},"end":{"line":608,"column":22}},"288":{"start":{"line":610,"column":4},"end":{"line":615,"column":5}},"289":{"start":{"line":611,"column":6},"end":{"line":611,"column":22}},"290":{"start":{"line":612,"column":6},"end":{"line":612,"column":22}},"291":{"start":{"line":613,"column":6},"end":{"line":613,"column":22}},"292":{"start":{"line":614,"column":6},"end":{"line":614,"column":47}},"293":{"start":{"line":618,"column":14},"end":{"line":618,"column":34}},"294":{"start":{"line":621,"column":24},"end":{"line":621,"column":52}},"295":{"start":{"line":622,"column":24},"end":{"line":622,"column":52}},"296":{"start":{"line":625,"column":4},"end":{"line":627,"column":5}},"297":{"start":{"line":626,"column":8},"end":{"line":626,"column":85}},"298":{"start":{"line":629,"column":4},"end":{"line":629,"column":92}},"299":{"start":{"line":629,"column":28},"end":{"line":629,"column":92}},"300":{"start":{"line":631,"column":4},"end":{"line":633,"column":5}},"301":{"start":{"line":632,"column":8},"end":{"line":632,"column":85}},"302":{"start":{"line":635,"column":4},"end":{"line":635,"column":89}},"303":{"start":{"line":635,"column":29},"end":{"line":635,"column":89}},"304":{"start":{"line":639,"column":28},"end":{"line":639,"column":60}},"305":{"start":{"line":640,"column":29},"end":{"line":640,"column":62}},"306":{"start":{"line":641,"column":21},"end":{"line":641,"column":55}},"307":{"start":{"line":643,"column":19},"end":{"line":643,"column":40}},"308":{"start":{"line":645,"column":6},"end":{"line":645,"column":66}},"309":{"start":{"line":648,"column":23},"end":{"line":648,"column":54}},"310":{"start":{"line":649,"column":23},"end":{"line":649,"column":54}},"311":{"start":{"line":653,"column":21},"end":{"line":653,"column":35}},"312":{"start":{"line":654,"column":33},"end":{"line":654,"column":68}},"313":{"start":{"line":655,"column":33},"end":{"line":655,"column":74}},"314":{"start":{"line":657,"column":4},"end":{"line":657,"column":37}},"315":{"start":{"line":658,"column":4},"end":{"line":658,"column":38}},"316":{"start":{"line":662,"column":4},"end":{"line":686,"column":5}},"317":{"start":{"line":664,"column":6},"end":{"line":664,"column":23}},"318":{"start":{"line":665,"column":6},"end":{"line":665,"column":24}},"319":{"start":{"line":666,"column":11},"end":{"line":686,"column":5}},"320":{"start":{"line":668,"column":6},"end":{"line":668,"column":23}},"321":{"start":{"line":669,"column":6},"end":{"line":669,"column":24}},"322":{"start":{"line":670,"column":11},"end":{"line":686,"column":5}},"323":{"start":{"line":672,"column":6},"end":{"line":672,"column":23}},"324":{"start":{"line":673,"column":6},"end":{"line":673,"column":24}},"325":{"start":{"line":674,"column":11},"end":{"line":686,"column":5}},"326":{"start":{"line":676,"column":6},"end":{"line":676,"column":23}},"327":{"start":{"line":677,"column":6},"end":{"line":677,"column":24}},"328":{"start":{"line":678,"column":11},"end":{"line":686,"column":5}},"329":{"start":{"line":680,"column":6},"end":{"line":680,"column":23}},"330":{"start":{"line":681,"column":6},"end":{"line":681,"column":24}},"331":{"start":{"line":682,"column":11},"end":{"line":686,"column":5}},"332":{"start":{"line":684,"column":6},"end":{"line":684,"column":23}},"333":{"start":{"line":685,"column":6},"end":{"line":685,"column":24}},"334":{"start":{"line":689,"column":4},"end":{"line":689,"column":43}},"335":{"start":{"line":689,"column":26},"end":{"line":689,"column":43}},"336":{"start":{"line":690,"column":4},"end":{"line":690,"column":43}},"337":{"start":{"line":690,"column":26},"end":{"line":690,"column":43}},"338":{"start":{"line":693,"column":4},"end":{"line":693,"column":47}},"339":{"start":{"line":693,"column":30},"end":{"line":693,"column":47}},"340":{"start":{"line":694,"column":4},"end":{"line":694,"column":47}},"341":{"start":{"line":694,"column":30},"end":{"line":694,"column":47}},"342":{"start":{"line":697,"column":23},"end":{"line":697,"column":57}},"343":{"start":{"line":698,"column":26},"end":{"line":698,"column":66}},"344":{"start":{"line":699,"column":26},"end":{"line":699,"column":66}},"345":{"start":{"line":702,"column":4},"end":{"line":704,"column":5}},"346":{"start":{"line":703,"column":6},"end":{"line":703,"column":48}},"347":{"start":{"line":705,"column":4},"end":{"line":707,"column":5}},"348":{"start":{"line":706,"column":6},"end":{"line":706,"column":48}},"349":{"start":{"line":710,"column":4},"end":{"line":715,"column":5}},"350":{"start":{"line":714,"column":6},"end":{"line":714,"column":23}},"351":{"start":{"line":716,"column":4},"end":{"line":718,"column":5}},"352":{"start":{"line":717,"column":6},"end":{"line":717,"column":23}},"353":{"start":{"line":726,"column":23},"end":{"line":726,"column":50}},"354":{"start":{"line":727,"column":18},"end":{"line":727,"column":64}},"355":{"start":{"line":728,"column":18},"end":{"line":728,"column":63}},"356":{"start":{"line":731,"column":4},"end":{"line":752,"column":5}},"357":{"start":{"line":732,"column":23},"end":{"line":732,"column":37}},"358":{"start":{"line":733,"column":6},"end":{"line":751,"column":7}},"359":{"start":{"line":736,"column":8},"end":{"line":745,"column":9}},"360":{"start":{"line":738,"column":10},"end":{"line":738,"column":28}},"361":{"start":{"line":739,"column":10},"end":{"line":739,"column":28}},"362":{"start":{"line":740,"column":10},"end":{"line":740,"column":26}},"363":{"start":{"line":741,"column":15},"end":{"line":745,"column":9}},"364":{"start":{"line":743,"column":10},"end":{"line":743,"column":27}},"365":{"start":{"line":744,"column":10},"end":{"line":744,"column":26}},"366":{"start":{"line":747,"column":13},"end":{"line":751,"column":7}},"367":{"start":{"line":749,"column":8},"end":{"line":749,"column":26}},"368":{"start":{"line":750,"column":8},"end":{"line":750,"column":26}},"369":{"start":{"line":755,"column":4},"end":{"line":772,"column":5}},"370":{"start":{"line":756,"column":23},"end":{"line":756,"column":37}},"371":{"start":{"line":757,"column":6},"end":{"line":771,"column":7}},"372":{"start":{"line":759,"column":8},"end":{"line":766,"column":9}},"373":{"start":{"line":760,"column":10},"end":{"line":760,"column":28}},"374":{"start":{"line":761,"column":10},"end":{"line":761,"column":28}},"375":{"start":{"line":762,"column":10},"end":{"line":762,"column":26}},"376":{"start":{"line":763,"column":15},"end":{"line":766,"column":9}},"377":{"start":{"line":764,"column":10},"end":{"line":764,"column":27}},"378":{"start":{"line":765,"column":10},"end":{"line":765,"column":26}},"379":{"start":{"line":767,"column":13},"end":{"line":771,"column":7}},"380":{"start":{"line":769,"column":8},"end":{"line":769,"column":26}},"381":{"start":{"line":770,"column":8},"end":{"line":770,"column":26}},"382":{"start":{"line":775,"column":4},"end":{"line":792,"column":5}},"383":{"start":{"line":776,"column":26},"end":{"line":776,"column":40}},"384":{"start":{"line":778,"column":6},"end":{"line":791,"column":7}},"385":{"start":{"line":780,"column":8},"end":{"line":780,"column":26}},"386":{"start":{"line":781,"column":8},"end":{"line":781,"column":26}},"387":{"start":{"line":782,"column":13},"end":{"line":791,"column":7}},"388":{"start":{"line":784,"column":8},"end":{"line":784,"column":25}},"389":{"start":{"line":785,"column":8},"end":{"line":785,"column":24}},"390":{"start":{"line":786,"column":8},"end":{"line":786,"column":24}},"391":{"start":{"line":790,"column":8},"end":{"line":790,"column":26}},"392":{"start":{"line":796,"column":4},"end":{"line":806,"column":5}},"393":{"start":{"line":797,"column":28},"end":{"line":797,"column":42}},"394":{"start":{"line":799,"column":6},"end":{"line":802,"column":7}},"395":{"start":{"line":800,"column":8},"end":{"line":800,"column":26}},"396":{"start":{"line":801,"column":8},"end":{"line":801,"column":25}},"397":{"start":{"line":804,"column":6},"end":{"line":804,"column":22}},"398":{"start":{"line":805,"column":6},"end":{"line":805,"column":22}},"399":{"start":{"line":809,"column":4},"end":{"line":813,"column":5}},"400":{"start":{"line":810,"column":6},"end":{"line":810,"column":74}},"401":{"start":{"line":810,"column":58},"end":{"line":810,"column":74}},"402":{"start":{"line":811,"column":6},"end":{"line":812,"column":26}},"403":{"start":{"line":812,"column":8},"end":{"line":812,"column":26}},"404":{"start":{"line":814,"column":4},"end":{"line":817,"column":5}},"405":{"start":{"line":815,"column":6},"end":{"line":815,"column":63}},"406":{"start":{"line":815,"column":46},"end":{"line":815,"column":63}},"407":{"start":{"line":816,"column":6},"end":{"line":816,"column":61}},"408":{"start":{"line":816,"column":43},"end":{"line":816,"column":61}},"409":{"start":{"line":820,"column":4},"end":{"line":822,"column":5}},"410":{"start":{"line":821,"column":6},"end":{"line":821,"column":24}},"411":{"start":{"line":825,"column":4},"end":{"line":829,"column":5}},"412":{"start":{"line":826,"column":6},"end":{"line":826,"column":47}},"413":{"start":{"line":826,"column":29},"end":{"line":826,"column":47}},"414":{"start":{"line":827,"column":6},"end":{"line":827,"column":22}},"415":{"start":{"line":828,"column":6},"end":{"line":828,"column":22}},"416":{"start":{"line":830,"column":4},"end":{"line":835,"column":5}},"417":{"start":{"line":832,"column":6},"end":{"line":832,"column":22}},"418":{"start":{"line":833,"column":6},"end":{"line":833,"column":24}},"419":{"start":{"line":834,"column":6},"end":{"line":834,"column":44}},"420":{"start":{"line":834,"column":27},"end":{"line":834,"column":44}},"421":{"start":{"line":836,"column":4},"end":{"line":842,"column":5}},"422":{"start":{"line":840,"column":6},"end":{"line":840,"column":22}},"423":{"start":{"line":841,"column":6},"end":{"line":841,"column":22}},"424":{"start":{"line":843,"column":4},"end":{"line":849,"column":5}},"425":{"start":{"line":848,"column":6},"end":{"line":848,"column":24}},"426":{"start":{"line":852,"column":24},"end":{"line":852,"column":55}},"427":{"start":{"line":853,"column":24},"end":{"line":853,"column":55}},"428":{"start":{"line":856,"column":4},"end":{"line":856,"column":61}},"429":{"start":{"line":856,"column":29},"end":{"line":856,"column":61}},"430":{"start":{"line":859,"column":4},"end":{"line":864,"column":5}},"431":{"start":{"line":860,"column":6},"end":{"line":860,"column":53}},"432":{"start":{"line":860,"column":36},"end":{"line":860,"column":53}},"433":{"start":{"line":861,"column":6},"end":{"line":861,"column":52}},"434":{"start":{"line":861,"column":36},"end":{"line":861,"column":52}},"435":{"start":{"line":862,"column":6},"end":{"line":862,"column":54}},"436":{"start":{"line":862,"column":36},"end":{"line":862,"column":54}},"437":{"start":{"line":863,"column":6},"end":{"line":863,"column":53}},"438":{"start":{"line":863,"column":36},"end":{"line":863,"column":53}},"439":{"start":{"line":868,"column":28},"end":{"line":868,"column":29}},"440":{"start":{"line":869,"column":23},"end":{"line":869,"column":49}},"441":{"start":{"line":870,"column":4},"end":{"line":879,"column":5}},"442":{"start":{"line":871,"column":6},"end":{"line":871,"column":28}},"443":{"start":{"line":872,"column":6},"end":{"line":872,"column":26}},"444":{"start":{"line":873,"column":6},"end":{"line":873,"column":22}},"445":{"start":{"line":874,"column":6},"end":{"line":874,"column":22}},"446":{"start":{"line":875,"column":11},"end":{"line":879,"column":5}},"447":{"start":{"line":876,"column":6},"end":{"line":876,"column":28}},"448":{"start":{"line":877,"column":6},"end":{"line":877,"column":26}},"449":{"start":{"line":878,"column":6},"end":{"line":878,"column":22}},"450":{"start":{"line":883,"column":30},"end":{"line":883,"column":31}},"451":{"start":{"line":884,"column":4},"end":{"line":884,"column":54}},"452":{"start":{"line":884,"column":30},"end":{"line":884,"column":54}},"453":{"start":{"line":885,"column":4},"end":{"line":885,"column":54}},"454":{"start":{"line":885,"column":30},"end":{"line":885,"column":54}},"455":{"start":{"line":886,"column":4},"end":{"line":886,"column":54}},"456":{"start":{"line":886,"column":30},"end":{"line":886,"column":54}},"457":{"start":{"line":887,"column":4},"end":{"line":887,"column":55}},"458":{"start":{"line":887,"column":31},"end":{"line":887,"column":55}},"459":{"start":{"line":890,"column":28},"end":{"line":890,"column":48}},"460":{"start":{"line":891,"column":4},"end":{"line":894,"column":5}},"461":{"start":{"line":892,"column":6},"end":{"line":892,"column":51}},"462":{"start":{"line":893,"column":6},"end":{"line":893,"column":48}},"463":{"start":{"line":898,"column":24},"end":{"line":898,"column":25}},"464":{"start":{"line":899,"column":4},"end":{"line":899,"column":49}},"465":{"start":{"line":899,"column":31},"end":{"line":899,"column":49}},"466":{"start":{"line":900,"column":4},"end":{"line":900,"column":49}},"467":{"start":{"line":900,"column":31},"end":{"line":900,"column":49}},"468":{"start":{"line":902,"column":4},"end":{"line":902,"column":71}},"469":{"start":{"line":902,"column":52},"end":{"line":902,"column":71}},"470":{"start":{"line":904,"column":4},"end":{"line":908,"column":5}},"471":{"start":{"line":905,"column":6},"end":{"line":905,"column":46}},"472":{"start":{"line":906,"column":6},"end":{"line":906,"column":34}},"473":{"start":{"line":907,"column":6},"end":{"line":907,"column":40}},"474":{"start":{"line":913,"column":4},"end":{"line":919,"column":5}},"475":{"start":{"line":915,"column":6},"end":{"line":915,"column":22}},"476":{"start":{"line":916,"column":6},"end":{"line":916,"column":22}},"477":{"start":{"line":917,"column":6},"end":{"line":917,"column":22}},"478":{"start":{"line":918,"column":6},"end":{"line":918,"column":22}},"479":{"start":{"line":920,"column":4},"end":{"line":924,"column":5}},"480":{"start":{"line":922,"column":6},"end":{"line":922,"column":22}},"481":{"start":{"line":923,"column":6},"end":{"line":923,"column":22}},"482":{"start":{"line":928,"column":4},"end":{"line":939,"column":5}},"483":{"start":{"line":929,"column":6},"end":{"line":938,"column":7}},"484":{"start":{"line":930,"column":8},"end":{"line":930,"column":25}},"485":{"start":{"line":931,"column":8},"end":{"line":931,"column":24}},"486":{"start":{"line":932,"column":8},"end":{"line":932,"column":24}},"487":{"start":{"line":933,"column":8},"end":{"line":933,"column":26}},"488":{"start":{"line":936,"column":8},"end":{"line":936,"column":25}},"489":{"start":{"line":937,"column":8},"end":{"line":937,"column":24}},"490":{"start":{"line":941,"column":17},"end":{"line":941,"column":37}},"491":{"start":{"line":946,"column":29},"end":{"line":947,"column":89}},"492":{"start":{"line":950,"column":30},"end":{"line":950,"column":52}},"493":{"start":{"line":952,"column":4},"end":{"line":975,"column":5}},"494":{"start":{"line":954,"column":31},"end":{"line":954,"column":61}},"495":{"start":{"line":957,"column":6},"end":{"line":957,"column":74}},"496":{"start":{"line":960,"column":6},"end":{"line":960,"column":41}},"497":{"start":{"line":961,"column":6},"end":{"line":961,"column":37}},"498":{"start":{"line":964,"column":6},"end":{"line":967,"column":7}},"499":{"start":{"line":965,"column":8},"end":{"line":965,"column":50}},"500":{"start":{"line":966,"column":8},"end":{"line":966,"column":39}},"501":{"start":{"line":970,"column":6},"end":{"line":974,"column":7}},"502":{"start":{"line":971,"column":8},"end":{"line":971,"column":25}},"503":{"start":{"line":972,"column":8},"end":{"line":972,"column":24}},"504":{"start":{"line":973,"column":8},"end":{"line":973,"column":55}},"505":{"start":{"line":978,"column":4},"end":{"line":982,"column":5}},"506":{"start":{"line":979,"column":6},"end":{"line":979,"column":51}},"507":{"start":{"line":980,"column":6},"end":{"line":980,"column":47}},"508":{"start":{"line":981,"column":6},"end":{"line":981,"column":22}},"509":{"start":{"line":983,"column":4},"end":{"line":990,"column":5}},"510":{"start":{"line":987,"column":6},"end":{"line":987,"column":22}},"511":{"start":{"line":988,"column":6},"end":{"line":988,"column":22}},"512":{"start":{"line":989,"column":6},"end":{"line":989,"column":24}},"513":{"start":{"line":991,"column":4},"end":{"line":994,"column":5}},"514":{"start":{"line":992,"column":6},"end":{"line":992,"column":22}},"515":{"start":{"line":993,"column":6},"end":{"line":993,"column":22}},"516":{"start":{"line":997,"column":4},"end":{"line":1002,"column":5}},"517":{"start":{"line":998,"column":6},"end":{"line":998,"column":22}},"518":{"start":{"line":999,"column":6},"end":{"line":999,"column":22}},"519":{"start":{"line":1000,"column":6},"end":{"line":1000,"column":57}},"520":{"start":{"line":1001,"column":6},"end":{"line":1001,"column":22}},"521":{"start":{"line":1005,"column":4},"end":{"line":1013,"column":5}},"522":{"start":{"line":1006,"column":6},"end":{"line":1006,"column":22}},"523":{"start":{"line":1007,"column":6},"end":{"line":1007,"column":22}},"524":{"start":{"line":1008,"column":6},"end":{"line":1008,"column":53}},"525":{"start":{"line":1009,"column":11},"end":{"line":1013,"column":5}},"526":{"start":{"line":1010,"column":6},"end":{"line":1010,"column":22}},"527":{"start":{"line":1011,"column":6},"end":{"line":1011,"column":24}},"528":{"start":{"line":1012,"column":6},"end":{"line":1012,"column":47}},"529":{"start":{"line":1016,"column":4},"end":{"line":1031,"column":5}},"530":{"start":{"line":1018,"column":6},"end":{"line":1018,"column":24}},"531":{"start":{"line":1019,"column":6},"end":{"line":1019,"column":24}},"532":{"start":{"line":1020,"column":6},"end":{"line":1020,"column":24}},"533":{"start":{"line":1021,"column":11},"end":{"line":1031,"column":5}},"534":{"start":{"line":1023,"column":6},"end":{"line":1023,"column":21}},"535":{"start":{"line":1024,"column":6},"end":{"line":1024,"column":49}},"536":{"start":{"line":1025,"column":6},"end":{"line":1025,"column":23}},"537":{"start":{"line":1026,"column":6},"end":{"line":1026,"column":22}},"538":{"start":{"line":1027,"column":11},"end":{"line":1031,"column":5}},"539":{"start":{"line":1029,"column":6},"end":{"line":1029,"column":22}},"540":{"start":{"line":1030,"column":6},"end":{"line":1030,"column":22}},"541":{"start":{"line":1034,"column":4},"end":{"line":1039,"column":5}},"542":{"start":{"line":1035,"column":36},"end":{"line":1035,"column":66}},"543":{"start":{"line":1036,"column":6},"end":{"line":1036,"column":44}},"544":{"start":{"line":1038,"column":6},"end":{"line":1038,"column":40}},"545":{"start":{"line":1038,"column":24},"end":{"line":1038,"column":40}},"546":{"start":{"line":1042,"column":4},"end":{"line":1045,"column":5}},"547":{"start":{"line":1043,"column":6},"end":{"line":1043,"column":22}},"548":{"start":{"line":1044,"column":6},"end":{"line":1044,"column":22}},"549":{"start":{"line":1048,"column":18},"end":{"line":1048,"column":67}},"550":{"start":{"line":1048,"column":58},"end":{"line":1048,"column":63}},"551":{"start":{"line":1049,"column":12},"end":{"line":1049,"column":34}},"552":{"start":{"line":1050,"column":17},"end":{"line":1050,"column":20}},"553":{"start":{"line":1051,"column":4},"end":{"line":1057,"column":5}},"554":{"start":{"line":1052,"column":6},"end":{"line":1052,"column":13}},"555":{"start":{"line":1053,"column":6},"end":{"line":1056,"column":7}},"556":{"start":{"line":1054,"column":8},"end":{"line":1054,"column":19}},"557":{"start":{"line":1055,"column":8},"end":{"line":1055,"column":14}},"558":{"start":{"line":1059,"column":14},"end":{"line":1059,"column":86}},"559":{"start":{"line":1061,"column":4},"end":{"line":1071,"column":5}},"560":{"start":{"line":1062,"column":6},"end":{"line":1062,"column":24}},"561":{"start":{"line":1063,"column":25},"end":{"line":1063,"column":95}},"562":{"start":{"line":1064,"column":6},"end":{"line":1064,"column":39}},"563":{"start":{"line":1065,"column":6},"end":{"line":1065,"column":39}},"564":{"start":{"line":1066,"column":11},"end":{"line":1071,"column":5}},"565":{"start":{"line":1067,"column":6},"end":{"line":1067,"column":25}},"566":{"start":{"line":1068,"column":6},"end":{"line":1068,"column":19}},"567":{"start":{"line":1070,"column":6},"end":{"line":1070,"column":34}},"568":{"start":{"line":1072,"column":4},"end":{"line":1072,"column":15}},"569":{"start":{"line":1077,"column":22},"end":{"line":1077,"column":35}},"570":{"start":{"line":1079,"column":17},"end":{"line":1079,"column":19}},"571":{"start":{"line":1080,"column":21},"end":{"line":1080,"column":23}},"572":{"start":{"line":1082,"column":17},"end":{"line":1099,"column":1}},"573":{"start":{"line":1083,"column":15},"end":{"line":1083,"column":32}},"574":{"start":{"line":1084,"column":2},"end":{"line":1097,"column":3}},"575":{"start":{"line":1085,"column":4},"end":{"line":1096,"column":6}},"576":{"start":{"line":1098,"column":2},"end":{"line":1098,"column":24}},"577":{"start":{"line":1103,"column":16},"end":{"line":1103,"column":32}},"578":{"start":{"line":1104,"column":17},"end":{"line":1104,"column":31}},"579":{"start":{"line":1105,"column":18},"end":{"line":1105,"column":33}},"580":{"start":{"line":1107,"column":2},"end":{"line":1107,"column":53}},"581":{"start":{"line":1107,"column":27},"end":{"line":1107,"column":53}},"582":{"start":{"line":1109,"column":19},"end":{"line":1109,"column":62}},"583":{"start":{"line":1110,"column":2},"end":{"line":1110,"column":63}},"584":{"start":{"line":1110,"column":29},"end":{"line":1110,"column":48}},"585":{"start":{"line":1113,"column":30},"end":{"line":1130,"column":1}},"586":{"start":{"line":1114,"column":2},"end":{"line":1114,"column":65}},"587":{"start":{"line":1114,"column":55},"end":{"line":1114,"column":65}},"588":{"start":{"line":1115,"column":18},"end":{"line":1120,"column":26}},"589":{"start":{"line":1117,"column":17},"end":{"line":1117,"column":40}},"590":{"start":{"line":1118,"column":6},"end":{"line":1118,"column":59}},"591":{"start":{"line":1120,"column":20},"end":{"line":1120,"column":25}},"592":{"start":{"line":1122,"column":12},"end":{"line":1122,"column":13}},"593":{"start":{"line":1123,"column":15},"end":{"line":1123,"column":16}},"594":{"start":{"line":1124,"column":2},"end":{"line":1128,"column":3}},"595":{"start":{"line":1124,"column":15},"end":{"line":1124,"column":16}},"596":{"start":{"line":1125,"column":14},"end":{"line":1125,"column":20}},"597":{"start":{"line":1126,"column":4},"end":{"line":1126,"column":26}},"598":{"start":{"line":1127,"column":4},"end":{"line":1127,"column":16}},"599":{"start":{"line":1129,"column":2},"end":{"line":1129,"column":40}},"600":{"start":{"line":1140,"column":22},"end":{"line":1140,"column":59}},"601":{"start":{"line":1141,"column":23},"end":{"line":1141,"column":62}},"602":{"start":{"line":1143,"column":16},"end":{"line":1143,"column":43}},"603":{"start":{"line":1144,"column":17},"end":{"line":1144,"column":46}},"604":{"start":{"line":1145,"column":17},"end":{"line":1145,"column":27}},"605":{"start":{"line":1146,"column":18},"end":{"line":1146,"column":63}},"606":{"start":{"line":1148,"column":14},"end":{"line":1148,"column":15}},"607":{"start":{"line":1149,"column":11},"end":{"line":1149,"column":12}},"608":{"start":{"line":1150,"column":12},"end":{"line":1150,"column":13}},"609":{"start":{"line":1151,"column":16},"end":{"line":1151,"column":17}},"610":{"start":{"line":1152,"column":17},"end":{"line":1152,"column":18}},"611":{"start":{"line":1153,"column":16},"end":{"line":1153,"column":17}},"612":{"start":{"line":1154,"column":22},"end":{"line":1154,"column":23}},"613":{"start":{"line":1155,"column":17},"end":{"line":1155,"column":18}},"614":{"start":{"line":1156,"column":24},"end":{"line":1156,"column":25}},"615":{"start":{"line":1157,"column":25},"end":{"line":1157,"column":26}},"616":{"start":{"line":1158,"column":27},"end":{"line":1164,"column":3}},"617":{"start":{"line":1165,"column":23},"end":{"line":1165,"column":25}},"618":{"start":{"line":1166,"column":18},"end":{"line":1166,"column":20}},"619":{"start":{"line":1169,"column":20},"end":{"line":1169,"column":59}},"620":{"start":{"line":1172,"column":30},"end":{"line":1172,"column":64}},"621":{"start":{"line":1175,"column":25},"end":{"line":1175,"column":27}},"622":{"start":{"line":1179,"column":22},"end":{"line":1179,"column":62}},"623":{"start":{"line":1180,"column":18},"end":{"line":1181,"column":109}},"624":{"start":{"line":1180,"column":39},"end":{"line":1180,"column":61}},"625":{"start":{"line":1181,"column":38},"end":{"line":1181,"column":108}},"626":{"start":{"line":1182,"column":26},"end":{"line":1182,"column":46}},"627":{"start":{"line":1184,"column":2},"end":{"line":1189,"column":5}},"628":{"start":{"line":1187,"column":4},"end":{"line":1188,"column":79}},"629":{"start":{"line":1192,"column":17},"end":{"line":1200,"column":5}},"630":{"start":{"line":1192,"column":38},"end":{"line":1200,"column":3}},"631":{"start":{"line":1201,"column":2},"end":{"line":1201,"column":46}},"632":{"start":{"line":1201,"column":17},"end":{"line":1201,"column":46}},"633":{"start":{"line":1202,"column":2},"end":{"line":1202,"column":46}},"634":{"start":{"line":1202,"column":17},"end":{"line":1202,"column":46}},"635":{"start":{"line":1204,"column":2},"end":{"line":1397,"column":3}},"636":{"start":{"line":1204,"column":18},"end":{"line":1204,"column":19}},"637":{"start":{"line":1205,"column":4},"end":{"line":1205,"column":87}},"638":{"start":{"line":1205,"column":81},"end":{"line":1205,"column":87}},"639":{"start":{"line":1207,"column":18},"end":{"line":1207,"column":63}},"640":{"start":{"line":1208,"column":19},"end":{"line":1208,"column":73}},"641":{"start":{"line":1209,"column":4},"end":{"line":1209,"column":23}},"642":{"start":{"line":1209,"column":17},"end":{"line":1209,"column":23}},"643":{"start":{"line":1212,"column":4},"end":{"line":1212,"column":72}},"644":{"start":{"line":1212,"column":38},"end":{"line":1212,"column":72}},"645":{"start":{"line":1215,"column":4},"end":{"line":1215,"column":33}},"646":{"start":{"line":1215,"column":22},"end":{"line":1215,"column":33}},"647":{"start":{"line":1217,"column":27},"end":{"line":1217,"column":28}},"648":{"start":{"line":1218,"column":4},"end":{"line":1392,"column":5}},"649":{"start":{"line":1219,"column":6},"end":{"line":1219,"column":89}},"650":{"start":{"line":1219,"column":83},"end":{"line":1219,"column":89}},"651":{"start":{"line":1221,"column":18},"end":{"line":1221,"column":35}},"652":{"start":{"line":1222,"column":20},"end":{"line":1222,"column":35}},"653":{"start":{"line":1224,"column":6},"end":{"line":1224,"column":32}},"654":{"start":{"line":1224,"column":26},"end":{"line":1224,"column":32}},"655":{"start":{"line":1226,"column":18},"end":{"line":1226,"column":19}},"656":{"start":{"line":1227,"column":6},"end":{"line":1231,"column":7}},"657":{"start":{"line":1228,"column":24},"end":{"line":1228,"column":38}},"658":{"start":{"line":1229,"column":25},"end":{"line":1229,"column":36}},"659":{"start":{"line":1230,"column":8},"end":{"line":1230,"column":61}},"660":{"start":{"line":1233,"column":22},"end":{"line":1259,"column":7}},"661":{"start":{"line":1261,"column":6},"end":{"line":1261,"column":28}},"662":{"start":{"line":1262,"column":6},"end":{"line":1262,"column":59}},"663":{"start":{"line":1264,"column":6},"end":{"line":1264,"column":41}},"664":{"start":{"line":1264,"column":26},"end":{"line":1264,"column":41}},"665":{"start":{"line":1266,"column":6},"end":{"line":1273,"column":9}},"666":{"start":{"line":1276,"column":6},"end":{"line":1284,"column":7}},"667":{"start":{"line":1277,"column":8},"end":{"line":1281,"column":9}},"668":{"start":{"line":1278,"column":10},"end":{"line":1278,"column":48}},"669":{"start":{"line":1279,"column":10},"end":{"line":1279,"column":64}},"670":{"start":{"line":1280,"column":10},"end":{"line":1280,"column":46}},"671":{"start":{"line":1282,"column":8},"end":{"line":1282,"column":48}},"672":{"start":{"line":1283,"column":8},"end":{"line":1283,"column":35}},"673":{"start":{"line":1286,"column":17},"end":{"line":1286,"column":53}},"674":{"start":{"line":1287,"column":6},"end":{"line":1287,"column":38}},"675":{"start":{"line":1288,"column":6},"end":{"line":1288,"column":43}},"676":{"start":{"line":1288,"column":26},"end":{"line":1288,"column":43}},"677":{"start":{"line":1290,"column":6},"end":{"line":1387,"column":7}},"678":{"start":{"line":1291,"column":8},"end":{"line":1291,"column":15}},"679":{"start":{"line":1292,"column":8},"end":{"line":1292,"column":26}},"680":{"start":{"line":1293,"column":8},"end":{"line":1293,"column":21}},"681":{"start":{"line":1296,"column":8},"end":{"line":1302,"column":9}},"682":{"start":{"line":1297,"column":10},"end":{"line":1301,"column":13}},"683":{"start":{"line":1304,"column":8},"end":{"line":1304,"column":28}},"684":{"start":{"line":1305,"column":8},"end":{"line":1305,"column":29}},"685":{"start":{"line":1306,"column":8},"end":{"line":1306,"column":95}},"686":{"start":{"line":1307,"column":8},"end":{"line":1307,"column":29}},"687":{"start":{"line":1308,"column":8},"end":{"line":1308,"column":22}},"688":{"start":{"line":1309,"column":8},"end":{"line":1309,"column":46}},"689":{"start":{"line":1310,"column":8},"end":{"line":1310,"column":40}},"690":{"start":{"line":1311,"column":8},"end":{"line":1311,"column":35}},"691":{"start":{"line":1312,"column":8},"end":{"line":1312,"column":54}},"692":{"start":{"line":1315,"column":8},"end":{"line":1318,"column":10}},"693":{"start":{"line":1320,"column":8},"end":{"line":1324,"column":9}},"694":{"start":{"line":1321,"column":10},"end":{"line":1321,"column":20}},"695":{"start":{"line":1322,"column":10},"end":{"line":1322,"column":23}},"696":{"start":{"line":1323,"column":10},"end":{"line":1323,"column":24}},"697":{"start":{"line":1326,"column":8},"end":{"line":1339,"column":9}},"698":{"start":{"line":1327,"column":10},"end":{"line":1327,"column":30}},"699":{"start":{"line":1328,"column":10},"end":{"line":1328,"column":45}},"700":{"start":{"line":1330,"column":10},"end":{"line":1336,"column":12}},"701":{"start":{"line":1338,"column":10},"end":{"line":1338,"column":23}},"702":{"start":{"line":1341,"column":8},"end":{"line":1386,"column":9}},"703":{"start":{"line":1342,"column":10},"end":{"line":1342,"column":37}},"704":{"start":{"line":1343,"column":10},"end":{"line":1343,"column":24}},"705":{"start":{"line":1344,"column":10},"end":{"line":1344,"column":42}},"706":{"start":{"line":1345,"column":10},"end":{"line":1345,"column":29}},"707":{"start":{"line":1347,"column":10},"end":{"line":1367,"column":11}},"708":{"start":{"line":1348,"column":12},"end":{"line":1348,"column":23}},"709":{"start":{"line":1350,"column":25},"end":{"line":1350,"column":57}},"710":{"start":{"line":1351,"column":12},"end":{"line":1354,"column":14}},"711":{"start":{"line":1356,"column":12},"end":{"line":1356,"column":49}},"712":{"start":{"line":1358,"column":12},"end":{"line":1366,"column":13}},"713":{"start":{"line":1359,"column":14},"end":{"line":1359,"column":38}},"714":{"start":{"line":1360,"column":14},"end":{"line":1363,"column":16}},"715":{"start":{"line":1365,"column":14},"end":{"line":1365,"column":40}},"716":{"start":{"line":1369,"column":21},"end":{"line":1369,"column":53}},"717":{"start":{"line":1370,"column":10},"end":{"line":1370,"column":34}},"718":{"start":{"line":1371,"column":10},"end":{"line":1371,"column":26}},"719":{"start":{"line":1372,"column":10},"end":{"line":1372,"column":33}},"720":{"start":{"line":1374,"column":10},"end":{"line":1377,"column":11}},"721":{"start":{"line":1375,"column":12},"end":{"line":1375,"column":23}},"722":{"start":{"line":1376,"column":12},"end":{"line":1376,"column":26}},"723":{"start":{"line":1378,"column":10},"end":{"line":1381,"column":11}},"724":{"start":{"line":1379,"column":12},"end":{"line":1379,"column":23}},"725":{"start":{"line":1380,"column":12},"end":{"line":1380,"column":26}},"726":{"start":{"line":1383,"column":10},"end":{"line":1385,"column":11}},"727":{"start":{"line":1384,"column":12},"end":{"line":1384,"column":58}},"728":{"start":{"line":1388,"column":6},"end":{"line":1391,"column":7}},"729":{"start":{"line":1389,"column":8},"end":{"line":1389,"column":16}},"730":{"start":{"line":1390,"column":8},"end":{"line":1390,"column":27}},"731":{"start":{"line":1394,"column":4},"end":{"line":1394,"column":39}},"732":{"start":{"line":1395,"column":4},"end":{"line":1395,"column":50}},"733":{"start":{"line":1396,"column":4},"end":{"line":1396,"column":43}},"734":{"start":{"line":1396,"column":27},"end":{"line":1396,"column":43}},"735":{"start":{"line":1400,"column":2},"end":{"line":1406,"column":3}},"736":{"start":{"line":1401,"column":4},"end":{"line":1405,"column":7}},"737":{"start":{"line":1408,"column":2},"end":{"line":1410,"column":5}},"738":{"start":{"line":1409,"column":4},"end":{"line":1409,"column":68}},"739":{"start":{"line":1409,"column":32},"end":{"line":1409,"column":68}},"740":{"start":{"line":1413,"column":2},"end":{"line":1415,"column":5}},"741":{"start":{"line":1414,"column":4},"end":{"line":1414,"column":62}},"742":{"start":{"line":1417,"column":2},"end":{"line":1426,"column":4}},"743":{"start":{"line":1432,"column":24},"end":{"line":1463,"column":3}},"744":{"start":{"line":1433,"column":12},"end":{"line":1433,"column":13}},"745":{"start":{"line":1434,"column":10},"end":{"line":1434,"column":11}},"746":{"start":{"line":1435,"column":10},"end":{"line":1435,"column":11}},"747":{"start":{"line":1436,"column":19},"end":{"line":1436,"column":40}},"748":{"start":{"line":1438,"column":6},"end":{"line":1440,"column":24}},"749":{"start":{"line":1439,"column":8},"end":{"line":1439,"column":66}},"750":{"start":{"line":1442,"column":4},"end":{"line":1461,"column":5}},"751":{"start":{"line":1442,"column":17},"end":{"line":1442,"column":18}},"752":{"start":{"line":1443,"column":18},"end":{"line":1457,"column":7}},"753":{"start":{"line":1458,"column":6},"end":{"line":1458,"column":20}},"754":{"start":{"line":1459,"column":6},"end":{"line":1459,"column":26}},"755":{"start":{"line":1459,"column":22},"end":{"line":1459,"column":26}},"756":{"start":{"line":1460,"column":6},"end":{"line":1460,"column":24}},"757":{"start":{"line":1460,"column":18},"end":{"line":1460,"column":24}},"758":{"start":{"line":1462,"column":4},"end":{"line":1462,"column":33}},"759":{"start":{"line":1465,"column":13},"end":{"line":1465,"column":34}},"760":{"start":{"line":1466,"column":13},"end":{"line":1466,"column":34}},"761":{"start":{"line":1468,"column":2},"end":{"line":1468,"column":76}},"762":{"start":{"line":1468,"column":27},"end":{"line":1468,"column":76}},"763":{"start":{"line":1469,"column":2},"end":{"line":1469,"column":76}},"764":{"start":{"line":1469,"column":27},"end":{"line":1469,"column":76}},"765":{"start":{"line":1471,"column":2},"end":{"line":1474,"column":4}},"766":{"start":{"line":1478,"column":21},"end":{"line":1478,"column":59}},"767":{"start":{"line":1480,"column":21},"end":{"line":1480,"column":51}},"768":{"start":{"line":1481,"column":20},"end":{"line":1481,"column":47}},"769":{"start":{"line":1482,"column":18},"end":{"line":1482,"column":23}},"770":{"start":{"line":1483,"column":19},"end":{"line":1483,"column":41}},"771":{"start":{"line":1485,"column":16},"end":{"line":1485,"column":40}},"772":{"start":{"line":1488,"column":2},"end":{"line":1498,"column":3}},"773":{"start":{"line":1489,"column":4},"end":{"line":1489,"column":23}},"774":{"start":{"line":1490,"column":4},"end":{"line":1490,"column":77}},"775":{"start":{"line":1491,"column":9},"end":{"line":1498,"column":3}},"776":{"start":{"line":1492,"column":4},"end":{"line":1492,"column":22}},"777":{"start":{"line":1493,"column":4},"end":{"line":1494,"column":72}},"778":{"start":{"line":1495,"column":9},"end":{"line":1498,"column":3}},"779":{"start":{"line":1496,"column":4},"end":{"line":1496,"column":23}},"780":{"start":{"line":1497,"column":4},"end":{"line":1497,"column":58}},"781":{"start":{"line":1500,"column":2},"end":{"line":1506,"column":3}},"782":{"start":{"line":1501,"column":4},"end":{"line":1501,"column":25}},"783":{"start":{"line":1502,"column":4},"end":{"line":1502,"column":27}},"784":{"start":{"line":1504,"column":4},"end":{"line":1504,"column":26}},"785":{"start":{"line":1505,"column":4},"end":{"line":1505,"column":26}},"786":{"start":{"line":1508,"column":13},"end":{"line":1508,"column":72}},"787":{"start":{"line":1509,"column":13},"end":{"line":1509,"column":76}},"788":{"start":{"line":1511,"column":13},"end":{"line":1511,"column":42}},"789":{"start":{"line":1512,"column":13},"end":{"line":1512,"column":42}},"790":{"start":{"line":1516,"column":2},"end":{"line":1524,"column":3}},"791":{"start":{"line":1518,"column":22},"end":{"line":1518,"column":67}},"792":{"start":{"line":1519,"column":4},"end":{"line":1519,"column":30}},"793":{"start":{"line":1520,"column":4},"end":{"line":1520,"column":30}},"794":{"start":{"line":1522,"column":4},"end":{"line":1522,"column":54}},"795":{"start":{"line":1523,"column":4},"end":{"line":1523,"column":69}},"796":{"start":{"line":1526,"column":18},"end":{"line":1526,"column":53}},"797":{"start":{"line":1527,"column":18},"end":{"line":1527,"column":53}},"798":{"start":{"line":1529,"column":23},"end":{"line":1529,"column":98}},"799":{"start":{"line":1531,"column":2},"end":{"line":1552,"column":4}},"800":{"start":{"line":1558,"column":2},"end":{"line":1559,"column":58}},"801":{"start":{"line":1559,"column":4},"end":{"line":1559,"column":58}},"802":{"start":{"line":1562,"column":2},"end":{"line":1562,"column":23}},"803":{"start":{"line":1563,"column":2},"end":{"line":1563,"column":51}},"804":{"start":{"line":1563,"column":30},"end":{"line":1563,"column":51}},"805":{"start":{"line":1564,"column":2},"end":{"line":1564,"column":59}},"806":{"start":{"line":1564,"column":34},"end":{"line":1564,"column":59}},"807":{"start":{"line":1565,"column":2},"end":{"line":1565,"column":57}},"808":{"start":{"line":1565,"column":33},"end":{"line":1565,"column":57}},"809":{"start":{"line":1568,"column":2},"end":{"line":1591,"column":5}},"810":{"start":{"line":1569,"column":4},"end":{"line":1569,"column":31}},"811":{"start":{"line":1569,"column":18},"end":{"line":1569,"column":31}},"812":{"start":{"line":1571,"column":4},"end":{"line":1577,"column":5}},"813":{"start":{"line":1572,"column":6},"end":{"line":1576,"column":9}},"814":{"start":{"line":1579,"column":4},"end":{"line":1579,"column":60}},"815":{"start":{"line":1579,"column":28},"end":{"line":1579,"column":57}},"816":{"start":{"line":1580,"column":4},"end":{"line":1590,"column":6}},"817":{"start":{"line":1593,"column":18},"end":{"line":1593,"column":20}},"818":{"start":{"line":1597,"column":15},"end":{"line":1597,"column":60}},"819":{"start":{"line":1597,"column":40},"end":{"line":1597,"column":59}},"820":{"start":{"line":1598,"column":15},"end":{"line":1598,"column":60}},"821":{"start":{"line":1598,"column":40},"end":{"line":1598,"column":59}},"822":{"start":{"line":1599,"column":4},"end":{"line":1599,"column":27}},"823":{"start":{"line":1599,"column":20},"end":{"line":1599,"column":27}},"824":{"start":{"line":1601,"column":4},"end":{"line":1601,"column":22}},"825":{"start":{"line":1602,"column":4},"end":{"line":1602,"column":22}},"826":{"start":{"line":1604,"column":4},"end":{"line":1615,"column":5}},"827":{"start":{"line":1605,"column":6},"end":{"line":1605,"column":24}},"828":{"start":{"line":1606,"column":6},"end":{"line":1606,"column":24}},"829":{"start":{"line":1607,"column":11},"end":{"line":1615,"column":5}},"830":{"start":{"line":1608,"column":6},"end":{"line":1608,"column":21}},"831":{"start":{"line":1609,"column":6},"end":{"line":1609,"column":24}},"832":{"start":{"line":1610,"column":6},"end":{"line":1610,"column":22}},"833":{"start":{"line":1612,"column":6},"end":{"line":1612,"column":21}},"834":{"start":{"line":1613,"column":6},"end":{"line":1613,"column":24}},"835":{"start":{"line":1614,"column":6},"end":{"line":1614,"column":22}},"836":{"start":{"line":1618,"column":15},"end":{"line":1618,"column":31}},"837":{"start":{"line":1619,"column":15},"end":{"line":1619,"column":31}},"838":{"start":{"line":1622,"column":31},"end":{"line":1641,"column":5}},"839":{"start":{"line":1623,"column":32},"end":{"line":1623,"column":48}},"840":{"start":{"line":1625,"column":28},"end":{"line":1625,"column":104}},"841":{"start":{"line":1626,"column":28},"end":{"line":1626,"column":65}},"842":{"start":{"line":1628,"column":8},"end":{"line":1640,"column":9}},"843":{"start":{"line":1629,"column":25},"end":{"line":1629,"column":38}},"844":{"start":{"line":1631,"column":26},"end":{"line":1631,"column":70}},"845":{"start":{"line":1634,"column":12},"end":{"line":1634,"column":41}},"846":{"start":{"line":1635,"column":12},"end":{"line":1635,"column":42}},"847":{"start":{"line":1638,"column":12},"end":{"line":1638,"column":41}},"848":{"start":{"line":1639,"column":12},"end":{"line":1639,"column":42}},"849":{"start":{"line":1643,"column":4},"end":{"line":1643,"column":33}},"850":{"start":{"line":1644,"column":4},"end":{"line":1644,"column":34}},"851":{"start":{"line":1648,"column":2},"end":{"line":1655,"column":3}},"852":{"start":{"line":1648,"column":15},"end":{"line":1648,"column":16}},"853":{"start":{"line":1649,"column":4},"end":{"line":1654,"column":5}},"854":{"start":{"line":1649,"column":17},"end":{"line":1649,"column":18}},"855":{"start":{"line":1650,"column":6},"end":{"line":1650,"column":28}},"856":{"start":{"line":1650,"column":19},"end":{"line":1650,"column":28}},"857":{"start":{"line":1651,"column":16},"end":{"line":1651,"column":73}},"858":{"start":{"line":1652,"column":6},"end":{"line":1652,"column":28}},"859":{"start":{"line":1653,"column":6},"end":{"line":1653,"column":22}},"860":{"start":{"line":1658,"column":2},"end":{"line":1660,"column":4}},"861":{"start":{"line":1663,"column":2},"end":{"line":1667,"column":5}},"862":{"start":{"line":1664,"column":15},"end":{"line":1664,"column":59}},"863":{"start":{"line":1665,"column":15},"end":{"line":1665,"column":59}},"864":{"start":{"line":1666,"column":4},"end":{"line":1666,"column":51}},"865":{"start":{"line":1669,"column":20},"end":{"line":1671,"column":3}},"866":{"start":{"line":1670,"column":14},"end":{"line":1670,"column":68}},"867":{"start":{"line":1674,"column":19},"end":{"line":1674,"column":21}},"868":{"start":{"line":1675,"column":17},"end":{"line":1675,"column":29}},"869":{"start":{"line":1676,"column":17},"end":{"line":1676,"column":29}},"870":{"start":{"line":1678,"column":2},"end":{"line":1706,"column":3}},"871":{"start":{"line":1679,"column":15},"end":{"line":1679,"column":71}},"872":{"start":{"line":1680,"column":16},"end":{"line":1680,"column":71}},"873":{"start":{"line":1683,"column":6},"end":{"line":1683,"column":71}},"874":{"start":{"line":1685,"column":6},"end":{"line":1685,"column":71}},"875":{"start":{"line":1687,"column":6},"end":{"line":1687,"column":72}},"876":{"start":{"line":1689,"column":15},"end":{"line":1689,"column":63}},"877":{"start":{"line":1690,"column":21},"end":{"line":1690,"column":73}},"878":{"start":{"line":1692,"column":18},"end":{"line":1692,"column":60}},"879":{"start":{"line":1694,"column":4},"end":{"line":1694,"column":72}},"880":{"start":{"line":1695,"column":4},"end":{"line":1695,"column":72}},"881":{"start":{"line":1697,"column":4},"end":{"line":1697,"column":38}},"882":{"start":{"line":1698,"column":9},"end":{"line":1706,"column":3}},"883":{"start":{"line":1700,"column":18},"end":{"line":1700,"column":68}},"884":{"start":{"line":1701,"column":4},"end":{"line":1702,"column":75}},"885":{"start":{"line":1703,"column":4},"end":{"line":1704,"column":75}},"886":{"start":{"line":1705,"column":4},"end":{"line":1705,"column":25}},"887":{"start":{"line":1709,"column":17},"end":{"line":1717,"column":3}},"888":{"start":{"line":1710,"column":15},"end":{"line":1710,"column":52}},"889":{"start":{"line":1711,"column":4},"end":{"line":1715,"column":5}},"890":{"start":{"line":1712,"column":6},"end":{"line":1714,"column":7}},"891":{"start":{"line":1713,"column":8},"end":{"line":1713,"column":74}},"892":{"start":{"line":1716,"column":4},"end":{"line":1716,"column":16}},"893":{"start":{"line":1719,"column":20},"end":{"line":1731,"column":3}},"894":{"start":{"line":1720,"column":15},"end":{"line":1720,"column":51}},"895":{"start":{"line":1721,"column":4},"end":{"line":1729,"column":5}},"896":{"start":{"line":1722,"column":17},"end":{"line":1722,"column":28}},"897":{"start":{"line":1723,"column":6},"end":{"line":1728,"column":7}},"898":{"start":{"line":1724,"column":19},"end":{"line":1724,"column":50}},"899":{"start":{"line":1725,"column":8},"end":{"line":1727,"column":9}},"900":{"start":{"line":1726,"column":10},"end":{"line":1726,"column":76}},"901":{"start":{"line":1730,"column":4},"end":{"line":1730,"column":16}},"902":{"start":{"line":1733,"column":21},"end":{"line":1745,"column":3}},"903":{"start":{"line":1734,"column":15},"end":{"line":1734,"column":52}},"904":{"start":{"line":1735,"column":4},"end":{"line":1743,"column":5}},"905":{"start":{"line":1736,"column":17},"end":{"line":1736,"column":28}},"906":{"start":{"line":1737,"column":6},"end":{"line":1742,"column":7}},"907":{"start":{"line":1738,"column":20},"end":{"line":1738,"column":58}},"908":{"start":{"line":1739,"column":8},"end":{"line":1741,"column":9}},"909":{"start":{"line":1740,"column":10},"end":{"line":1740,"column":77}},"910":{"start":{"line":1744,"column":4},"end":{"line":1744,"column":73}},"911":{"start":{"line":1747,"column":24},"end":{"line":1758,"column":3}},"912":{"start":{"line":1748,"column":15},"end":{"line":1748,"column":51}},"913":{"start":{"line":1749,"column":4},"end":{"line":1756,"column":5}},"914":{"start":{"line":1750,"column":17},"end":{"line":1750,"column":28}},"915":{"start":{"line":1752,"column":21},"end":{"line":1752,"column":58}},"916":{"start":{"line":1753,"column":6},"end":{"line":1755,"column":7}},"917":{"start":{"line":1754,"column":8},"end":{"line":1754,"column":67}},"918":{"start":{"line":1757,"column":4},"end":{"line":1757,"column":16}},"919":{"start":{"line":1760,"column":2},"end":{"line":1781,"column":4}},"920":{"start":{"line":1763,"column":37},"end":{"line":1767,"column":5}},"921":{"start":{"line":1778,"column":18},"end":{"line":1778,"column":38}},"922":{"start":{"line":1787,"column":14},"end":{"line":1787,"column":30}},"923":{"start":{"line":1788,"column":0},"end":{"line":1788,"column":27}},"924":{"start":{"line":1791,"column":23},"end":{"line":1791,"column":49}},"925":{"start":{"line":1792,"column":23},"end":{"line":1792,"column":28}},"926":{"start":{"line":1795,"column":2},"end":{"line":1795,"column":63}},"927":{"start":{"line":1797,"column":2},"end":{"line":1803,"column":3}},"928":{"start":{"line":1798,"column":4},"end":{"line":1801,"column":6}},"929":{"start":{"line":1802,"column":4},"end":{"line":1802,"column":44}},"930":{"start":{"line":1806,"column":19},"end":{"line":1814,"column":17}},"931":{"start":{"line":1809,"column":8},"end":{"line":1811,"column":92}},"932":{"start":{"line":1810,"column":31},"end":{"line":1810,"column":66}},"933":{"start":{"line":1812,"column":6},"end":{"line":1812,"column":54}},"934":{"start":{"line":1816,"column":21},"end":{"line":1856,"column":5}},"935":{"start":{"line":1859,"column":2},"end":{"line":1902,"column":3}},"936":{"start":{"line":1860,"column":25},"end":{"line":1860,"column":56}},"937":{"start":{"line":1863,"column":20},"end":{"line":1866,"column":13}},"938":{"start":{"line":1869,"column":23},"end":{"line":1869,"column":45}},"939":{"start":{"line":1870,"column":22},"end":{"line":1870,"column":48}},"940":{"start":{"line":1871,"column":4},"end":{"line":1873,"column":5}},"941":{"start":{"line":1872,"column":6},"end":{"line":1872,"column":65}},"942":{"start":{"line":1875,"column":17},"end":{"line":1875,"column":38}},"943":{"start":{"line":1878,"column":4},"end":{"line":1886,"column":5}},"944":{"start":{"line":1879,"column":6},"end":{"line":1885,"column":9}},"945":{"start":{"line":1880,"column":25},"end":{"line":1880,"column":68}},"946":{"start":{"line":1880,"column":50},"end":{"line":1880,"column":67}},"947":{"start":{"line":1881,"column":8},"end":{"line":1884,"column":9}},"948":{"start":{"line":1882,"column":10},"end":{"line":1882,"column":45}},"949":{"start":{"line":1883,"column":10},"end":{"line":1883,"column":37}},"950":{"start":{"line":1888,"column":4},"end":{"line":1888,"column":49}},"951":{"start":{"line":1889,"column":4},"end":{"line":1889,"column":16}},"952":{"start":{"line":1891,"column":4},"end":{"line":1891,"column":60}},"953":{"start":{"line":1892,"column":4},"end":{"line":1892,"column":66}},"954":{"start":{"line":1893,"column":4},"end":{"line":1901,"column":5}},"955":{"start":{"line":1894,"column":6},"end":{"line":1894,"column":46}},"956":{"start":{"line":1896,"column":6},"end":{"line":1896,"column":65}},"957":{"start":{"line":1897,"column":6},"end":{"line":1900,"column":8}},"958":{"start":{"line":1911,"column":2},"end":{"line":1983,"column":5}},"959":{"start":{"line":1912,"column":21},"end":{"line":1921,"column":6}},"960":{"start":{"line":1923,"column":20},"end":{"line":1933,"column":5}},"961":{"start":{"line":1935,"column":16},"end":{"line":1964,"column":6}},"962":{"start":{"line":1936,"column":20},"end":{"line":1936,"column":22}},"963":{"start":{"line":1937,"column":6},"end":{"line":1937,"column":52}},"964":{"start":{"line":1937,"column":33},"end":{"line":1937,"column":49}},"965":{"start":{"line":1938,"column":6},"end":{"line":1963,"column":9}},"966":{"start":{"line":1939,"column":8},"end":{"line":1962,"column":9}},"967":{"start":{"line":1940,"column":25},"end":{"line":1940,"column":44}},"968":{"start":{"line":1941,"column":10},"end":{"line":1946,"column":11}},"969":{"start":{"line":1942,"column":12},"end":{"line":1942,"column":61}},"970":{"start":{"line":1943,"column":12},"end":{"line":1945,"column":14}},"971":{"start":{"line":1948,"column":10},"end":{"line":1950,"column":11}},"972":{"start":{"line":1949,"column":12},"end":{"line":1949,"column":68}},"973":{"start":{"line":1952,"column":23},"end":{"line":1952,"column":65}},"974":{"start":{"line":1953,"column":10},"end":{"line":1953,"column":24}},"975":{"start":{"line":1955,"column":10},"end":{"line":1960,"column":12}},"976":{"start":{"line":1961,"column":10},"end":{"line":1961,"column":70}},"977":{"start":{"line":1967,"column":4},"end":{"line":1974,"column":7}},"978":{"start":{"line":1968,"column":6},"end":{"line":1968,"column":20}},"979":{"start":{"line":1969,"column":6},"end":{"line":1973,"column":8}},"980":{"start":{"line":1976,"column":4},"end":{"line":1979,"column":7}},"981":{"start":{"line":1977,"column":6},"end":{"line":1977,"column":49}},"982":{"start":{"line":1978,"column":6},"end":{"line":1978,"column":44}},"983":{"start":{"line":1981,"column":4},"end":{"line":1981,"column":24}},"984":{"start":{"line":1982,"column":4},"end":{"line":1982,"column":14}},"985":{"start":{"line":1986,"column":0},"end":{"line":1994,"column":2}}},"fnMap":{"0":{"name":"(anonymous_0)","decl":{"start":{"line":16,"column":39},"end":{"line":16,"column":40}},"loc":{"start":{"line":16,"column":46},"end":{"line":18,"column":3}},"line":16},"1":{"name":"getPlayerFromDB","decl":{"start":{"line":24,"column":9},"end":{"line":24,"column":24}},"loc":{"start":{"line":24,"column":31},"end":{"line":29,"column":1}},"line":24},"2":{"name":"seededRandom","decl":{"start":{"line":181,"column":9},"end":{"line":181,"column":21}},"loc":{"start":{"line":181,"column":24},"end":{"line":184,"column":1}},"line":181},"3":{"name":"getForm","decl":{"start":{"line":188,"column":9},"end":{"line":188,"column":16}},"loc":{"start":{"line":188,"column":23},"end":{"line":191,"column":1}},"line":188},"4":{"name":"updateForm","decl":{"start":{"line":192,"column":9},"end":{"line":192,"column":19}},"loc":{"start":{"line":192,"column":39},"end":{"line":200,"column":1}},"line":192},"5":{"name":"updateBowlingForm","decl":{"start":{"line":201,"column":9},"end":{"line":201,"column":26}},"loc":{"start":{"line":201,"column":42},"end":{"line":208,"column":1}},"line":201},"6":{"name":"getVenueForTeam","decl":{"start":{"line":211,"column":9},"end":{"line":211,"column":24}},"loc":{"start":{"line":211,"column":35},"end":{"line":219,"column":1}},"line":211},"7":{"name":"(anonymous_7)","decl":{"start":{"line":223,"column":17},"end":{"line":223,"column":18}},"loc":{"start":{"line":223,"column":29},"end":{"line":267,"column":3}},"line":223},"8":{"name":"(anonymous_8)","decl":{"start":{"line":269,"column":17},"end":{"line":269,"column":18}},"loc":{"start":{"line":269,"column":32},"end":{"line":314,"column":3}},"line":269},"9":{"name":"(anonymous_9)","decl":{"start":{"line":271,"column":45},"end":{"line":271,"column":46}},"loc":{"start":{"line":271,"column":52},"end":{"line":277,"column":5}},"line":271},"10":{"name":"(anonymous_10)","decl":{"start":{"line":280,"column":38},"end":{"line":280,"column":39}},"loc":{"start":{"line":280,"column":45},"end":{"line":299,"column":5}},"line":280},"11":{"name":"(anonymous_11)","decl":{"start":{"line":302,"column":17},"end":{"line":302,"column":18}},"loc":{"start":{"line":302,"column":27},"end":{"line":302,"column":54}},"line":302},"12":{"name":"(anonymous_12)","decl":{"start":{"line":305,"column":23},"end":{"line":305,"column":24}},"loc":{"start":{"line":305,"column":33},"end":{"line":313,"column":5}},"line":305},"13":{"name":"(anonymous_13)","decl":{"start":{"line":316,"column":28},"end":{"line":316,"column":29}},"loc":{"start":{"line":316,"column":43},"end":{"line":318,"column":3}},"line":316},"14":{"name":"(anonymous_14)","decl":{"start":{"line":320,"column":23},"end":{"line":320,"column":24}},"loc":{"start":{"line":320,"column":56},"end":{"line":378,"column":3}},"line":320},"15":{"name":"(anonymous_15)","decl":{"start":{"line":323,"column":6},"end":{"line":323,"column":7}},"loc":{"start":{"line":323,"column":13},"end":{"line":323,"column":67}},"line":323},"16":{"name":"(anonymous_16)","decl":{"start":{"line":328,"column":35},"end":{"line":328,"column":36}},"loc":{"start":{"line":328,"column":42},"end":{"line":328,"column":57}},"line":328},"17":{"name":"(anonymous_17)","decl":{"start":{"line":333,"column":20},"end":{"line":333,"column":21}},"loc":{"start":{"line":333,"column":30},"end":{"line":373,"column":5}},"line":333},"18":{"name":"(anonymous_18)","decl":{"start":{"line":342,"column":19},"end":{"line":342,"column":20}},"loc":{"start":{"line":342,"column":26},"end":{"line":342,"column":55}},"line":342},"19":{"name":"(anonymous_19)","decl":{"start":{"line":380,"column":21},"end":{"line":380,"column":22}},"loc":{"start":{"line":380,"column":39},"end":{"line":382,"column":3}},"line":380},"20":{"name":"(anonymous_20)","decl":{"start":{"line":384,"column":17},"end":{"line":384,"column":18}},"loc":{"start":{"line":384,"column":29},"end":{"line":397,"column":3}},"line":384},"21":{"name":"layoutOvers","decl":{"start":{"line":400,"column":9},"end":{"line":400,"column":20}},"loc":{"start":{"line":400,"column":28},"end":{"line":405,"column":1}},"line":400},"22":{"name":"(anonymous_22)","decl":{"start":{"line":409,"column":11},"end":{"line":409,"column":12}},"loc":{"start":{"line":409,"column":18},"end":{"line":450,"column":3}},"line":409},"23":{"name":"(anonymous_23)","decl":{"start":{"line":451,"column":17},"end":{"line":451,"column":18}},"loc":{"start":{"line":451,"column":54},"end":{"line":486,"column":3}},"line":451},"24":{"name":"(anonymous_24)","decl":{"start":{"line":455,"column":29},"end":{"line":455,"column":30}},"loc":{"start":{"line":455,"column":35},"end":{"line":461,"column":5}},"line":455},"25":{"name":"(anonymous_25)","decl":{"start":{"line":458,"column":45},"end":{"line":458,"column":46}},"loc":{"start":{"line":458,"column":50},"end":{"line":458,"column":72}},"line":458},"26":{"name":"(anonymous_26)","decl":{"start":{"line":488,"column":24},"end":{"line":488,"column":25}},"loc":{"start":{"line":488,"column":63},"end":{"line":1073,"column":3}},"line":488},"27":{"name":"(anonymous_27)","decl":{"start":{"line":1048,"column":48},"end":{"line":1048,"column":49}},"loc":{"start":{"line":1048,"column":58},"end":{"line":1048,"column":63}},"line":1048},"28":{"name":"(anonymous_28)","decl":{"start":{"line":1082,"column":17},"end":{"line":1082,"column":18}},"loc":{"start":{"line":1082,"column":66},"end":{"line":1099,"column":1}},"line":1082},"29":{"name":"getActiveXI","decl":{"start":{"line":1102,"column":9},"end":{"line":1102,"column":20}},"loc":{"start":{"line":1102,"column":33},"end":{"line":1111,"column":1}},"line":1102},"30":{"name":"(anonymous_30)","decl":{"start":{"line":1110,"column":22},"end":{"line":1110,"column":23}},"loc":{"start":{"line":1110,"column":29},"end":{"line":1110,"column":48}},"line":1110},"31":{"name":"(anonymous_31)","decl":{"start":{"line":1113,"column":30},"end":{"line":1113,"column":31}},"loc":{"start":{"line":1113,"column":46},"end":{"line":1130,"column":1}},"line":1113},"32":{"name":"(anonymous_32)","decl":{"start":{"line":1116,"column":9},"end":{"line":1116,"column":10}},"loc":{"start":{"line":1116,"column":16},"end":{"line":1119,"column":5}},"line":1116},"33":{"name":"(anonymous_33)","decl":{"start":{"line":1120,"column":10},"end":{"line":1120,"column":11}},"loc":{"start":{"line":1120,"column":20},"end":{"line":1120,"column":25}},"line":1120},"34":{"name":"simInnings","decl":{"start":{"line":1132,"column":9},"end":{"line":1132,"column":19}},"loc":{"start":{"line":1139,"column":2},"end":{"line":1427,"column":1}},"line":1139},"35":{"name":"(anonymous_35)","decl":{"start":{"line":1180,"column":32},"end":{"line":1180,"column":33}},"loc":{"start":{"line":1180,"column":39},"end":{"line":1180,"column":61}},"line":1180},"36":{"name":"(anonymous_36)","decl":{"start":{"line":1181,"column":31},"end":{"line":1181,"column":32}},"loc":{"start":{"line":1181,"column":38},"end":{"line":1181,"column":108}},"line":1181},"37":{"name":"(anonymous_37)","decl":{"start":{"line":1184,"column":18},"end":{"line":1184,"column":19}},"loc":{"start":{"line":1184,"column":25},"end":{"line":1189,"column":3}},"line":1184},"38":{"name":"(anonymous_38)","decl":{"start":{"line":1192,"column":30},"end":{"line":1192,"column":31}},"loc":{"start":{"line":1192,"column":38},"end":{"line":1200,"column":3}},"line":1192},"39":{"name":"(anonymous_39)","decl":{"start":{"line":1408,"column":17},"end":{"line":1408,"column":18}},"loc":{"start":{"line":1408,"column":24},"end":{"line":1410,"column":3}},"line":1408},"40":{"name":"(anonymous_40)","decl":{"start":{"line":1413,"column":18},"end":{"line":1413,"column":19}},"loc":{"start":{"line":1413,"column":25},"end":{"line":1415,"column":3}},"line":1413},"41":{"name":"simulateSuperOver","decl":{"start":{"line":1430,"column":9},"end":{"line":1430,"column":26}},"loc":{"start":{"line":1430,"column":42},"end":{"line":1475,"column":1}},"line":1430},"42":{"name":"(anonymous_42)","decl":{"start":{"line":1432,"column":24},"end":{"line":1432,"column":25}},"loc":{"start":{"line":1432,"column":39},"end":{"line":1463,"column":3}},"line":1432},"43":{"name":"(anonymous_43)","decl":{"start":{"line":1438,"column":22},"end":{"line":1438,"column":23}},"loc":{"start":{"line":1439,"column":8},"end":{"line":1439,"column":66}},"line":1439},"44":{"name":"simulateMatch","decl":{"start":{"line":1477,"column":9},"end":{"line":1477,"column":22}},"loc":{"start":{"line":1477,"column":48},"end":{"line":1553,"column":1}},"line":1477},"45":{"name":"runLocalTournament","decl":{"start":{"line":1557,"column":9},"end":{"line":1557,"column":27}},"loc":{"start":{"line":1557,"column":42},"end":{"line":1782,"column":1}},"line"
[...]
olumn":5}},"131":{"start":{"line":261,"column":31},"end":{"line":261,"column":39}},"132":{"start":{"line":262,"column":21},"end":{"line":262,"column":50}},"133":{"start":{"line":263,"column":8},"end":{"line":265,"column":9}},"134":{"start":{"line":264,"column":12},"end":{"line":264,"column":71}},"135":{"start":{"line":267,"column":8},"end":{"line":269,"column":9}},"136":{"start":{"line":268,"column":12},"end":{"line":268,"column":86}},"137":{"start":{"line":271,"column":8},"end":{"line":271,"column":38}},"138":{"start":{"line":272,"column":8},"end":{"line":272,"column":45}},"139":{"start":{"line":273,"column":8},"end":{"line":273,"column":44}},"140":{"start":{"line":273,"column":17},"end":{"line":273,"column":44}},"141":{"start":{"line":275,"column":8},"end":{"line":275,"column":26}},"142":{"start":{"line":276,"column":8},"end":{"line":276,"column":60}},"143":{"start":{"line":278,"column":8},"end":{"line":278,"column":53}},"144":{"start":{"line":283,"column":0},"end":{"line":308,"column":3}},"145":{"start":{"line":284,"column":4},"end":{"line":307,"column":5}},"146":{"start":{"line":285,"column":59},"end":{"line":285,"column":67}},"147":{"start":{"line":286,"column":21},"end":{"line":286,"column":50}},"148":{"start":{"line":287,"column":8},"end":{"line":289,"column":9}},"149":{"start":{"line":288,"column":12},"end":{"line":288,"column":71}},"150":{"start":{"line":291,"column":8},"end":{"line":293,"column":9}},"151":{"start":{"line":292,"column":12},"end":{"line":292,"column":37}},"152":{"start":{"line":295,"column":8},"end":{"line":301,"column":11}},"153":{"start":{"line":303,"column":8},"end":{"line":303,"column":26}},"154":{"start":{"line":304,"column":8},"end":{"line":304,"column":68}},"155":{"start":{"line":306,"column":8},"end":{"line":306,"column":53}},"156":{"start":{"line":311,"column":0},"end":{"line":326,"column":3}},"157":{"start":{"line":312,"column":4},"end":{"line":325,"column":5}},"158":{"start":{"line":313,"column":34},"end":{"line":313,"column":44}},"159":{"start":{"line":314,"column":21},"end":{"line":314,"column":50}},"160":{"start":{"line":315,"column":8},"end":{"line":317,"column":9}},"161":{"start":{"line":316,"column":12},"end":{"line":316,"column":71}},"162":{"start":{"line":319,"column":8},"end":{"line":319,"column":95}},"163":{"start":{"line":319,"column":68},"end":{"line":319,"column":93}},"164":{"start":{"line":320,"column":8},"end":{"line":320,"column":26}},"165":{"start":{"line":322,"column":8},"end":{"line":322,"column":60}},"166":{"start":{"line":324,"column":8},"end":{"line":324,"column":53}},"167":{"start":{"line":329,"column":0},"end":{"line":337,"column":3}},"168":{"start":{"line":330,"column":4},"end":{"line":336,"column":5}},"169":{"start":{"line":331,"column":21},"end":{"line":331,"column":68}},"170":{"start":{"line":332,"column":8},"end":{"line":332,"column":78}},"171":{"start":{"line":332,"column":19},"end":{"line":332,"column":78}},"172":{"start":{"line":333,"column":8},"end":{"line":333,"column":37}},"173":{"start":{"line":335,"column":8},"end":{"line":335,"column":53}},"174":{"start":{"line":339,"column":0},"end":{"line":367,"column":3}},"175":{"start":{"line":340,"column":4},"end":{"line":366,"column":5}},"176":{"start":{"line":341,"column":35},"end":{"line":341,"column":43}},"177":{"start":{"line":342,"column":21},"end":{"line":342,"column":50}},"178":{"start":{"line":343,"column":8},"end":{"line":343,"column":78}},"179":{"start":{"line":343,"column":19},"end":{"line":343,"column":78}},"180":{"start":{"line":346,"column":8},"end":{"line":346,"column":45}},"181":{"start":{"line":346,"column":27},"end":{"line":346,"column":45}},"182":{"start":{"line":349,"column":8},"end":{"line":349,"column":71}},"183":{"start":{"line":349,"column":30},"end":{"line":349,"column":71}},"184":{"start":{"line":350,"column":8},"end":{"line":350,"column":83}},"185":{"start":{"line":350,"column":34},"end":{"line":350,"column":83}},"186":{"start":{"line":351,"column":8},"end":{"line":351,"column":86}},"187":{"start":{"line":351,"column":35},"end":{"line":351,"column":86}},"188":{"start":{"line":352,"column":8},"end":{"line":352,"column":77}},"189":{"start":{"line":352,"column":32},"end":{"line":352,"column":77}},"190":{"start":{"line":353,"column":8},"end":{"line":353,"column":71}},"191":{"start":{"line":353,"column":30},"end":{"line":353,"column":71}},"192":{"start":{"line":355,"column":8},"end":{"line":360,"column":9}},"193":{"start":{"line":356,"column":12},"end":{"line":356,"column":74}},"194":{"start":{"line":356,"column":40},"end":{"line":356,"column":74}},"195":{"start":{"line":357,"column":12},"end":{"line":359,"column":13}},"196":{"start":{"line":358,"column":16},"end":{"line":358,"column":54}},"197":{"start":{"line":362,"column":8},"end":{"line":362,"column":26}},"198":{"start":{"line":363,"column":8},"end":{"line":363,"column":84}},"199":{"start":{"line":365,"column":8},"end":{"line":365,"column":53}},"200":{"start":{"line":369,"column":0},"end":{"line":369,"column":24}}},"fnMap":{"0":{"name":"sendOTPEmail","decl":{"start":{"line":8,"column":15},"end":{"line":8,"column":27}},"loc":{"start":{"line":8,"column":40},"end":{"line":23,"column":1}},"line":8},"1":{"name":"(anonymous_1)","decl":{"start":{"line":26,"column":23},"end":{"line":26,"column":24}},"loc":{"start":{"line":26,"column":43},"end":{"line":52,"column":1}},"line":26},"2":{"name":"(anonymous_2)","decl":{"start":{"line":55,"column":22},"end":{"line":55,"column":23}},"loc":{"start":{"line":55,"column":42},"end":{"line":68,"column":1}},"line":55},"3":{"name":"(anonymous_3)","decl":{"start":{"line":71,"column":32},"end":{"line":71,"column":33}},"loc":{"start":{"line":71,"column":52},"end":{"line":111,"column":1}},"line":71},"4":{"name":"(anonymous_4)","decl":{"start":{"line":114,"column":31},"end":{"line":114,"column":32}},"loc":{"start":{"line":114,"column":51},"end":{"line":129,"column":1}},"line":114},"5":{"name":"sendEmail","decl":{"start":{"line":132,"column":15},"end":{"line":132,"column":24}},"loc":{"start":{"line":132,"column":44},"end":{"line":149,"column":1}},"line":132},"6":{"name":"(anonymous_6)","decl":{"start":{"line":152,"column":21},"end":{"line":152,"column":22}},"loc":{"start":{"line":152,"column":41},"end":{"line":195,"column":1}},"line":152},"7":{"name":"(anonymous_7)","decl":{"start":{"line":176,"column":64},"end":{"line":176,"column":65}},"loc":{"start":{"line":176,"column":71},"end":{"line":176,"column":89}},"line":176},"8":{"name":"(anonymous_8)","decl":{"start":{"line":198,"column":30},"end":{"line":198,"column":31}},"loc":{"start":{"line":198,"column":50},"end":{"line":216,"column":1}},"line":198},"9":{"name":"(anonymous_9)","decl":{"start":{"line":219,"column":22},"end":{"line":219,"column":23}},"loc":{"start":{"line":219,"column":42},"end":{"line":237,"column":1}},"line":219},"10":{"name":"(anonymous_10)","decl":{"start":{"line":240,"column":23},"end":{"line":240,"column":24}},"loc":{"start":{"line":240,"column":43},"end":{"line":256,"column":1}},"line":240},"11":{"name":"(anonymous_11)","decl":{"start":{"line":259,"column":29},"end":{"line":259,"column":30}},"loc":{"start":{"line":259,"column":49},"end":{"line":280,"column":1}},"line":259},"12":{"name":"(anonymous_12)","decl":{"start":{"line":283,"column":36},"end":{"line":283,"column":37}},"loc":{"start":{"line":283,"column":56},"end":{"line":308,"column":1}},"line":283},"13":{"name":"(anonymous_13)","decl":{"start":{"line":311,"column":45},"end":{"line":311,"column":46}},"loc":{"start":{"line":311,"column":65},"end":{"line":326,"column":1}},"line":311},"14":{"name":"(anonymous_14)","decl":{"start":{"line":319,"column":57},"end":{"line":319,"column":58}},"loc":{"start":{"line":319,"column":68},"end":{"line":319,"column":93}},"line":319},"15":{"name":"(anonymous_15)","decl":{"start":{"line":329,"column":34},"end":{"line":329,"column":35}},"loc":{"start":{"line":329,"column":54},"end":{"line":337,"column":1}},"line":329},"16":{"name":"(anonymous_16)","decl":{"start":{"line":339,"column":29},"end":{"line":339,"column":30}},"loc":{"start":{"line":339,"column":49},"end":{"line":367,"column":1}},"line":339}},"branchMap":{"0":{"loc":{"start":{"line":9,"column":4},"end":{"line":12,"column":5}},"type":"if","locations":[{"start":{"line":9,"column":4},"end":{"line":12,"column":5}},{"start":{},"end":{}}],"line":9},"1":{"loc":{"start":{"line":9,"column":8},"end":{"line":9,"column":58}},"type":"binary-expr","locations":[{"start":{"line":9,"column":8},"end":{"line":9,"column":31}},{"start":{"line":9,"column":35},"end":{"line":9,"column":58}}],"line":9},"2":{"loc":{"start":{"line":32,"column":8},"end":{"line":34,"column":9}},"type":"if","locations":[{"start":{"line":32,"column":8},"end":{"line":34,"column":9}},{"start":{},"end":{}}],"line":32},"3":{"loc":{"start":{"line":32,"column":12},"end":{"line":32,"column":40}},"type":"binary-expr","locations":[{"start":{"line":32,"column":12},"end":{"line":32,"column":17}},{"start":{"line":32,"column":21},"end":{"line":32,"column":27}},{"start":{"line":32,"column":31},"end":{"line":32,"column":40}}],"line":32},"4":{"loc":{"start":{"line":37,"column":8},"end":{"line":40,"column":9}},"type":"if","locations":[{"start":{"line":37,"column":8},"end":{"line":40,"column":9}},{"start":{},"end":{}}],"line":37},"5":{"loc":{"start":{"line":59,"column":8},"end":{"line":61,"column":9}},"type":"if","locations":[{"start":{"line":59,"column":8},"end":{"line":61,"column":9}},{"start":{},"end":{}}],"line":59},"6":{"loc":{"start":{"line":59,"column":12},"end":{"line":59,"column":60}},"type":"binary-expr","locations":[{"start":{"line":59,"column":12},"end":{"line":59,"column":17}},{"start":{"line":59,"column":21},"end":{"line":59,"column":60}}],"line":59},"7":{"loc":{"start":{"line":75,"column":8},"end":{"line":75,"column":78}},"type":"if","locations":[{"start":{"line":75,"column":8},"end":{"line":75,"column":78}},{"start":{},"end":{}}],"line":75},"8":{"loc":{"start":{"line":86,"column":12},"end":{"line":94,"column":13}},"type":"if","locations":[{"start":{"line":86,"column":12},"end":{"line":94,"column":13}},{"start":{},"end":{}}],"line":86},"9":{"loc":{"start":{"line":86,"column":16},"end":{"line":86,"column":92}},"type":"binary-expr","locations":[{"start":{"line":86,"column":16},"end":{"line":86,"column":39}},{"start":{"line":86,"column":43},"end":{"line":86,"column":92}}],"line":86},"10":{"loc":{"start":{"line":118,"column":8},"end":{"line":120,"column":9}},"type":"if","locations":[{"start":{"line":118,"column":8},"end":{"line":120,"column":9}},{"start":{},"end":{}}],"line":118},"11":{"loc":{"start":{"line":118,"column":12},"end":{"line":118,"column":77}},"type":"binary-expr","locations":[{"start":{"line":118,"column":12},"end":{"line":118,"column":17}},{"start":{"line":118,"column":21},"end":{"line":118,"column":42}},{"start":{"line":118,"column":46},"end":{"line":118,"column":77}}],"line":118},"12":{"loc":{"start":{"line":133,"column":4},"end":{"line":138,"column":5}},"type":"if","locations":[{"start":{"line":133,"column":4},"end":{"line":138,"column":5}},{"start":{},"end":{}}],"line":133},"13":{"loc":{"start":{"line":133,"column":8},"end":{"line":133,"column":113}},"type":"binary-expr","locations":[{"start":{"line":133,"column":8},"end":{"line":133,"column":31}},{"start":{"line":133,"column":35},"end":{"line":133,"column":58}},{"start":{"line":133,"column":62},"end":{"line":133,"column":113}}],"line":133},"14":{"loc":{"start":{"line":157,"column":8},"end":{"line":166,"column":9}},"type":"if","locations":[{"start":{"line":157,"column":8},"end":{"line":166,"column":9}},{"start":{},"end":{}}],"line":157},"15":{"loc":{"start":{"line":160,"column":22},"end":{"line":160,"column":36}},"type":"binary-expr","locations":[{"start":{"line":160,"column":22},"end":{"line":160,"column":26}},{"start":{"line":160,"column":30},"end":{"line":160,"column":36}}],"line":160},"16":{"loc":{"start":{"line":163,"column":24},"end":{"line":163,"column":36}},"type":"binary-expr","locations":[{"start":{"line":163,"column":24},"end":{"line":163,"column":30}},{"start":{"line":163,"column":34},"end":{"line":163,"column":36}}],"line":163},"17":{"loc":{"start":{"line":169,"column":8},"end":{"line":180,"column":9}},"type":"if","locations":[{"start":{"line":169,"column":8},"end":{"line":180,"column":9}},{"start":{},"end":{}}],"line":169},"18":{"loc":{"start":{"line":183,"column":26},"end":{"line":183,"column":99}},"type":"binary-expr","locations":[{"start":{"line":183,"column":26},"end":{"line":183,"column":37}},{"start":{"line":183,"column":41},"end":{"line":183,"column":71}},{"start":{"line":183,"column":75},"end":{"line":183,"column":99}}],"line":183},"19":{"loc":{"start":{"line":185,"column":8},"end":{"line":185,"column":49}},"type":"if","locations":[{"start":{"line":185,"column":8},"end":{"line":185,"column":49}},{"start":{},"end":{}}],"line":185},"20":{"loc":{"start":{"line":186,"column":8},"end":{"line":188,"column":9}},"type":"if","locations":[{"start":{"line":186,"column":8},"end":{"line":188,"column":9}},{"start":{},"end":{}}],"line":186},"21":{"loc":{"start":{"line":201,"column":8},"end":{"line":211,"column":9}},"type":"if","locations":[{"start":{"line":201,"column":8},"end":{"line":211,"column":9}},{"start":{},"end":{}}],"line":201},"22":{"loc":{"start":{"line":222,"column":8},"end":{"line":224,"column":9}},"type":"if","locations":[{"start":{"line":222,"column":8},"end":{"line":224,"column":9}},{"start":{},"end":{}}],"line":222},"23":{"loc":{"start":{"line":222,"column":12},"end":{"line":222,"column":38}},"type":"binary-expr","locations":[{"start":{"line":222,"column":12},"end":{"line":222,"column":18}},{"start":{"line":222,"column":22},"end":{"line":222,"column":38}}],"line":222},"24":{"loc":{"start":{"line":244,"column":8},"end":{"line":246,"column":9}},"type":"if","locations":[{"start":{"line":244,"column":8},"end":{"line":246,"column":9}},{"start":{},"end":{}}],"line":244},"25":{"loc":{"start":{"line":248,"column":8},"end":{"line":248,"column":41}},"type":"if","locations":[{"start":{"line":248,"column":8},"end":{"line":248,"column":41}},{"start":{},"end":{}}],"line":248},"26":{"loc":{"start":{"line":249,"column":8},"end":{"line":249,"column":35}},"type":"if","locations":[{"start":{"line":249,"column":8},"end":{"line":249,"column":35}},{"start":{},"end":{}}],"line":249},"27":{"loc":{"start":{"line":263,"column":8},"end":{"line":265,"column":9}},"type":"if","locations":[{"start":{"line":263,"column":8},"end":{"line":265,"column":9}},{"start":{},"end":{}}],"line":263},"28":{"loc":{"start":{"line":267,"column":8},"end":{"line":269,"column":9}},"type":"if","locations":[{"start":{"line":267,"column":8},"end":{"line":269,"column":9}},{"start":{},"end":{}}],"line":267},"29":{"loc":{"start":{"line":273,"column":8},"end":{"line":273,"column":44}},"type":"if","locations":[{"start":{"line":273,"column":8},"end":{"line":273,"column":44}},{"start":{},"end":{}}],"line":273},"30":{"loc":{"start":{"line":287,"column":8},"end":{"line":289,"column":9}},"type":"if","locations":[{"start":{"line":287,"column":8},"end":{"line":289,"column":9}},{"start":{},"end":{}}],"line":287},"31":{"loc":{"start":{"line":291,"column":8},"end":{"line":293,"column":9}},"type":"if","locations":[{"start":{"line":291,"column":8},"end":{"line":293,"column":9}},{"start":{},"end":{}}],"line":291},"32":{"loc":{"start":{"line":315,"column":8},"end":{"line":317,"column":9}},"type":"if","locations":[{"start":{"line":315,"column":8},"end":{"line":317,"column":9}},{"start":{},"end":{}}],"line":315},"33":{"loc":{"start":{"line":332,"column":8},"end":{"line":332,"column":78}},"type":"if","locations":[{"start":{"line":332,"column":8},"end":{"line":332,"column":78}},{"start":{},"end":{}}],"line":332},"34":{"loc":{"start":{"line":333,"column":17},"end":{"line":333,"column":35}},"type":"binary-expr","locations":[{"start":{"line":333,"column":17},"end":{"line":333,"column":29}},{"start":{"line":333,"column":33},"end":{"line":333,"column":35}}],"line":333},"35":{"loc":{"start":{"line":343,"column":8},"end":{"line":343,"column":78}},"type":"if","locations":[{"start":{"line":343,"column":8},"end":{"line":343,"column":78}},{"start":{},"end":{}}],"line":343},"36":{"loc":{"start":{"line":346,"column":8},"end":{"line":346,"column":45}},"type":"if","locations":[{"start":{"line":346,"column":8},"end":{"line":346,"column":45}},{"start":{},"end":{}}],"line":346},"37":{"loc":{"start":{"line":349,"column":8},"end":{"line":349,"column":71}},"type":"if","locations":[{"start":{"line":349,"column":8},"end":{"line":349,"column":71}},{"start":{},"end":{}}],"line":349},"38":{"loc":{"start":{"line":350,"column":8},"end":{"line":350,"column":83}},"type":"if","locations":[{"start":{"line":350,"column":8},"end":{"line":350,"column":83}},{"start":{},"end":{}}],"line":350},"39":{"loc":{"start":{"line":351,"column":8},"end":{"line":351,"column":86}},"type":"if","locations":[{"start":{"line":351,"column":8},"end":{"line":351,"column":86}},{"start":{},"end":{}}],"line":351},"40":{"loc":{"start":{"line":352,"column":8},"end":{"line":352,"column":77}},"type":"if","locations":[{"start":{"line":352,"column":8},"end":{"line":352,"column":77}},{"start":{},"end":{}}],"line":352},"41":{"loc":{"start":{"line":353,"column":8},"end":{"line":353,"column":71}},"type":"if","locations":[{"start":{"line":353,"column":8},"end":{"line":353,"column":71}},{"start":{},"end":{}}],"line":353},"42":{"loc":{"start":{"line":355,"column":8},"end":{"line":360,"column":9}},"type":"if","locations":[{"start":{"line":355,"column":8},"end":{"line":360,"column":9}},{"start":{},"end":{}}],"line":355},"43":{"loc":{"start":{"line":356,"column":12},"end":{"line":356,"column":74}},"type":"if","locations":[{"start":{"line":356,"column":12},"end":{"line":356,"column":74}},{"start":{},"end":{}}],"line":356}},"s":{"0":1,"1":1,"2":1,"3":1,"4":1,"5":0,"6":0,"7":0,"8":0,"9":0,"10":1,"11":0,"12":0,"13":0,"14":0,"15":0,"16":0,"17":0,"18":0,"19":0,"20":0,"21":0,"22":0,"23":0,"24":0,"25":0,"26":0,"27":1,"28":0,"29":0,"30":0,"31":0,"32":0,"33":0,"34":0,"35":0,"36":1,"37":0,"38":0,"39":0,"40":0,"41":0,"42":0,"43":0,"44":0,"45":0,"46":0,"47":0,"48":0,"49":0,"50":0,"51":0,"52":0,"53":0,"54":0,"55":0,"56":1,"57":0,"58":0,"59":0,"60":0,"61":0,"62":0,"63":0,"64":0,"65":0,"66":0,"67":0,"68":0,"69":0,"70":0,"71":0,"72":0,"73":0,"74":1,"75":0,"76":0,"77":0,"78":0,"79":0,"80":0,"81":0,"82":0,"83":0,"84":0,"85":0,"86":0,"87":0,"88":0,"89":0,"90":0,"91":0,"92":0,"93":0,"94":0,"95":0,"96":0,"97":0,"98":0,"99":1,"100":0,"101":0,"102":0,"103":0,"104":0,"105":0,"106":0,"107":0,"108":1,"109":0,"110":0,"111":0,"112":0,"113":0,"114":0,"115":0,"116":1,"117":0,"118":0,"119":0,"120":0,"121":0,"122":0,"123":0,"124":0,"125":0,"126":0,"127":0,"128":0,"129":1,"130":0,"131":0,"132":0,"133":0,"134":0,"135":0,"136":0,"137":0,"138":0,"139":0,"140":0,"141":0,"142":0,"143":0,"144":1,"145":0,"146":0,"147":0,"148":0,"149":0,"150":0,"151":0,"152":0,"153":0,"154":0,"155":0,"156":1,"157":0,"158":0,"159":0,"160":0,"161":0,"162":0,"163":0,"164":0,"165":0,"166":0,"167":1,"168":0,"169":0,"170":0,"171":0,"172":0,"173":0,"174":1,"175":0,"176":0,"177":0,"178":0,"179":0,"180":0,"181":0,"182":0,"183":0,"184":0,"185":0,"186":0,"187":0,"188":0,"189":0,"190":0,"191":0,"192":0,"193":0,"194":0,"195":0,"196":0,"197":0,"198":0,"199":0,"200":1},"f":{"0":0,"1":0,"2":0,"3":0,"4":0,"5":0,"6":0,"7":0,"8":0,"9":0,"10":0,"11":0,"12":0,"13":0,"14":0,"15":0,"16":0},"b":{"0":[0,0],"1":[0,0],"2":[0,0],"3":[0,0,0],"4":[0,0],"5":[0,0],"6":[0,0],"7":[0,0],"8":[0,0],"9":[0,0],"10":[0,0],"11":[0,0,0],"12":[0,0],"13":[0,0,0],"14":[0,0],"15":[0,0],"16":[0,0],"17":[0,0],"18":[0,0,0],"19":[0,0],"20":[0,0],"21":[0,0],"22":[0,0],"23":[0,0],"24":[0,0],"25":[0,0],"26":[0,0],"27":[0,0],"28":[0,0],"29":[0,0],"30":[0,0],"31":[0,0],"32":[0,0],"33":[0,0],"34":[0,0],"35":[0,0],"36":[0,0],"37":[0,0],"38":[0,0],"39":[0,0],"40":[0,0],"41":[0,0],"42":[0,0],"43":[0,0]},"_coverageSchema":"1a1c01bbd47fc00a2c39e90264f33305004495a9","hash":"81b51b27ddd7693ef7afd6555038228345bbce55"}
}
