TN:
SF:.eslintrc.js
FNF:0
FNH:0
DA:1,0
LF:1
LH:0
BRF:0
BRH:0
end_of_record
TN:
SF:ai.js
FN:16,(anonymous_0)
FN:24,getPlayerFromDB
FN:181,seededRandom
FN:188,getForm
FN:192,updateForm
FN:201,updateBowlingForm
FN:211,getVenueForTeam
FN:223,(anonymous_7)
FN:269,(anonymous_8)
FN:271,(anonymous_9)
FN:280,(anonymous_10)
FN:302,(anonymous_11)
FN:305,(anonymous_12)
FN:316,(anonymous_13)
FN:320,(anonymous_14)
FN:323,(anonymous_15)
FN:328,(anonymous_16)
FN:333,(anonymous_17)
FN:342,(anonymous_18)
FN:380,(anonymous_19)
FN:384,(anonymous_20)
FN:400,layoutOvers
FN:409,(anonymous_22)
FN:451,(anonymous_23)
FN:455,(anonymous_24)
FN:458,(anonymous_25)
FN:488,(anonymous_26)
FN:1048,(anonymous_27)
FN:1082,(anonymous_28)
FN:1102,getActiveXI
FN:1110,(anonymous_30)
FN:1113,(anonymous_31)
FN:1116,(anonymous_32)
FN:1120,(anonymous_33)
FN:1132,simInnings
FN:1180,(anonymous_35)
FN:1181,(anonymous_36)
FN:1184,(anonymous_37)
FN:1192,(anonymous_38)
FN:1408,(anonymous_39)
FN:1413,(anonymous_40)
FN:1430,simulateSuperOver
FN:1432,(anonymous_42)
FN:1438,(anonymous_43)
FN:1477,simulateMatch
FN:1557,runLocalTournament
FN:1568,(anonymous_46)
FN:1579,(anonymous_47)
FN:1596,handleLeaguePoints
FN:1597,(anonymous_49)
FN:1598,(anonymous_50)
FN:1622,(anonymous_51)
FN:1663,(anonymous_52)
FN:1670,(anonymous_53)
FN:1709,(anonymous_54)
FN:1719,(anonymous_55)
FN:1733,(anonymous_56)
FN:1747,(anonymous_57)
FN:1763,(anonymous_58)
FN:1778,(anonymous_59)
FN:1794,runFullTournament
FN:1807,(anonymous_61)
FN:1810,(anonymous_62)
FN:1879,(anonymous_63)
FN:1880,(anonymous_64)
FN:1910,callGeminiAPI
FN:1911,(anonymous_66)
FN:1935,(anonymous_67)
FN:1937,(anonymous_68)
FN:1938,(anonymous_69)
FN:1967,(anonymous_70)
FN:1976,(anonymous_71)
FNF:72
FNH:55
FNDA:392,(anonymous_0)
FNDA:36277,getPlayerFromDB
FNDA:36594,seededRandom
FNDA:22470,getForm
FNDA:875,updateForm
FNDA:1008,updateBowlingForm
FNDA:50,getVenueForTeam
FNDA:27820,(anonymous_7)
FNDA:100,(anonymous_8)
FNDA:1100,(anonymous_9)
FNDA:1008,(anonymous_10)
FNDA:2144,(anonymous_11)
FNDA:1008,(anonymous_12)
FNDA:100,(anonymous_13)
FNDA:1842,(anonymous_14)
FNDA:18578,(anonymous_15)
FNDA:0,(anonymous_16)
FNDA:7958,(anonymous_17)
FNDA:15916,(anonymous_18)
FNDA:11235,(anonymous_19)
FNDA:1842,(anonymous_20)
FNDA:0,layoutOvers
FNDA:11235,(anonymous_22)
FNDA:704,(anonymous_23)
FNDA:445,(anonymous_24)
FNDA:5317,(anonymous_25)
FNDA:11235,(anonymous_26)
FNDA:101115,(anonymous_27)
FNDA:21455,(anonymous_28)
FNDA:200,getActiveXI
FNDA:0,(anonymous_30)
FNDA:200,(anonymous_31)
FNDA:2392,(anonymous_32)
FNDA:5692,(anonymous_33)
FNDA:100,simInnings
FNDA:1100,(anonymous_35)
FNDA:180,(anonymous_36)
FNDA:1008,(anonymous_37)
FNDA:1100,(anonymous_38)
FNDA:1100,(anonymous_39)
FNDA:1008,(anonymous_40)
FNDA:0,simulateSuperOver
FNDA:0,(anonymous_42)
FNDA:0,(anonymous_43)
FNDA:50,simulateMatch
FNDA:3,runLocalTournament
FNDA:12,(anonymous_46)
FNDA:144,(anonymous_47)
FNDA:36,handleLeaguePoints
FNDA:90,(anonymous_49)
FNDA:90,(anonymous_50)
FNDA:72,(anonymous_51)
FNDA:12,(anonymous_52)
FNDA:17,(anonymous_53)
FNDA:12,(anonymous_54)
FNDA:3,(anonymous_55)
FNDA:3,(anonymous_56)
FNDA:3,(anonymous_57)
FNDA:12,(anonymous_58)
FNDA:77,(anonymous_59)
FNDA:3,runFullTournament
FNDA:0,(anonymous_61)
FNDA:0,(anonymous_62)
FNDA:0,(anonymous_63)
FNDA:0,(anonymous_64)
FNDA:0,callGeminiAPI
FNDA:0,(anonymous_66)
FNDA:0,(anonymous_67)
FNDA:0,(anonymous_68)
FNDA:0,(anonymous_69)
FNDA:0,(anonymous_70)
FNDA:0,(anonymous_71)
DA:3,2
DA:13,2
DA:14,2
DA:15,2
DA:16,2
DA:17,392
DA:25,36277
DA:26,36277
DA:32,2
DA:49,2
DA:59,2
DA:67,2
DA:180,2
DA:182,36594
DA:183,36594
DA:187,2
DA:189,22470
DA:190,22470
DA:193,875
DA:194,875
DA:195,338
DA:196,338
DA:197,91
DA:198,11
DA:202,1008
DA:204,1008
DA:205,178
DA:206,830
DA:207,36
DA:213,50
DA:214,185
DA:217,7
DA:218,7
DA:222,2
DA:224,27820
DA:226,27820
DA:229,27820
DA:230,27820
DA:231,27820
DA:232,27820
DA:234,27820
DA:236,27820
DA:237,2296
DA:238,25524
DA:243,0
DA:244,25524
DA:245,6258
DA:246,19266
DA:252,16895
DA:255,27820
DA:260,9991
DA:261,9991
DA:262,9991
DA:263,2371
DA:264,2371
DA:266,17829
DA:271,100
DA:272,1100
DA:274,1100
DA:275,1008
DA:276,1008
DA:280,100
DA:281,1008
DA:282,1008
DA:283,1008
DA:302,2144
DA:305,100
DA:306,1008
DA:307,1008
DA:308,1008
DA:311,1008
DA:312,1008
DA:317,100
DA:322,1842
DA:323,18578
DA:326,1842
DA:328,0
DA:329,0
DA:333,1842
DA:334,7958
DA:335,7958
DA:338,7958
DA:339,7958
DA:342,15916
DA:343,7958
DA:344,7958
DA:345,7958
DA:346,7958
DA:348,7958
DA:349,3940
DA:350,3940
DA:351,3940
DA:352,3940
DA:354,7958
DA:355,389
DA:356,389
DA:357,389
DA:358,389
DA:360,7958
DA:361,3629
DA:362,3629
DA:363,3629
DA:364,3629
DA:368,7958
DA:369,7958
DA:370,7958
DA:372,7958
DA:375,1842
DA:376,1842
DA:377,1842
DA:381,11235
DA:385,1842
DA:386,1842
DA:389,1842
DA:390,1842
DA:391,1842
DA:394,1842
DA:395,1842
DA:396,1842
DA:401,0
DA:402,0
DA:403,0
DA:404,0
DA:408,2
DA:410,11235
DA:412,11235
DA:415,11235
DA:416,11235
DA:417,11235
DA:418,11235
DA:421,11235
DA:424,7775
DA:429,0
DA:432,7775
DA:433,2731
DA:436,5044
DA:441,816
DA:444,4228
DA:445,3357
DA:446,3357
DA:449,3834
DA:452,704
DA:455,704
DA:456,445
DA:458,5317
DA:459,445
DA:460,445
DA:465,704
DA:466,690
DA:469,669
DA:470,669
DA:471,669
DA:473,669
DA:474,216
DA:475,106
DA:476,55
DA:477,21
DA:480,453
DA:481,174
DA:482,58
DA:485,669
DA:506,11235
DA:507,11235
DA:508,11235
DA:511,11235
DA:512,11235
DA:513,11130
DA:514,11130
DA:515,11130
DA:516,11130
DA:517,11130
DA:520,11130
DA:521,6200
DA:522,6200
DA:523,6200
DA:524,4930
DA:526,3083
DA:531,11235
DA:532,4504
DA:533,6731
DA:534,2071
DA:535,4660
DA:536,1335
DA:537,3325
DA:538,16
DA:542,11235
DA:546,526
DA:548,11235
DA:549,0
DA:551,11235
DA:552,1210
DA:554,11235
DA:556,1000
DA:560,11235
DA:561,5153
DA:562,5113
DA:563,4317
DA:564,1898
DA:565,1609
DA:567,5153
DA:568,6082
DA:569,58
DA:570,6024
DA:571,1655
DA:572,4369
DA:573,372
DA:577,11235
DA:580,11235
DA:581,995
DA:582,995
DA:583,995
DA:585,995
DA:586,995
DA:590,11235
DA:591,11235
DA:592,7506
DA:593,3314
DA:594,3314
DA:595,3314
DA:600,11235
DA:601,11235
DA:602,11235
DA:603,38666
DA:606,11235
DA:607,1802
DA:608,1802
DA:610,11235
DA:611,3305
DA:612,3305
DA:613,3305
DA:614,3305
DA:618,11235
DA:621,11235
DA:622,11235
DA:625,11235
DA:626,871
DA:629,11235
DA:631,11235
DA:632,974
DA:635,11235
DA:639,11235
DA:640,11235
DA:641,11235
DA:643,11235
DA:645,11235
DA:648,11235
DA:649,11235
DA:653,11235
DA:654,11235
DA:655,11235
DA:657,11235
DA:658,11235
DA:662,11235
DA:664,250
DA:665,250
DA:666,10985
DA:668,724
DA:669,724
DA:670,10261
DA:672,245
DA:673,245
DA:674,10016
DA:676,0
DA:677,0
DA:678,10016
DA:680,871
DA:681,871
DA:682,9145
DA:684,0
DA:685,0
DA:689,11235
DA:690,11235
DA:693,11235
DA:694,11235
DA:697,11235
DA:698,11235
DA:699,11235
DA:702,11235
DA:703,3593
DA:705,11235
DA:706,7642
DA:710,11235
DA:714,258
DA:716,11235
DA:717,0
DA:726,11235
DA:727,11235
DA:728,11235
DA:731,11235
DA:732,0
DA:733,0
DA:736,0
DA:738,0
DA:739,0
DA:740,0
DA:741,0
DA:743,0
DA:744,0
DA:747,0
DA:749,0
DA:750,0
DA:755,11235
DA:756,1257
DA:757,1257
DA:759,0
DA:760,0
DA:761,0
DA:762,0
DA:763,0
DA:764,0
DA:765,0
DA:767,1257
DA:769,1257
DA:770,1257
DA:775,11235
DA:776,1257
DA:778,1257
DA:780,489
DA:781,489
DA:782,768
DA:784,207
DA:785,207
DA:786,207
DA:790,561
DA:796,11235
DA:797,1708
DA:799,1708
DA:800,957
DA:801,957
DA:804,1708
DA:805,1708
DA:809,11235
DA:810,3704
DA:811,3704
DA:812,0
DA:814,11235
DA:815,2280
DA:816,2280
DA:820,11235
DA:821,654
DA:825,11235
DA:826,984
DA:827,984
DA:828,984
DA:830,11235
DA:832,6668
DA:833,6668
DA:834,6668
DA:836,11235
DA:840,0
DA:841,0
DA:843,11235
DA:848,0
DA:852,11235
DA:853,11235
DA:856,11235
DA:859,11235
DA:860,2994
DA:861,2994
DA:862,2994
DA:863,2994
DA:868,11235
DA:869,11235
DA:870,11235
DA:871,143
DA:872,143
DA:873,143
DA:874,143
DA:875,11092
DA:876,90
DA:877,90
DA:878,90
DA:883,11235
DA:884,11235
DA:885,11235
DA:886,11235
DA:887,11235
DA:890,11235
DA:891,11235
DA:892,1730
DA:893,1730
DA:898,11235
DA:899,11235
DA:900,11235
DA:902,11235
DA:904,11235
DA:905,2592
DA:906,2592
DA:907,2592
DA:913,11235
DA:915,3305
DA:916,3305
DA:917,3305
DA:918,3305
DA:920,11235
DA:922,3984
DA:923,3984
DA:928,11235
DA:929,2280
DA:930,0
DA:931,0
DA:932,0
DA:933,0
DA:936,2280
DA:937,2280
DA:941,11235
DA:946,11235
DA:950,11235
DA:952,11235
DA:954,345
DA:957,345
DA:960,345
DA:961,345
DA:964,345
DA:965,178
DA:966,178
DA:970,345
DA:971,23
DA:972,23
DA:973,23
DA:978,11235
DA:979,3854
DA:980,3854
DA:981,3854
DA:983,11235
DA:987,932
DA:988,932
DA:989,932
DA:991,11235
DA:992,548
DA:993,548
DA:997,11235
DA:998,211
DA:999,211
DA:1000,211
DA:1001,211
DA:1005,11235
DA:1006,3657
DA:1007,3657
DA:1008,3657
DA:1009,7578
DA:1010,5421
DA:1011,5421
DA:1012,5421
DA:1016,11235
DA:1018,3621
DA:1019,3621
DA:1020,3621
DA:1021,7614
DA:1023,1701
DA:1024,1701
DA:1025,1701
DA:1026,1701
DA:1027,5913
DA:1029,63
DA:1030,63
DA:1034,11235
DA:1035,3255
DA:1036,3255
DA:1038,3255
DA:1042,11235
DA:1043,852
DA:1044,852
DA:1048,101115
DA:1049,11235
DA:1050,11235
DA:1051,11235
DA:1052,36463
DA:1053,36463
DA:1054,11235
DA:1055,11235
DA:1059,11235
DA:1061,11235
DA:1062,704
DA:1063,704
DA:1064,704
DA:1065,704
DA:1066,10531
DA:1067,311
DA:1068,311
DA:1070,10220
DA:1072,11235
DA:1077,2
DA:1079,2
DA:1080,2
DA:1082,2
DA:1083,21455
DA:1084,21455
DA:1085,98
DA:1098,21455
DA:1103,200
DA:1104,200
DA:1105,200
DA:1107,200
DA:1109,0
DA:1110,0
DA:1113,2
DA:1114,200
DA:1115,200
DA:1117,2392
DA:1118,2392
DA:1120,5692
DA:1122,200
DA:1123,200
DA:1124,200
DA:1125,2200
DA:1126,2200
DA:1127,2200
DA:1129,200
DA:1140,100
DA:1141,100
DA:1143,100
DA:1144,100
DA:1145,100
DA:1146,100
DA:1148,100
DA:1149,100
DA:1150,100
DA:1151,100
DA:1152,100
DA:1153,100
DA:1154,100
DA:1155,100
DA:1156,100
DA:1157,100
DA:1158,100
DA:1165,100
DA:1166,100
DA:1169,100
DA:1172,100
DA:1175,100
DA:1179,100
DA:1180,1100
DA:1181,180
DA:1182,100
DA:1184,100
DA:1187,1008
DA:1192,1100
DA:1201,100
DA:1202,100
DA:1204,100
DA:1205,1875
DA:1207,1842
DA:1208,1842
DA:1209,1842
DA:1212,1842
DA:1215,1842
DA:1217,1842
DA:1218,1842
DA:1219,11280
DA:1221,11235
DA:1222,11235
DA:1224,11235
DA:1226,11235
DA:1227,11235
DA:1228,5153
DA:1229,5153
DA:1230,5153
DA:1233,11235
DA:1261,11235
DA:1262,11235
DA:1264,11235
DA:1266,11235
DA:1276,11235
DA:1277,10924
DA:1278,100
DA:1279,100
DA:1280,100
DA:1282,10924
DA:1283,10924
DA:1286,11235
DA:1287,11235
DA:1288,11235
DA:1290,11235
DA:1291,704
DA:1292,704
DA:1293,704
DA:1296,704
DA:1297,635
DA:1304,704
DA:1305,704
DA:1306,704
DA:1307,704
DA:1308,704
DA:1309,704
DA:1310,704
DA:1311,704
DA:1312,704
DA:1315,704
DA:1320,704
DA:1321,669
DA:1322,669
DA:1323,669
DA:1326,704
DA:1327,675
DA:1328,675
DA:1330,675
DA:1338,29
DA:1341,10531
DA:1342,10220
DA:1343,10220
DA:1344,10220
DA:1345,10220
DA:1347,10220
DA:1348,2230
DA:1350,2230
DA:1351,2230
DA:1356,7990
DA:1358,7990
DA:1359,2376
DA:1360,2376
DA:1365,5614
DA:1369,10220
DA:1370,10220
DA:1371,10220
DA:1372,10220
DA:1374,10220
DA:1375,1254
DA:1376,1254
DA:1378,10220
DA:1379,976
DA:1380,976
DA:1383,10220
DA:1384,3639
DA:1388,11235
DA:1389,10924
DA:1390,10924
DA:1394,1842
DA:1395,1842
DA:1396,1842
DA:1400,100
DA:1401,69
DA:1408,100
DA:1409,1100
DA:1413,100
DA:1414,1008
DA:1417,100
DA:1432,0
DA:1433,0
DA:1434,0
DA:1435,0
DA:1436,0
DA:1438,0
DA:1439,0
DA:1442,0
DA:1443,0
DA:1458,0
DA:1459,0
DA:1460,0
DA:1462,0
DA:1465,0
DA:1466,0
DA:1468,0
DA:1469,0
DA:1471,0
DA:1478,50
DA:1480,50
DA:1481,50
DA:1482,50
DA:1483,50
DA:1485,50
DA:1488,50
DA:1489,17
DA:1490,17
DA:1491,33
DA:1492,14
DA:1493,14
DA:1495,19
DA:1496,10
DA:1497,10
DA:1500,50
DA:1501,27
DA:1502,27
DA:1504,23
DA:1505,23
DA:1508,50
DA:1509,50
DA:1511,50
DA:1512,50
DA:1516,50
DA:1518,0
DA:1519,0
DA:1520,0
DA:1522,50
DA:1523,50
DA:1526,50
DA:1527,50
DA:1529,50
DA:1531,50
DA:1558,3
DA:1559,0
DA:1562,3
DA:1563,65
DA:1564,48
DA:1565,66
DA:1568,3
DA:1569,12
DA:1571,12
DA:1572,14
DA:1579,144
DA:1580,12
DA:1593,3
DA:1597,90
DA:1598,90
DA:1599,36
DA:1601,36
DA:1602,36
DA:1604,36
DA:1605,0
DA:1606,0
DA:1607,36
DA:1608,19
DA:1609,19
DA:1610,19
DA:1612,17
DA:1613,17
DA:1614,17
DA:1618,36
DA:1619,36
DA:1622,36
DA:1623,72
DA:1625,72
DA:1626,72
DA:1628,72
DA:1629,72
DA:1631,72
DA:1634,72
DA:1635,72
DA:1638,72
DA:1639,72
DA:1643,36
DA:1644,36
DA:1648,3
DA:1649,12
DA:1650,48
DA:1651,36
DA:1652,36
DA:1653,36
DA:1658,3
DA:1663,3
DA:1664,12
DA:1665,12
DA:1666,12
DA:1669,3
DA:1670,17
DA:1674,3
DA:1675,3
DA:1676,3
DA:1678,3
DA:1679,3
DA:1680,3
DA:1683,3
DA:1685,3
DA:1687,3
DA:1689,3
DA:1690,3
DA:1692,3
DA:1694,3
DA:1695,3
DA:1697,3
DA:1698,0
DA:1700,0
DA:1701,0
DA:1703,0
DA:1705,0
DA:1709,3
DA:1710,12
DA:1711,12
DA:1712,308
DA:1713,30
DA:1716,12
DA:1719,3
DA:1720,3
DA:1721,3
DA:1722,77
DA:1723,77
DA:1724,67
DA:1725,67
DA:1726,5
DA:1730,3
DA:1733,3
DA:1734,3
DA:1735,3
DA:1736,77
DA:1737,77
DA:1738,42
DA:1739,42
DA:1740,13
DA:1744,3
DA:1747,3
DA:1748,3
DA:1749,3
DA:1750,77
DA:1752,77
DA:1753,77
DA:1754,7
DA:1757,3
DA:1760,3
DA:1763,12
DA:1778,77
DA:1787,2
DA:1788,2
DA:1791,2
DA:1792,2
DA:1795,3
DA:1797,3
DA:1798,3
DA:1802,3
DA:1806,0
DA:1809,0
DA:1810,0
DA:1812,0
DA:1816,0
DA:1859,0
DA:1860,0
DA:1863,0
DA:1869,0
DA:1870,0
DA:1871,0
DA:1872,0
DA:1875,0
DA:1878,0
DA:1879,0
DA:1880,0
DA:1881,0
DA:1882,0
DA:1883,0
DA:1888,0
DA:1889,0
DA:1891,0
DA:1892,0
DA:1893,0
DA:1894,0
DA:1896,0
DA:1897,0
DA:1911,0
DA:1912,0
DA:1923,0
DA:1935,0
DA:1936,0
DA:1937,0
DA:1938,0
DA:1939,0
DA:1940,0
DA:1941,0
DA:1942,0
DA:1943,0
DA:1948,0
DA:1949,0
DA:1952,0
DA:1953,0
DA:1955,0
DA:1961,0
DA:1967,0
DA:1968,0
DA:1969,0
DA:1976,0
DA:1977,0
DA:1978,0
DA:1981,0
DA:1982,0
DA:1986,2
LF:862
LH:737
BRDA:3,0,0,2
BRDA:3,0,1,0
BRDA:7,1,0,0
BRDA:7,1,1,0
BRDA:7,2,0,0
BRDA:7,2,1,0
BRDA:9,3,0,0
BRDA:9,3,1,0
BRDA:9,4,0,0
BRDA:9,4,1,0
BRDA:15,5,0,2
BRDA:15,5,1,0
BRDA:25,6,0,0
BRDA:25,6,1,36277
BRDA:27,7,0,36277
BRDA:27,7,1,3172
BRDA:27,7,2,3172
BRDA:189,8,0,71
BRDA:189,8,1,22399
BRDA:193,9,0,2
BRDA:193,9,1,873
BRDA:194,10,0,338
BRDA:194,10,1,537
BRDA:196,11,0,247
BRDA:196,11,1,91
BRDA:197,12,0,11
BRDA:197,12,1,80
BRDA:202,13,0,26
BRDA:202,13,1,982
BRDA:204,14,0,178
BRDA:204,14,1,830
BRDA:206,15,0,36
BRDA:206,15,1,794
BRDA:206,16,0,830
BRDA:206,16,1,59
BRDA:214,17,0,43
BRDA:214,17,1,142
BRDA:224,18,0,27820
BRDA:224,18,1,0
BRDA:226,19,0,27820
BRDA:226,19,1,2371
BRDA:229,20,0,27820
BRDA:229,20,1,25449
BRDA:229,20,2,0
BRDA:230,21,0,27820
BRDA:230,21,1,2371
BRDA:231,22,0,27820
BRDA:231,22,1,2371
BRDA:236,23,0,2296
BRDA:236,23,1,25524
BRDA:236,24,0,27820
BRDA:236,24,1,27820
BRDA:238,25,0,0
BRDA:238,25,1,25524
BRDA:239,26,0,25524
BRDA:239,26,1,25524
BRDA:239,26,2,25524
BRDA:244,27,0,6258
BRDA:244,27,1,19266
BRDA:244,28,0,25524
BRDA:244,28,1,19266
BRDA:246,29,0,16895
BRDA:246,29,1,2371
BRDA:247,30,0,19266
BRDA:247,30,1,19266
BRDA:247,30,2,2371
BRDA:247,30,3,2371
BRDA:255,31,0,9991
BRDA:255,31,1,17829
BRDA:256,32,0,27820
BRDA:256,32,1,17829
BRDA:256,32,2,17829
BRDA:260,33,0,9991
BRDA:260,33,1,2371
BRDA:260,33,2,0
BRDA:261,34,0,9991
BRDA:261,34,1,2371
BRDA:261,34,2,0
BRDA:262,35,0,7620
BRDA:262,35,1,2371
BRDA:262,36,0,9991
BRDA:262,36,1,7620
BRDA:263,37,0,0
BRDA:263,37,1,2371
BRDA:272,38,0,1100
BRDA:272,38,1,88
BRDA:274,39,0,92
BRDA:274,39,1,1008
BRDA:275,40,0,0
BRDA:275,40,1,1008
BRDA:275,41,0,1008
BRDA:275,41,1,920
BRDA:281,42,0,1008
BRDA:281,42,1,88
BRDA:282,43,0,1008
BRDA:282,43,1,88
BRDA:282,43,2,0
BRDA:296,44,0,1008
BRDA:296,44,1,640
BRDA:296,44,2,552
BRDA:296,44,3,552
BRDA:307,45,0,300
BRDA:307,45,1,708
BRDA:308,46,0,300
BRDA:308,46,1,708
BRDA:308,47,0,1008
BRDA:308,47,1,708
BRDA:311,48,0,600
BRDA:311,48,1,408
BRDA:323,49,0,18578
BRDA:323,49,1,8623
BRDA:326,50,0,0
BRDA:326,50,1,1842
BRDA:329,51,0,0
BRDA:329,51,1,0
BRDA:338,52,0,1077
BRDA:338,52,1,6881
BRDA:339,53,0,3853
BRDA:339,53,1,4105
BRDA:343,54,0,7958
BRDA:343,54,1,679
BRDA:344,55,0,7958
BRDA:344,55,1,679
BRDA:345,56,0,7958
BRDA:345,56,1,679
BRDA:346,57,0,7958
BRDA:346,57,1,679
BRDA:348,58,0,3940
BRDA:348,58,1,4018
BRDA:349,59,0,2761
BRDA:349,59,1,1179
BRDA:350,60,0,2547
BRDA:350,60,1,1393
BRDA:351,61,0,0
BRDA:351,61,1,3940
BRDA:352,62,0,0
BRDA:352,62,1,3940
BRDA:354,63,0,389
BRDA:354,63,1,7569
BRDA:355,64,0,218
BRDA:355,64,1,171
BRDA:356,65,0,258
BRDA:356,65,1,131
BRDA:357,66,0,0
BRDA:357,66,1,389
BRDA:358,67,0,0
BRDA:358,67,1,389
BRDA:360,68,0,3629
BRDA:360,68,1,4329
BRDA:361,69,0,1239
BRDA:361,69,1,2390
BRDA:362,70,0,632
BRDA:362,70,1,2997
BRDA:363,71,0,3311
BRDA:363,71,1,318
BRDA:364,72,0,1903
BRDA:364,72,1,1726
BRDA:369,73,0,0
BRDA:369,73,1,7958
BRDA:369,74,0,7958
BRDA:369,74,1,1077
BRDA:370,75,0,0
BRDA:370,75,1,7958
BRDA:370,76,0,7958
BRDA:370,76,1,3853
BRDA:395,77,0,1842
BRDA:395,77,1,0
BRDA:401,78,0,0
BRDA:401,78,1,0
BRDA:410,79,0,11235
BRDA:410,79,1,0
BRDA:415,80,0,11235
BRDA:415,80,1,10364
BRDA:415,80,2,0
BRDA:416,81,0,11235
BRDA:416,81,1,871
BRDA:417,82,0,11235
BRDA:417,82,1,871
BRDA:421,83,0,3460
BRDA:421,83,1,7775
BRDA:424,84,0,0
BRDA:424,84,1,7775
BRDA:425,85,0,7775
BRDA:425,85,1,7775
BRDA:425,85,2,7775
BRDA:432,86,0,2731
BRDA:432,86,1,5044
BRDA:432,87,0,7775
BRDA:432,87,1,5747
BRDA:436,88,0,816
BRDA:436,88,1,4228
BRDA:437,89,0,5044
BRDA:437,89,1,4228
BRDA:437,89,2,4228
BRDA:444,90,0,3357
BRDA:444,90,1,871
BRDA:445,91,0,0
BRDA:445,91,1,3357
BRDA:446,92,0,394
BRDA:446,92,1,2963
BRDA:456,93,0,0
BRDA:456,93,1,445
BRDA:456,94,0,445
BRDA:456,94,1,445
BRDA:456,94,2,445
BRDA:459,95,0,0
BRDA:459,95,1,445
BRDA:465,96,0,14
BRDA:465,96,1,690
BRDA:465,97,0,704
BRDA:465,97,1,141
BRDA:466,98,0,21
BRDA:466,98,1,669
BRDA:466,99,0,690
BRDA:466,99,1,563
BRDA:473,100,0,216
BRDA:473,100,1,453
BRDA:474,101,0,110
BRDA:474,101,1,106
BRDA:475,102,0,51
BRDA:475,102,1,55
BRDA:476,103,0,34
BRDA:476,103,1,21
BRDA:480,104,0,279
BRDA:480,104,1,174
BRDA:481,105,0,116
BRDA:481,105,1,58
BRDA:499,106,0,0
BRDA:500,107,0,0
BRDA:501,108,0,0
BRDA:502,109,0,0
BRDA:503,110,0,0
BRDA:504,111,0,0
BRDA:505,112,0,0
BRDA:512,113,0,11130
BRDA:512,113,1,105
BRDA:512,114,0,11235
BRDA:512,114,1,11235
BRDA:514,115,0,516
BRDA:514,115,1,10614
BRDA:520,116,0,6200
BRDA:520,116,1,4930
BRDA:521,117,0,63
BRDA:521,117,1,6137
BRDA:522,118,0,3904
BRDA:522,118,1,2296
BRDA:523,119,0,1701
BRDA:523,119,1,4499
BRDA:524,120,0,3083
BRDA:524,120,1,1847
BRDA:526,121,0,1418
BRDA:526,121,1,1665
BRDA:531,122,0,4504
BRDA:531,122,1,6731
BRDA:533,123,0,2071
BRDA:533,123,1,4660
BRDA:535,124,0,1335
BRDA:535,124,1,3325
BRDA:537,125,0,16
BRDA:537,125,1,3309
BRDA:542,126,0,526
BRDA:542,126,1,10709
BRDA:543,127,0,11235
BRDA:543,127,1,3460
BRDA:543,127,2,2934
BRDA:543,127,3,1382
BRDA:548,128,0,0
BRDA:548,128,1,11235
BRDA:548,129,0,11235
BRDA:548,129,1,0
BRDA:551,130,0,1210
BRDA:551,130,1,10025
BRDA:552,131,0,0
BRDA:552,131,1,1210
BRDA:554,132,0,1000
BRDA:554,132,1,10235
BRDA:554,133,0,11235
BRDA:554,133,1,2731
BRDA:560,134,0,5153
BRDA:560,134,1,6082
BRDA:561,135,0,40
BRDA:561,135,1,5113
BRDA:561,136,0,5153
BRDA:561,136,1,5141
BRDA:561,136,2,144
BRDA:562,137,0,796
BRDA:562,137,1,4317
BRDA:563,138,0,2419
BRDA:563,138,1,1898
BRDA:564,139,0,289
BRDA:564,139,1,1609
BRDA:565,140,0,0
BRDA:565,140,1,1609
BRDA:567,141,0,88
BRDA:567,141,1,5065
BRDA:567,142,0,5153
BRDA:567,142,1,995
BRDA:567,142,2,129
BRDA:568,143,0,58
BRDA:568,143,1,6024
BRDA:568,144,0,6082
BRDA:568,144,1,58
BRDA:570,145,0,1655
BRDA:570,145,1,4369
BRDA:572,146,0,372
BRDA:572,146,1,3997
BRDA:580,147,0,995
BRDA:580,147,1,10240
BRDA:585,148,0,995
BRDA:585,148,1,0
BRDA:586,149,0,995
BRDA:586,149,1,0
BRDA:591,150,0,7506
BRDA:591,150,1,3729
BRDA:591,151,0,11235
BRDA:591,151,1,6082
BRDA:592,152,0,3314
BRDA:592,152,1,4192
BRDA:592,153,0,7506
BRDA:592,153,1,5490
BRDA:600,154,0,11235
BRDA:600,154,1,0
BRDA:603,155,0,38666
BRDA:603,155,1,0
BRDA:606,156,0,1802
BRDA:606,156,1,9433
BRDA:610,157,0,3305
BRDA:610,157,1,7930
BRDA:625,158,0,871
BRDA:625,158,1,10364
BRDA:625,159,0,11235
BRDA:625,159,1,11235
BRDA:625,159,2,871
BRDA:626,160,0,871
BRDA:626,160,1,871
BRDA:629,161,0,0
BRDA:629,161,1,11235
BRDA:631,162,0,974
BRDA:631,162,1,10261
BRDA:631,163,0,11235
BRDA:631,163,1,11235
BRDA:631,163,2,974
BRDA:632,164,0,974
BRDA:632,164,1,974
BRDA:635,165,0,0
BRDA:635,165,1,11235
BRDA:639,166,0,11235
BRDA:639,166,1,0
BRDA:640,167,0,11235
BRDA:640,167,1,0
BRDA:648,168,0,11235
BRDA:648,168,1,0
BRDA:649,169,0,11235
BRDA:649,169,1,0
BRDA:662,170,0,250
BRDA:662,170,1,10985
BRDA:666,171,0,724
BRDA:666,171,1,10261
BRDA:670,172,0,245
BRDA:670,172,1,10016
BRDA:674,173,0,0
BRDA:674,173,1,10016
BRDA:678,174,0,871
BRDA:678,174,1,9145
BRDA:682,175,0,0
BRDA:682,175,1,9145
BRDA:689,176,0,4757
BRDA:689,176,1,6478
BRDA:690,177,0,1787
BRDA:690,177,1,9448
BRDA:693,178,0,2889
BRDA:693,178,1,8346
BRDA:694,179,0,1368
BRDA:694,179,1,9867
BRDA:698,180,0,11235
BRDA:698,180,1,871
BRDA:699,181,0,11235
BRDA:699,181,1,974
BRDA:702,182,0,3593
BRDA:702,182,1,7642
BRDA:702,183,0,11235
BRDA:702,183,1,3593
BRDA:705,184,0,7642
BRDA:705,184,1,3593
BRDA:705,185,0,11235
BRDA:705,185,1,7642
BRDA:710,186,0,258
BRDA:710,186,1,10977
BRDA:711,187,0,11235
BRDA:711,187,1,3593
BRDA:711,187,2,3550
BRDA:716,188,0,0
BRDA:716,188,1,11235
BRDA:716,189,0,11235
BRDA:716,189,1,7642
BRDA:726,190,0,11235
BRDA:726,190,1,11235
BRDA:727,191,0,11235
BRDA:727,191,1,0
BRDA:728,192,0,11235
BRDA:728,192,1,11235
BRDA:731,193,0,0
BRDA:731,193,1,11235
BRDA:733,194,0,0
BRDA:733,194,1,0
BRDA:736,195,0,0
BRDA:736,195,1,0
BRDA:741,196,0,0
BRDA:741,196,1,0
BRDA:747,197,0,0
BRDA:747,197,1,0
BRDA:755,198,0,1257
BRDA:755,198,1,9978
BRDA:757,199,0,0
BRDA:757,199,1,1257
BRDA:759,200,0,0
BRDA:759,200,1,0
BRDA:763,201,0,0
BRDA:763,201,1,0
BRDA:767,202,0,1257
BRDA:767,202,1,0
BRDA:775,203,0,1257
BRDA:775,203,1,9978
BRDA:775,204,0,11235
BRDA:775,204,1,11235
BRDA:778,205,0,489
BRDA:778,205,1,768
BRDA:782,206,0,207
BRDA:782,206,1,561
BRDA:796,207,0,1708
BRDA:796,207,1,9527
BRDA:796,208,0,11235
BRDA:796,208,1,8171
BRDA:796,208,2,4961
BRDA:799,209,0,957
BRDA:799,209,1,751
BRDA:809,210,0,3704
BRDA:809,210,1,7531
BRDA:810,211,0,0
BRDA:810,211,1,3704
BRDA:811,212,0,0
BRDA:811,212,1,3704
BRDA:811,213,0,3704
BRDA:811,213,1,3704
BRDA:814,214,0,2280
BRDA:814,214,1,8955
BRDA:815,215,0,526
BRDA:815,215,1,1754
BRDA:816,216,0,0
BRDA:816,216,1,2280
BRDA:820,217,0,654
BRDA:820,217,1,10581
BRDA:820,218,0,11235
BRDA:820,218,1,1257
BRDA:825,219,0,984
BRDA:825,219,1,10251
BRDA:826,220,0,0
BRDA:826,220,1,984
BRDA:830,221,0,6668
BRDA:830,221,1,4567
BRDA:830,222,0,11235
BRDA:830,222,1,11235
BRDA:834,223,0,2431
BRDA:834,223,1,4237
BRDA:836,224,0,0
BRDA:836,224,1,11235
BRDA:837,225,0,11235
BRDA:837,225,1,11235
BRDA:843,226,0,0
BRDA:843,226,1,11235
BRDA:844,227,0,11235
BRDA:844,227,1,11235
BRDA:844,227,2,0
BRDA:844,227,3,0
BRDA:852,228,0,11235
BRDA:852,228,1,11235
BRDA:853,229,0,11235
BRDA:853,229,1,11235
BRDA:856,230,0,11235
BRDA:856,230,1,0
BRDA:859,231,0,2994
BRDA:859,231,1,8241
BRDA:859,232,0,11235
BRDA:859,232,1,8450
BRDA:859,232,2,3847
BRDA:859,232,3,517
BRDA:860,233,0,0
BRDA:860,233,1,2994
BRDA:861,234,0,0
BRDA:861,234,1,2994
BRDA:862,235,0,0
BRDA:862,235,1,2994
BRDA:863,236,0,0
BRDA:863,236,1,2994
BRDA:869,237,0,11235
BRDA:869,237,1,1134
BRDA:870,238,0,143
BRDA:870,238,1,11092
BRDA:870,239,0,11235
BRDA:870,239,1,287
BRDA:875,240,0,90
BRDA:875,240,1,11002
BRDA:875,241,0,11092
BRDA:875,241,1,11035
BRDA:884,242,0,5004
BRDA:884,242,1,6231
BRDA:885,243,0,2278
BRDA:885,243,1,8957
BRDA:886,244,0,1248
BRDA:886,244,1,9987
BRDA:887,245,0,615
BRDA:887,245,1,10620
BRDA:891,246,0,1730
BRDA:891,246,1,9505
BRDA:899,247,0,1884
BRDA:899,247,1,9351
BRDA:900,248,0,0
BRDA:900,248,1,11235
BRDA:902,249,0,796
BRDA:902,249,1,10439
BRDA:902,250,0,11235
BRDA:902,250,1,2280
BRDA:904,251,0,2592
BRDA:904,251,1,8643
BRDA:913,252,0,3305
BRDA:913,252,1,7930
BRDA:920,253,0,3984
BRDA:920,253,1,7251
BRDA:928,254,0,2280
BRDA:928,254,1,8955
BRDA:929,255,0,0
BRDA:929,255,1,2280
BRDA:929,256,0,2280
BRDA:929,256,1,2280
BRDA:946,257,0,11235
BRDA:946,257,1,9207
BRDA:947,258,0,9207
BRDA:947,258,1,871
BRDA:950,259,0,4504
BRDA:950,259,1,6731
BRDA:952,260,0,345
BRDA:952,260,1,10890
BRDA:952,261,0,11235
BRDA:952,261,1,4504
BRDA:952,261,2,876
BRDA:964,262,0,178
BRDA:964,262,1,167
BRDA:970,263,0,23
BRDA:970,263,1,322
BRDA:970,264,0,345
BRDA:970,264,1,203
BRDA:970,264,2,52
BRDA:978,265,0,3854
BRDA:978,265,1,7381
BRDA:978,266,0,11235
BRDA:978,266,1,9207
BRDA:983,267,0,932
BRDA:983,267,1,10303
BRDA:984,268,0,11235
BRDA:984,268,1,10303
BRDA:991,269,0,548
BRDA:991,269,1,10687
BRDA:997,270,0,211
BRDA:997,270,1,11024
BRDA:1005,271,0,3657
BRDA:1005,271,1,7578
BRDA:1009,272,0,5421
BRDA:1009,272,1,2157
BRDA:1016,273,0,3621
BRDA:1016,273,1,7614
BRDA:1021,274,0,1701
BRDA:1021,274,1,5913
BRDA:1027,275,0,63
BRDA:1027,275,1,5850
BRDA:1027,276,0,5913
BRDA:1027,276,1,63
BRDA:1034,277,0,3255
BRDA:1034,277,1,7980
BRDA:1034,278,0,11235
BRDA:1034,278,1,5153
BRDA:1038,279,0,1348
BRDA:1038,279,1,1907
BRDA:1042,280,0,852
BRDA:1042,280,1,10383
BRDA:1042,281,0,11235
BRDA:1042,281,1,2280
BRDA:1053,282,0,11235
BRDA:1053,282,1,25228
BRDA:1061,283,0,704
BRDA:1061,283,1,10531
BRDA:1066,284,0,311
BRDA:1066,284,1,10220
BRDA:1066,285,0,10531
BRDA:1066,285,1,10338
BRDA:1082,286,0,0
BRDA:1084,287,0,98
BRDA:1084,287,1,21357
BRDA:1087,288,0,98
BRDA:1087,288,1,21
BRDA:1103,289,0,200
BRDA:1103,289,1,0
BRDA:1107,290,0,200
BRDA:1107,290,1,0
BRDA:1107,291,0,200
BRDA:1107,291,1,0
BRDA:1109,292,0,0
BRDA:1109,292,1,0
BRDA:1114,293,0,0
BRDA:1114,293,1,200
BRDA:1114,294,0,200
BRDA:1114,294,1,200
BRDA:1114,294,2,200
BRDA:1118,295,0,1196
BRDA:1118,295,1,1196
BRDA:1118,296,0,1196
BRDA:1118,296,1,184
BRDA:1118,297,0,1196
BRDA:1118,297,1,276
BRDA:1129,298,0,200
BRDA:1129,298,1,0
BRDA:1138,299,0,0
BRDA:1169,300,0,100
BRDA:1169,300,1,50
BRDA:1172,301,0,34
BRDA:1172,301,1,66
BRDA:1172,302,0,100
BRDA:1172,302,1,50
BRDA:1179,303,0,100
BRDA:1179,303,1,100
BRDA:1180,304,0,100
BRDA:1180,304,1,100
BRDA:1181,305,0,180
BRDA:1181,305,1,88
BRDA:1182,306,0,92
BRDA:1182,306,1,8
BRDA:1188,307,0,1008
BRDA:1188,307,1,0
BRDA:1188,308,0,91
BRDA:1188,308,1,917
BRDA:1201,309,0,100
BRDA:1201,309,1,0
BRDA:1202,310,0,100
BRDA:1202,310,1,0
BRDA:1205,311,0,33
BRDA:1205,311,1,1842
BRDA:1205,312,0,1875
BRDA:1205,312,1,1847
BRDA:1205,312,2,1847
BRDA:1205,312,3,854
BRDA:1207,313,0,600
BRDA:1207,313,1,1242
BRDA:1207,314,0,859
BRDA:1207,314,1,383
BRDA:1209,315,0,0
BRDA:1209,315,1,1842
BRDA:1212,316,0,0
BRDA:1212,316,1,1842
BRDA:1215,317,0,431
BRDA:1215,317,1,1411
BRDA:1219,318,0,45
BRDA:1219,318,1,11235
BRDA:1219,319,0,11280
BRDA:1219,319,1,11255
BRDA:1219,319,2,11255
BRDA:1219,319,3,5173
BRDA:1224,320,0,0
BRDA:1224,320,1,11235
BRDA:1224,321,0,11235
BRDA:1224,321,1,11235
BRDA:1227,322,0,5153
BRDA:1227,322,1,6082
BRDA:1230,323,0,5153
BRDA:1230,323,1,0
BRDA:1264,324,0,10924
BRDA:1264,324,1,311
BRDA:1271,325,0,11235
BRDA:1271,325,1,0
BRDA:1276,326,0,10924
BRDA:1276,326,1,311
BRDA:1277,327,0,100
BRDA:1277,327,1,10824
BRDA:1288,328,0,10924
BRDA:1288,328,1,311
BRDA:1290,329,0,704
BRDA:1290,329,1,10531
BRDA:1296,330,0,635
BRDA:1296,330,1,69
BRDA:1296,331,0,704
BRDA:1296,331,1,704
BRDA:1300,332,0,635
BRDA:1300,332,1,0
BRDA:1320,333,0,669
BRDA:1320,333,1,35
BRDA:1326,334,0,675
BRDA:1326,334,1,29
BRDA:1341,335,0,10220
BRDA:1341,335,1,311
BRDA:1347,336,0,2230
BRDA:1347,336,1,7990
BRDA:1350,337,0,976
BRDA:1350,337,1,1254
BRDA:1358,338,0,2376
BRDA:1358,338,1,5614
BRDA:1374,339,0,1254
BRDA:1374,339,1,8966
BRDA:1378,340,0,976
BRDA:1378,340,1,9244
BRDA:1383,341,0,3639
BRDA:1383,341,1,6581
BRDA:1388,342,0,10924
BRDA:1388,342,1,311
BRDA:1396,343,0,981
BRDA:1396,343,1,861
BRDA:1400,344,0,69
BRDA:1400,344,1,31
BRDA:1400,345,0,100
BRDA:1400,345,1,71
BRDA:1409,346,0,171
BRDA:1409,346,1,929
BRDA:1438,347,0,0
BRDA:1438,347,1,0
BRDA:1439,348,0,0
BRDA:1439,348,1,0
BRDA:1439,348,2,0
BRDA:1459,349,0,0
BRDA:1459,349,1,0
BRDA:1460,350,0,0
BRDA:1460,350,1,0
BRDA:1468,351,0,0
BRDA:1468,351,1,0
BRDA:1469,352,0,0
BRDA:1469,352,1,0
BRDA:1472,353,0,0
BRDA:1472,353,1,0
BRDA:1477,354,0,2
BRDA:1478,355,0,50
BRDA:1478,355,1,14
BRDA:1480,356,0,19
BRDA:1480,356,1,31
BRDA:1481,357,0,19
BRDA:1481,357,1,31
BRDA:1488,358,0,17
BRDA:1488,358,1,33
BRDA:1491,359,0,14
BRDA:1491,359,1,19
BRDA:1495,360,0,10
BRDA:1495,360,1,9
BRDA:1500,361,0,27
BRDA:1500,361,1,23
BRDA:1516,362,0,0
BRDA:1516,362,1,50
BRDA:1522,363,0,27
BRDA:1522,363,1,23
BRDA:1523,364,0,27
BRDA:1523,364,1,23
BRDA:1526,365,0,32
BRDA:1526,365,1,18
BRDA:1527,366,0,18
BRDA:1527,366,1,32
BRDA:1558,367,0,0
BRDA:1558,367,1,3
BRDA:1558,368,0,3
BRDA:1558,368,1,3
BRDA:1569,369,0,0
BRDA:1569,369,1,12
BRDA:1599,370,0,0
BRDA:1599,370,1,36
BRDA:1599,371,0,36
BRDA:1599,371,1,36
BRDA:1604,372,0,0
BRDA:1604,372,1,36
BRDA:1607,373,0,19
BRDA:1607,373,1,17
BRDA:1625,374,0,36
BRDA:1625,374,1,36
BRDA:1625,375,0,36
BRDA:1625,375,1,0
BRDA:1626,376,0,36
BRDA:1626,376,1,36
BRDA:1628,377,0,72
BRDA:1628,377,1,0
BRDA:1628,378,0,72
BRDA:1628,378,1,72
BRDA:1631,379,0,24
BRDA:1631,379,1,48
BRDA:1650,380,0,12
BRDA:1650,380,1,36
BRDA:1664,381,0,12
BRDA:1664,381,1,0
BRDA:1665,382,0,12
BRDA:1665,382,1,0
BRDA:1670,383,0,17
BRDA:1670,383,1,4
BRDA:1678,384,0,3
BRDA:1678,384,1,0
BRDA:1683,385,0,1
BRDA:1683,385,1,2
BRDA:1685,386,0,1
BRDA:1685,386,1,2
BRDA:1687,387,0,0
BRDA:1687,387,1,3
BRDA:1690,388,0,2
BRDA:1690,388,1,1
BRDA:1694,389,0,1
BRDA:1694,389,1,2
BRDA:1695,390,0,1
BRDA:1695,390,1,2
BRDA:1698,391,0,0
BRDA:1698,391,1,0
BRDA:1702,392,0,0
BRDA:1702,392,1,0
BRDA:1704,393,0,0
BRDA:1704,393,1,0
BRDA:1709,394,0,12
BRDA:1712,395,0,30
BRDA:1712,395,1,278
BRDA:1719,396,0,3
BRDA:1723,397,0,67
BRDA:1723,397,1,10
BRDA:1725,398,0,5
BRDA:1725,398,1,62
BRDA:1733,399,0,3
BRDA:1737,400,0,42
BRDA:1737,400,1,35
BRDA:1739,401,0,13
BRDA:1739,401,1,29
BRDA:1744,402,0,0
BRDA:1744,402,1,3
BRDA:1753,403,0,7
BRDA:1753,403,1,70
BRDA:1778,404,0,77
BRDA:1778,404,1,6
BRDA:1794,405,0,3
BRDA:1797,406,0,3
BRDA:1797,406,1,0
BRDA:1797,407,0,3
BRDA:1797,407,1,0
BRDA:1809,408,0,0
BRDA:1809,408,1,0
BRDA:1809,409,0,0
BRDA:1809,409,1,0
BRDA:1810,410,0,0
BRDA:1810,410,1,0
BRDA:1821,411,0,0
BRDA:1821,411,1,0
BRDA:1871,412,0,0
BRDA:1871,412,1,0
BRDA:1871,413,0,0
BRDA:1871,413,1,0
BRDA:1878,414,0,0
BRDA:1878,414,1,0
BRDA:1878,415,0,0
BRDA:1878,415,1,0
BRDA:1881,416,0,0
BRDA:1881,416,1,0
BRDA:1941,417,0,0
BRDA:1941,417,1,0
BRDA:1944,418,0,0
BRDA:1944,418,1,0
BRDA:1948,419,0,0
BRDA:1948,419,1,0
BRDA:1948,420,0,0
BRDA:1948,420,1,0
BRF:863
BRH:692
end_of_record
TN:
SF:auth.js
FN:8,(anonymous_0)
FN:18,(anonymous_1)
FN:19,(anonymous_2)
FN:34,(anonymous_3)
FN:125,(anonymous_4)
FN:176,(anonymous_5)
FN:214,(anonymous_6)
FN:227,(anonymous_7)
FN:231,(anonymous_8)
FN:252,(anonymous_9)
FN:262,(anonymous_10)
FN:275,(anonymous_11)
FN:305,(anonymous_12)
FN:313,(anonymous_13)
FN:343,(anonymous_14)
FN:346,(anonymous_15)
FN:353,(anonymous_16)
FNF:17
FNH:0
FNDA:0,(anonymous_0)
FNDA:0,(anonymous_1)
FNDA:0,(anonymous_2)
FNDA:0,(anonymous_3)
FNDA:0,(anonymous_4)
FNDA:0,(anonymous_5)
FNDA:0,(anonymous_6)
FNDA:0,(anonymous_7)
FNDA:0,(anonymous_8)
FNDA:0,(anonymous_9)
FNDA:0,(anonymous_10)
FNDA:0,(anonymous_11)
FNDA:0,(anonymous_12)
FNDA:0,(anonymous_13)
FNDA:0,(anonymous_14)
FNDA:0,(anonymous_15)
FNDA:0,(anonymous_16)
DA:2,0
DA:3,0
DA:5,0
DA:9,0
DA:10,0
DA:11,0
DA:12,0
DA:14,0
DA:19,0
DA:20,0
DA:21,0
DA:23,0
DA:24,0
DA:25,0
DA:26,0
DA:27,0
DA:28,0
DA:29,0
DA:30,0
DA:35,0
DA:36,0
DA:38,0
DA:39,0
DA:41,0
DA:42,0
DA:45,0
DA:47,0
DA:50,0
DA:51,0
DA:53,0
DA:54,0
DA:57,0
DA:58,0
DA:59,0
DA:60,0
DA:61,0
DA:62,0
DA:63,0
DA:66,0
DA:67,0
DA:78,0
DA:79,0
DA:80,0
DA:88,0
DA:89,0
DA:92,0
DA:99,0
DA:100,0
DA:104,0
DA:111,0
DA:112,0
DA:115,0
DA:118,0
DA:119,0
DA:120,0
DA:121,0
DA:126,0
DA:127,0
DA:130,0
DA:131,0
DA:132,0
DA:133,0
DA:134,0
DA:137,0
DA:138,0
DA:139,0
DA:140,0
DA:142,0
DA:143,0
DA:144,0
DA:145,0
DA:147,0
DA:148,0
DA:149,0
DA:152,0
DA:155,0
DA:159,0
DA:161,0
DA:165,0
DA:166,0
DA:167,0
DA:169,0
DA:170,0
DA:171,0
DA:177,0
DA:178,0
DA:180,0
DA:193,0
DA:194,0
DA:195,0
DA:196,0
DA:197,0
DA:201,0
DA:202,0
DA:207,0
DA:209,0
DA:215,0
DA:216,0
DA:217,0
DA:220,0
DA:227,0
DA:228,0
DA:231,0
DA:232,0
DA:235,0
DA:236,0
DA:237,0
DA:238,0
DA:241,0
DA:244,0
DA:247,0
DA:248,0
DA:252,0
DA:253,0
DA:254,0
DA:256,0
DA:257,0
DA:262,0
DA:263,0
DA:264,0
DA:268,0
DA:269,0
DA:270,0
DA:276,0
DA:283,0
DA:284,0
DA:285,0
DA:286,0
DA:304,0
DA:305,0
DA:306,0
DA:307,0
DA:314,0
DA:315,0
DA:344,0
DA:345,0
DA:346,0
DA:347,0
DA:348,0
DA:354,0
DA:355,0
DA:356,0
DA:357,0
DA:362,0
DA:363,0
LF:145
LH:0
BRDA:20,0,0,0
BRDA:20,0,1,0
BRDA:36,1,0,0
BRDA:36,1,1,0
BRDA:47,2,0,0
BRDA:47,2,1,0
BRDA:54,3,0,0
BRDA:54,3,1,0
BRDA:71,4,0,0
BRDA:71,4,1,0
BRDA:71,4,2,0
BRDA:73,5,0,0
BRDA:73,5,1,0
BRDA:78,6,0,0
BRDA:78,6,1,0
BRDA:88,7,0,0
BRDA:88,7,1,0
BRDA:93,8,0,0
BRDA:93,8,1,0
BRDA:93,8,2,0
BRDA:99,9,0,0
BRDA:99,9,1,0
BRDA:105,10,0,0
BRDA:105,10,1,0
BRDA:105,10,2,0
BRDA:111,11,0,0
BRDA:111,11,1,0
BRDA:133,12,0,0
BRDA:133,12,1,0
BRDA:137,13,0,0
BRDA:137,13,1,0
BRDA:139,14,0,0
BRDA:139,14,1,0
BRDA:142,15,0,0
BRDA:142,15,1,0
BRDA:143,16,0,0
BRDA:143,16,1,0
BRDA:144,17,0,0
BRDA:144,17,1,0
BRDA:145,18,0,0
BRDA:145,18,1,0
BRDA:147,19,0,0
BRDA:147,19,1,0
BRDA:159,20,0,0
BRDA:159,20,1,0
BRDA:159,21,0,0
BRDA:159,21,1,0
BRDA:159,21,2,0
BRDA:159,21,3,0
BRDA:159,21,4,0
BRDA:159,21,5,0
BRDA:166,22,0,0
BRDA:166,22,1,0
BRDA:166,23,0,0
BRDA:166,23,1,0
BRDA:167,24,0,0
BRDA:167,24,1,0
BRDA:170,25,0,0
BRDA:170,25,1,0
BRDA:170,26,0,0
BRDA:170,26,1,0
BRDA:178,27,0,0
BRDA:178,27,1,0
BRDA:178,28,0,0
BRDA:178,28,1,0
BRDA:195,29,0,0
BRDA:195,29,1,0
BRDA:215,30,0,0
BRDA:215,30,1,0
BRDA:217,31,0,0
BRDA:217,31,1,0
BRDA:237,32,0,0
BRDA:237,32,1,0
BRDA:238,33,0,0
BRDA:238,33,1,0
BRDA:247,34,0,0
BRDA:247,34,1,0
BRDA:256,35,0,0
BRDA:256,35,1,0
BRDA:263,36,0,0
BRDA:263,36,1,0
BRDA:268,37,0,0
BRDA:268,37,1,0
BRDA:283,38,0,0
BRDA:283,38,1,0
BRDA:285,39,0,0
BRDA:285,39,1,0
BRDA:306,40,0,0
BRDA:306,40,1,0
BRDA:314,41,0,0
BRDA:314,41,1,0
BRDA:345,42,0,0
BRDA:345,42,1,0
BRDA:354,43,0,0
BRDA:354,43,1,0
BRF:95
BRH:0
end_of_record
TN:
SF:challenge-handler.js
FN:2,(anonymous_0)
FN:7,(anonymous_1)
FN:14,(anonymous_2)
FN:32,(anonymous_3)
FN:41,(anonymous_4)
FN:45,(anonymous_5)
FN:50,(anonymous_6)
FN:64,(anonymous_7)
FN:69,(anonymous_8)
FN:76,(anonymous_9)
FN:91,initializeMatch
FN:128,startMatchSimulation
FN:130,(anonymous_12)
FNF:13
FNH:0
FNDA:0,(anonymous_0)
FNDA:0,(anonymous_1)
FNDA:0,(anonymous_2)
FNDA:0,(anonymous_3)
FNDA:0,(anonymous_4)
FNDA:0,(anonymous_5)
FNDA:0,(anonymous_6)
FNDA:0,(anonymous_7)
FNDA:0,(anonymous_8)
FNDA:0,(anonymous_9)
FNDA:0,initializeMatch
FNDA:0,startMatchSimulation
FNDA:0,(anonymous_12)
DA:2,0
DA:3,0
DA:4,0
DA:6,0
DA:7,0
DA:9,0
DA:13,0
DA:14,0
DA:16,0
DA:19,0
DA:20,0
DA:27,0
DA:28,0
DA:32,0
DA:33,0
DA:34,0
DA:35,0
DA:36,0
DA:39,0
DA:41,0
DA:42,0
DA:45,0
DA:46,0
DA:50,0
DA:51,0
DA:52,0
DA:53,0
DA:56,0
DA:59,0
DA:64,0
DA:65,0
DA:66,0
DA:69,0
DA:70,0
DA:71,0
DA:72,0
DA:76,0
DA:77,0
DA:78,0
DA:79,0
DA:83,0
DA:84,0
DA:87,0
DA:92,0
DA:122,0
DA:130,0
DA:131,0
DA:132,0
DA:133,0
DA:134,0
DA:137,0
DA:138,0
DA:139,0
DA:142,0
DA:143,0
DA:144,0
DA:145,0
DA:149,0
DA:150,0
LF:59
LH:0
BRDA:6,0,0,0
BRDA:6,0,1,0
BRDA:13,1,0,0
BRDA:13,1,1,0
BRDA:19,2,0,0
BRDA:19,2,1,0
BRDA:27,3,0,0
BRDA:27,3,1,0
BRDA:28,4,0,0
BRDA:28,4,1,0
BRDA:142,5,0,0
BRDA:142,5,1,0
BRF:12
BRH:0
end_of_record
TN:
SF:chat-enhancements.js
FN:3,(anonymous_0)
FN:18,(anonymous_1)
FN:24,(anonymous_2)
FN:32,(anonymous_3)
FN:36,(anonymous_4)
FN:44,(anonymous_5)
FN:48,(anonymous_6)
FN:62,(anonymous_7)
FN:76,(anonymous_8)
FN:92,(anonymous_9)
FN:96,(anonymous_10)
FN:103,(anonymous_11)
FN:105,(anonymous_12)
FN:115,(anonymous_13)
FN:116,(anonymous_14)
FN:117,(anonymous_15)
FN:121,(anonymous_16)
FN:128,(anonymous_17)
FN:137,(anonymous_18)
FN:146,(anonymous_19)
FN:151,(anonymous_20)
FN:155,(anonymous_21)
FN:171,(anonymous_22)
FN:188,(anonymous_23)
FN:197,(anonymous_24)
FN:206,(anonymous_25)
FN:217,(anonymous_26)
FN:225,(anonymous_27)
FN:233,(anonymous_28)
FN:234,(anonymous_29)
FN:260,(anonymous_30)
FNF:31
FNH:0
FNDA:0,(anonymous_0)
FNDA:0,(anonymous_1)
FNDA:0,(anonymous_2)
FNDA:0,(anonymous_3)
FNDA:0,(anonymous_4)
FNDA:0,(anonymous_5)
FNDA:0,(anonymous_6)
FNDA:0,(anonymous_7)
FNDA:0,(anonymous_8)
FNDA:0,(anonymous_9)
FNDA:0,(anonymous_10)
FNDA:0,(anonymous_11)
FNDA:0,(anonymous_12)
FNDA:0,(anonymous_13)
FNDA:0,(anonymous_14)
FNDA:0,(anonymous_15)
FNDA:0,(anonymous_16)
FNDA:0,(anonymous_17)
FNDA:0,(anonymous_18)
FNDA:0,(anonymous_19)
FNDA:0,(anonymous_20)
FNDA:0,(anonymous_21)
FNDA:0,(anonymous_22)
FNDA:0,(anonymous_23)
FNDA:0,(anonymous_24)
FNDA:0,(anonymous_25)
FNDA:0,(anonymous_26)
FNDA:0,(anonymous_27)
FNDA:0,(anonymous_28)
FNDA:0,(anonymous_29)
FNDA:0,(anonymous_30)
DA:4,0
DA:5,0
DA:13,0
DA:14,0
DA:15,0
DA:19,0
DA:20,0
DA:21,0
DA:25,0
DA:26,0
DA:27,0
DA:30,0
DA:31,0
DA:32,0
DA:33,0
DA:34,0
DA:35,0
DA:36,0
DA:37,0
DA:41,0
DA:42,0
DA:43,0
DA:44,0
DA:45,0
DA:46,0
DA:47,0
DA:48,0
DA:49,0
DA:52,0
DA:53,0
DA:56,0
DA:57,0
DA:58,0
DA:63,0
DA:64,0
DA:67,0
DA:68,0
DA:69,0
DA:70,0
DA:73,0
DA:74,0
DA:75,0
DA:76,0
DA:77,0
DA:80,0
DA:81,0
DA:82,0
DA:83,0
DA:85,0
DA:86,0
DA:87,0
DA:92,0
DA:93,0
DA:94,0
DA:95,0
DA:96,0
DA:97,0
DA:105,0
DA:106,0
DA:107,0
DA:108,0
DA:109,0
DA:114,0
DA:115,0
DA:116,0
DA:117,0
DA:122,0
DA:123,0
DA:124,0
DA:129,0
DA:130,0
DA:131,0
DA:132,0
DA:134,0
DA:138,0
DA:139,0
DA:140,0
DA:141,0
DA:143,0
DA:148,0
DA:149,0
DA:151,0
DA:152,0
DA:153,0
DA:154,0
DA:155,0
DA:156,0
DA:160,0
DA:161,0
DA:162,0
DA:167,0
DA:168,0
DA:172,0
DA:173,0
DA:175,0
DA:176,0
DA:178,0
DA:181,0
DA:182,0
DA:185,0
DA:189,0
DA:190,0
DA:191,0
DA:193,0
DA:194,0
DA:198,0
DA:199,0
DA:201,0
DA:202,0
DA:204,0
DA:206,0
DA:207,0
DA:208,0
DA:209,0
DA:210,0
DA:211,0
DA:213,0
DA:218,0
DA:219,0
DA:220,0
DA:221,0
DA:226,0
DA:227,0
DA:228,0
DA:234,0
DA:235,0
DA:236,0
DA:238,0
DA:239,0
DA:242,0
DA:243,0
DA:250,0
DA:257,0
DA:260,0
DA:261,0
DA:262,0
DA:263,0
DA:268,0
DA:269,0
LF:139
LH:0
BRDA:57,0,0,0
BRDA:57,0,1,0
BRDA:64,1,0,0
BRDA:64,1,1,0
BRDA:86,2,0,0
BRDA:86,2,1,0
BRDA:93,3,0,0
BRDA:93,3,1,0
BRDA:108,4,0,0
BRDA:108,4,1,0
BRDA:108,5,0,0
BRDA:108,5,1,0
BRDA:108,5,2,0
BRDA:114,6,0,0
BRDA:114,6,1,0
BRDA:123,7,0,0
BRDA:123,7,1,0
BRDA:130,8,0,0
BRDA:130,8,1,0
BRDA:139,9,0,0
BRDA:139,9,1,0
BRDA:172,10,0,0
BRDA:172,10,1,0
BRDA:175,11,0,0
BRDA:175,11,1,0
BRDA:181,12,0,0
BRDA:181,12,1,0
BRDA:190,13,0,0
BRDA:190,13,1,0
BRDA:199,14,0,0
BRDA:199,14,1,0
BRDA:202,15,0,0
BRDA:202,15,1,0
BRDA:204,16,0,0
BRDA:204,16,1,0
BRDA:208,17,0,0
BRDA:208,17,1,0
BRDA:210,18,0,0
BRDA:210,18,1,0
BRDA:219,19,0,0
BRDA:219,19,1,0
BRDA:227,20,0,0
BRDA:227,20,1,0
BRDA:236,21,0,0
BRDA:236,21,1,0
BRDA:236,22,0,0
BRDA:236,22,1,0
BRDA:242,23,0,0
BRDA:242,23,1,0
BRDA:262,24,0,0
BRDA:262,24,1,0
BRDA:268,25,0,0
BRDA:268,25,1,0
BRDA:268,26,0,0
BRDA:268,26,1,0
BRF:55
BRH:0
end_of_record
TN:
SF:effects.js
FN:3,(anonymous_0)
FN:16,(anonymous_1)
FN:22,(anonymous_2)
FN:31,(anonymous_3)
FN:37,(anonymous_4)
FN:43,(anonymous_5)
FN:47,(anonymous_6)
FN:56,(anonymous_7)
FN:78,(anonymous_8)
FN:82,(anonymous_9)
FN:93,(anonymous_10)
FN:105,(anonymous_11)
FN:125,(anonymous_12)
FN:145,(anonymous_13)
FN:147,(anonymous_14)
FN:152,(anonymous_15)
FN:167,(anonymous_16)
FN:170,(anonymous_17)
FN:176,(anonymous_18)
FN:182,(anonymous_19)
FN:199,(anonymous_20)
FN:202,(anonymous_21)
FN:218,(anonymous_22)
FN:258,(anonymous_23)
FN:259,(anonymous_24)
FNF:25
FNH:0
FNDA:0,(anonymous_0)
FNDA:0,(anonymous_1)
FNDA:0,(anonymous_2)
FNDA:0,(anonymous_3)
FNDA:0,(anonymous_4)
FNDA:0,(anonymous_5)
FNDA:0,(anonymous_6)
FNDA:0,(anonymous_7)
FNDA:0,(anonymous_8)
FNDA:0,(anonymous_9)
FNDA:0,(anonymous_10)
FNDA:0,(anonymous_11)
FNDA:0,(anonymous_12)
FNDA:0,(anonymous_13)
FNDA:0,(anonymous_14)
FNDA:0,(anonymous_15)
FNDA:0,(anonymous_16)
FNDA:0,(anonymous_17)
FNDA:0,(anonymous_18)
FNDA:0,(anonymous_19)
FNDA:0,(anonymous_20)
FNDA:0,(anonymous_21)
FNDA:0,(anonymous_22)
FNDA:0,(anonymous_23)
FNDA:0,(anonymous_24)
DA:4,0
DA:12,0
DA:13,0
DA:17,0
DA:18,0
DA:19,0
DA:24,0
DA:25,0
DA:28,0
DA:32,0
DA:33,0
DA:34,0
DA:38,0
DA:40,0
DA:41,0
DA:42,0
DA:43,0
DA:49,0
DA:50,0
DA:51,0
DA:52,0
DA:57,0
DA:58,0
DA:59,0
DA:60,0
DA:61,0
DA:78,0
DA:79,0
DA:83,0
DA:84,0
DA:87,0
DA:94,0
DA:95,0
DA:102,0
DA:106,0
DA:107,0
DA:114,0
DA:122,0
DA:126,0
DA:133,0
DA:134,0
DA:142,0
DA:146,0
DA:147,0
DA:148,0
DA:153,0
DA:154,0
DA:166,0
DA:167,0
DA:171,0
DA:173,0
DA:174,0
DA:176,0
DA:177,0
DA:178,0
DA:183,0
DA:184,0
DA:185,0
DA:198,0
DA:199,0
DA:203,0
DA:204,0
DA:217,0
DA:218,0
DA:223,0
DA:224,0
DA:251,0
DA:254,0
DA:257,0
DA:258,0
DA:259,0
DA:260,0
DA:261,0
DA:263,0
DA:264,0
DA:265,0
DA:266,0
DA:273,0
DA:274,0
LF:79
LH:0
BRDA:38,0,0,0
BRDA:38,0,1,0
BRDA:41,1,0,0
BRDA:41,1,1,0
BRDA:49,2,0,0
BRDA:49,2,1,0
BRDA:84,3,0,0
BRDA:84,3,1,0
BRDA:87,4,0,0
BRDA:87,4,1,0
BRDA:94,5,0,0
BRDA:94,5,1,0
BRDA:106,6,0,0
BRDA:106,6,1,0
BRDA:125,7,0,0
BRDA:133,8,0,0
BRDA:133,8,1,0
BRDA:135,9,0,0
BRDA:135,9,1,0
BRDA:136,10,0,0
BRDA:136,10,1,0
BRDA:138,11,0,0
BRDA:138,11,1,0
BRDA:139,12,0,0
BRDA:139,12,1,0
BRDA:145,13,0,0
BRDA:152,14,0,0
BRDA:152,15,0,0
BRDA:170,16,0,0
BRDA:171,17,0,0
BRDA:171,17,1,0
BRDA:182,18,0,0
BRDA:202,19,0,0
BRDA:257,20,0,0
BRDA:257,20,1,0
BRDA:260,21,0,0
BRDA:260,21,1,0
BRDA:264,22,0,0
BRDA:264,22,1,0
BRDA:273,23,0,0
BRDA:273,23,1,0
BRDA:273,24,0,0
BRDA:273,24,1,0
BRF:43
BRH:0
end_of_record
TN:
SF:feature-integration.js
FN:14,setupTradeSystem
FN:17,initRoom
FN:28,isPlayerLocked
FN:30,(anonymous_3)
FN:35,matchCategory
FN:79,createTradeRequest
FN:88,(anonymous_6)
FN:89,(anonymous_7)
FN:91,(anonymous_8)
FN:105,(anonymous_9)
FN:138,submitProposal
FN:146,(anonymous_11)
FN:152,(anonymous_12)
FN:165,(anonymous_13)
FN:169,(anonymous_14)
FN:181,(anonymous_15)
FN:202,acceptProposal
FN:211,(anonymous_17)
FN:218,(anonymous_18)
FN:219,(anonymous_19)
FN:243,(anonymous_20)
FN:246,(anonymous_21)
FN:278,(anonymous_22)
FN:279,(anonymous_23)
FN:300,(anonymous_24)
FN:301,(anonymous_25)
FN:323,(anonymous_26)
FN:362,(anonymous_27)
FN:365,(anonymous_28)
FN:366,(anonymous_29)
FN:399,(anonymous_30)
FN:401,(anonymous_31)
FN:428,(anonymous_32)
FN:463,(anonymous_33)
FN:465,(anonymous_34)
FN:488,(anonymous_35)
FN:495,(anonymous_36)
FN:502,(anonymous_37)
FN:523,(anonymous_38)
FN:548,getTradeState
FN:563,rejectProposal
FN:566,(anonymous_41)
FN:571,(anonymous_42)
FN:572,(anonymous_43)
FN:593,(anonymous_44)
FN:598,(anonymous_45)
FN:606,createComplexTrade
FN:614,(anonymous_47)
FN:621,(anonymous_48)
FN:629,(anonymous_49)
FN:636,(anonymous_50)
FN:695,setupAchievementSystem
FN:698,checkAchievements
FN:702,getUserAchievements
FN:717,setupAnalytics
FN:720,trackBid
FN:736,trackSale
FN:753,(anonymous_57)
FN:756,(anonymous_58)
FN:759,(anonymous_59)
FN:765,getAnalytics
FNF:61
FNH:3
FNDA:1,setupTradeSystem
FNDA:0,initRoom
FNDA:0,isPlayerLocked
FNDA:0,(anonymous_3)
FNDA:0,matchCategory
FNDA:0,createTradeRequest
FNDA:0,(anonymous_6)
FNDA:0,(anonymous_7)
FNDA:0,(anonymous_8)
FNDA:0,(anonymous_9)
FNDA:0,submitProposal
FNDA:0,(anonymous_11)
FNDA:0,(anonymous_12)
FNDA:0,(anonymous_13)
FNDA:0,(anonymous_14)
FNDA:0,(anonymous_15)
FNDA:0,acceptProposal
FNDA:0,(anonymous_17)
FNDA:0,(anonymous_18)
FNDA:0,(anonymous_19)
FNDA:0,(anonymous_20)
FNDA:0,(anonymous_21)
FNDA:0,(anonymous_22)
FNDA:0,(anonymous_23)
FNDA:0,(anonymous_24)
FNDA:0,(anonymous_25)
FNDA:0,(anonymous_26)
FNDA:0,(anonymous_27)
FNDA:0,(anonymous_28)
FNDA:0,(anonymous_29)
FNDA:0,(anonymous_30)
FNDA:0,(anonymous_31)
FNDA:0,(anonymous_32)
FNDA:0,(anonymous_33)
FNDA:0,(anonymous_34)
FNDA:0,(anonymous_35)
FNDA:0,(anonymous_36)
FNDA:0,(anonymous_37)
FNDA:0,(anonymous_38)
FNDA:0,getTradeState
FNDA:0,rejectProposal
FNDA:0,(anonymous_41)
FNDA:0,(anonymous_42)
FNDA:0,(anonymous_43)
FNDA:0,(anonymous_44)
FNDA:0,(anonymous_45)
FNDA:0,createComplexTrade
FNDA:0,(anonymous_47)
FNDA:0,(anonymous_48)
FNDA:0,(anonymous_49)
FNDA:0,(anonymous_50)
FNDA:1,setupAchievementSystem
FNDA:0,checkAchievements
FNDA:0,getUserAchievements
FNDA:1,setupAnalytics
FNDA:0,trackBid
FNDA:0,trackSale
FNDA:0,(anonymous_57)
FNDA:0,(anonymous_58)
FNDA:0,(anonymous_59)
FNDA:0,getAnalytics
DA:15,1
DA:18,0
DA:19,0
DA:24,0
DA:29,0
DA:30,0
DA:36,0
DA:37,0
DA:38,0
DA:41,0
DA:44,0
DA:45,0
DA:51,0
DA:52,0
DA:56,0
DA:57,0
DA:61,0
DA:62,0
DA:64,0
DA:65,0
DA:69,0
DA:70,0
DA:75,0
DA:80,0
DA:81,0
DA:85,0
DA:88,0
DA:89,0
DA:91,0
DA:92,0
DA:95,0
DA:97,0
DA:98,0
DA:104,0
DA:105,0
DA:107,0
DA:108,0
DA:112,0
DA:114,0
DA:125,0
DA:126,0
DA:131,0
DA:139,0
DA:140,0
DA:141,0
DA:145,0
DA:146,0
DA:148,0
DA:149,0
DA:151,0
DA:152,0
DA:154,0
DA:157,0
DA:162,0
DA:164,0
DA:165,0
DA:166,0
DA:169,0
DA:171,0
DA:172,0
DA:180,0
DA:181,0
DA:184,0
DA:192,0
DA:193,0
DA:195,0
DA:203,0
DA:204,0
DA:205,0
DA:209,0
DA:211,0
DA:212,0
DA:213,0
DA:216,0
DA:217,0
DA:218,0
DA:219,0
DA:221,0
DA:222,0
DA:226,0
DA:227,0
DA:230,0
DA:231,0
DA:233,0
DA:234,0
DA:235,0
DA:236,0
DA:239,0
DA:240,0
DA:242,0
DA:243,0
DA:244,0
DA:245,0
DA:246,0
DA:247,0
DA:252,0
DA:255,0
DA:256,0
DA:257,0
DA:262,0
DA:265,0
DA:266,0
DA:267,0
DA:268,0
DA:275,0
DA:278,0
DA:279,0
DA:280,0
DA:281,0
DA:282,0
DA:285,0
DA:286,0
DA:287,0
DA:289,0
DA:290,0
DA:292,0
DA:293,0
DA:296,0
DA:300,0
DA:301,0
DA:302,0
DA:303,0
DA:304,0
DA:307,0
DA:308,0
DA:309,0
DA:311,0
DA:312,0
DA:314,0
DA:315,0
DA:318,0
DA:322,0
DA:323,0
DA:326,0
DA:327,0
DA:343,0
DA:347,0
DA:353,0
DA:354,0
DA:356,0
DA:359,0
DA:360,0
DA:362,0
DA:363,0
DA:365,0
DA:366,0
DA:368,0
DA:371,0
DA:375,0
DA:376,0
DA:377,0
DA:379,0
DA:380,0
DA:383,0
DA:384,0
DA:386,0
DA:387,0
DA:390,0
DA:391,0
DA:392,0
DA:393,0
DA:394,0
DA:398,0
DA:399,0
DA:400,0
DA:401,0
DA:403,0
DA:404,0
DA:405,0
DA:408,0
DA:409,0
DA:410,0
DA:412,0
DA:413,0
DA:415,0
DA:416,0
DA:422,0
DA:426,0
DA:427,0
DA:428,0
DA:430,0
DA:431,0
DA:433,0
DA:434,0
DA:436,0
DA:437,0
DA:440,0
DA:441,0
DA:443,0
DA:444,0
DA:447,0
DA:448,0
DA:451,0
DA:452,0
DA:453,0
DA:455,0
DA:456,0
DA:458,0
DA:459,0
DA:462,0
DA:463,0
DA:464,0
DA:465,0
DA:467,0
DA:468,0
DA:469,0
DA:472,0
DA:473,0
DA:474,0
DA:476,0
DA:477,0
DA:479,0
DA:480,0
DA:487,0
DA:488,0
DA:492,0
DA:493,0
DA:494,0
DA:495,0
DA:497,0
DA:500,0
DA:502,0
DA:505,0
DA:508,0
DA:509,0
DA:510,0
DA:513,0
DA:523,0
DA:533,0
DA:537,0
DA:543,0
DA:544,0
DA:549,0
DA:550,0
DA:552,0
DA:559,0
DA:560,0
DA:564,0
DA:565,0
DA:566,0
DA:567,0
DA:569,0
DA:571,0
DA:572,0
DA:575,0
DA:576,0
DA:577,0
DA:586,0
DA:592,0
DA:593,0
DA:594,0
DA:595,0
DA:597,0
DA:598,0
DA:599,0
DA:600,0
DA:607,0
DA:608,0
DA:609,0
DA:613,0
DA:614,0
DA:615,0
DA:616,0
DA:617,0
DA:621,0
DA:622,0
DA:623,0
DA:624,0
DA:628,0
DA:629,0
DA:630,0
DA:635,0
DA:636,0
DA:637,0
DA:642,0
DA:644,0
DA:664,0
DA:666,0
DA:667,0
DA:673,0
DA:674,0
DA:675,0
DA:677,0
DA:681,1
DA:704,0
DA:707,1
DA:718,1
DA:721,0
DA:722,0
DA:729,0
DA:730,0
DA:737,0
DA:738,0
DA:745,0
DA:746,0
DA:752,0
DA:753,0
DA:756,0
DA:759,0
DA:766,0
DA:767,0
DA:768,0
DA:772,1
DA:783,1
LF:304
LH:6
BRDA:18,0,0,0
BRDA:18,0,1,0
BRDA:30,1,0,0
BRDA:30,1,1,0
BRDA:36,2,0,0
BRDA:36,2,1,0
BRDA:36,3,0,0
BRDA:36,3,1,0
BRDA:37,4,0,0
BRDA:37,4,1,0
BRDA:41,5,0,0
BRDA:41,5,1,0
BRDA:44,6,0,0
BRDA:44,6,1,0
BRDA:44,7,0,0
BRDA:44,7,1,0
BRDA:46,8,0,0
BRDA:46,8,1,0
BRDA:46,8,2,0
BRDA:51,9,0,0
BRDA:51,9,1,0
BRDA:51,10,0,0
BRDA:51,10,1,0
BRDA:53,11,0,0
BRDA:53,11,1,0
BRDA:53,11,2,0
BRDA:56,12,0,0
BRDA:56,12,1,0
BRDA:56,13,0,0
BRDA:56,13,1,0
BRDA:58,14,0,0
BRDA:58,14,1,0
BRDA:58,14,2,0
BRDA:61,15,0,0
BRDA:61,15,1,0
BRDA:62,16,0,0
BRDA:62,16,1,0
BRDA:64,17,0,0
BRDA:64,17,1,0
BRDA:66,18,0,0
BRDA:66,18,1,0
BRDA:66,18,2,0
BRDA:69,19,0,0
BRDA:69,19,1,0
BRDA:71,20,0,0
BRDA:71,20,1,0
BRDA:71,20,2,0
BRDA:81,21,0,0
BRDA:81,21,1,0
BRDA:92,22,0,0
BRDA:92,22,1,0
BRDA:95,23,0,0
BRDA:95,23,1,0
BRDA:97,24,0,0
BRDA:97,24,1,0
BRDA:107,25,0,0
BRDA:107,25,1,0
BRDA:141,26,0,0
BRDA:141,26,1,0
BRDA:148,27,0,0
BRDA:148,27,1,0
BRDA:148,28,0,0
BRDA:148,28,1,0
BRDA:154,29,0,0
BRDA:154,29,1,0
BRDA:157,30,0,0
BRDA:157,30,1,0
BRDA:158,31,0,0
BRDA:158,31,1,0
BRDA:158,31,2,0
BRDA:166,32,0,0
BRDA:166,32,1,0
BRDA:171,33,0,0
BRDA:171,33,1,0
BRDA:192,34,0,0
BRDA:192,34,1,0
BRDA:205,35,0,0
BRDA:205,35,1,0
BRDA:212,36,0,0
BRDA:212,36,1,0
BRDA:212,37,0,0
BRDA:212,37,1,0
BRDA:216,38,0,0
BRDA:216,38,1,0
BRDA:221,39,0,0
BRDA:221,39,1,0
BRDA:226,40,0,0
BRDA:226,40,1,0
BRDA:226,41,0,0
BRDA:226,41,1,0
BRDA:230,42,0,0
BRDA:230,42,1,0
BRDA:231,43,0,0
BRDA:231,43,1,0
BRDA:233,44,0,0
BRDA:233,44,1,0
BRDA:235,45,0,0
BRDA:235,45,1,0
BRDA:239,46,0,0
BRDA:239,46,1,0
BRDA:240,47,0,0
BRDA:240,47,1,0
BRDA:243,48,0,0
BRDA:243,48,1,0
BRDA:246,49,0,0
BRDA:246,49,1,0
BRDA:280,50,0,0
BRDA:280,50,1,0
BRDA:285,51,0,0
BRDA:285,51,1,0
BRDA:302,52,0,0
BRDA:302,52,1,0
BRDA:307,53,0,0
BRDA:307,53,1,0
BRDA:331,54,0,0
BRDA:331,54,1,0
BRDA:339,55,0,0
BRDA:339,55,1,0
BRDA:353,56,0,0
BRDA:353,56,1,0
BRDA:359,57,0,0
BRDA:359,57,1,0
BRDA:363,58,0,0
BRDA:363,58,1,0
BRDA:368,59,0,0
BRDA:368,59,1,0
BRDA:368,60,0,0
BRDA:368,60,1,0
BRDA:375,61,0,0
BRDA:375,61,1,0
BRDA:379,62,0,0
BRDA:379,62,1,0
BRDA:390,63,0,0
BRDA:390,63,1,0
BRDA:398,64,0,0
BRDA:398,64,1,0
BRDA:403,65,0,0
BRDA:403,65,1,0
BRDA:408,66,0,0
BRDA:408,66,1,0
BRDA:422,67,0,0
BRDA:422,67,1,0
BRDA:423,68,0,0
BRDA:423,68,1,0
BRDA:430,69,0,0
BRDA:430,69,1,0
BRDA:433,70,0,0
BRDA:433,70,1,0
BRDA:436,71,0,0
BRDA:436,71,1,0
BRDA:451,72,0,0
BRDA:451,72,1,0
BRDA:462,73,0,0
BRDA:462,73,1,0
BRDA:467,74,0,0
BRDA:467,74,1,0
BRDA:472,75,0,0
BRDA:472,75,1,0
BRDA:493,76,0,0
BRDA:493,76,1,0
BRDA:494,77,0,0
BRDA:494,77,1,0
BRDA:500,78,0,0
BRDA:500,78,1,0
BRDA:500,79,0,0
BRDA:500,79,1,0
BRDA:505,80,0,0
BRDA:505,80,1,0
BRDA:505,81,0,0
BRDA:505,81,1,0
BRDA:509,82,0,0
BRDA:509,82,1,0
BRDA:510,83,0,0
BRDA:510,83,1,0
BRDA:517,84,0,0
BRDA:517,84,1,0
BRDA:521,85,0,0
BRDA:521,85,1,0
BRDA:522,86,0,0
BRDA:522,86,1,0
BRDA:525,87,0,0
BRDA:525,87,1,0
BRDA:526,88,0,0
BRDA:526,88,1,0
BRDA:528,89,0,0
BRDA:528,89,1,0
BRDA:543,90,0,0
BRDA:543,90,1,0
BRDA:553,91,0,0
BRDA:553,91,1,0
BRDA:567,92,0,0
BRDA:567,92,1,0
BRDA:569,93,0,0
BRDA:569,93,1,0
BRDA:575,94,0,0
BRDA:575,94,1,0
BRDA:575,95,0,0
BRDA:575,95,1,0
BRDA:592,96,0,0
BRDA:592,96,1,0
BRDA:594,97,0,0
BRDA:594,97,1,0
BRDA:594,98,0,0
BRDA:594,98,1,0
BRDA:595,99,0,0
BRDA:595,99,1,0
BRDA:597,100,0,0
BRDA:597,100,1,0
BRDA:599,101,0,0
BRDA:599,101,1,0
BRDA:599,102,0,0
BRDA:599,102,1,0
BRDA:609,103,0,0
BRDA:609,103,1,0
BRDA:615,104,0,0
BRDA:615,104,1,0
BRDA:622,105,0,0
BRDA:622,105,1,0
BRDA:629,106,0,0
BRDA:629,106,1,0
BRDA:636,107,0,0
BRDA:636,107,1,0
BRDA:673,108,0,0
BRDA:673,108,1,0
BRDA:721,109,0,0
BRDA:721,109,1,0
BRDA:737,110,0,0
BRDA:737,110,1,0
BRDA:759,111,0,0
BRDA:759,111,1,0
BRDA:759,112,0,0
BRDA:759,112,1,0
BRDA:767,113,0,0
BRDA:767,113,1,0
BRF:234
BRH:0
end_of_record
TN:
SF:live-match.js
FN:8,setupLiveMatch
FN:12,generateMatchId
FN:19,handleMatchChallenge
FN:24,(anonymous_3)
FN:25,(anonymous_4)
FN:41,handleChallengeResponse
FN:46,(anonymous_6)
FN:47,(anonymous_7)
FN:63,startNewLiveMatch
FN:123,handleTossSelection
FN:157,handleTossDecision
FN:167,(anonymous_11)
FN:191,handlePlayerSelection
FN:217,checkStartMatch
FN:229,simulateBall
FN:239,(anonymous_15)
FN:240,(anonymous_16)
FN:311,processOutcome
FN:360,syncMatchState
FNF:19
FNH:1
FNDA:1,setupLiveMatch
FNDA:0,generateMatchId
FNDA:0,handleMatchChallenge
FNDA:0,(anonymous_3)
FNDA:0,(anonymous_4)
FNDA:0,handleChallengeResponse
FNDA:0,(anonymous_6)
FNDA:0,(anonymous_7)
FNDA:0,startNewLiveMatch
FNDA:0,handleTossSelection
FNDA:0,handleTossDecision
FNDA:0,(anonymous_11)
FNDA:0,handlePlayerSelection
FNDA:0,checkStartMatch
FNDA:0,simulateBall
FNDA:0,(anonymous_15)
FNDA:0,(anonymous_16)
FNDA:0,processOutcome
FNDA:0,syncMatchState
DA:6,1
DA:9,1
DA:13,0
DA:20,0
DA:21,0
DA:22,0
DA:24,0
DA:25,0
DA:27,0
DA:28,0
DA:31,0
DA:37,0
DA:42,0
DA:43,0
DA:44,0
DA:46,0
DA:47,0
DA:49,0
DA:51,0
DA:53,0
DA:55,0
DA:56,0
DA:64,0
DA:66,0
DA:105,0
DA:108,0
DA:109,0
DA:110,0
DA:111,0
DA:114,0
DA:124,0
DA:125,0
DA:126,0
DA:128,0
DA:130,0
DA:131,0
DA:133,0
DA:134,0
DA:136,0
DA:137,0
DA:138,0
DA:139,0
DA:140,0
DA:143,0
DA:146,0
DA:147,0
DA:149,0
DA:158,0
DA:159,0
DA:160,0
DA:162,0
DA:163,0
DA:165,0
DA:166,0
DA:167,0
DA:169,0
DA:170,0
DA:171,0
DA:173,0
DA:174,0
DA:177,0
DA:192,0
DA:193,0
DA:194,0
DA:196,0
DA:197,0
DA:198,0
DA:200,0
DA:201,0
DA:202,0
DA:203,0
DA:204,0
DA:205,0
DA:206,0
DA:208,0
DA:209,0
DA:210,0
DA:211,0
DA:212,0
DA:213,0
DA:218,0
DA:219,0
DA:220,0
DA:221,0
DA:222,0
DA:223,0
DA:230,0
DA:231,0
DA:232,0
DA:239,0
DA:240,0
DA:243,0
DA:261,0
DA:264,0
DA:267,0
DA:268,0
DA:269,0
DA:273,0
DA:274,0
DA:275,0
DA:276,0
DA:278,0
DA:279,0
DA:280,0
DA:284,0
DA:285,0
DA:286,0
DA:287,0
DA:288,0
DA:289,0
DA:290,0
DA:291,0
DA:292,0
DA:294,0
DA:295,0
DA:296,0
DA:297,0
DA:298,0
DA:299,0
DA:300,0
DA:301,0
DA:303,0
DA:304,0
DA:308,0
DA:312,0
DA:313,0
DA:314,0
DA:315,0
DA:316,0
DA:318,0
DA:319,0
DA:321,0
DA:322,0
DA:323,0
DA:324,0
DA:325,0
DA:326,0
DA:328,0
DA:329,0
DA:330,0
DA:331,0
DA:332,0
DA:335,0
DA:336,0
DA:337,0
DA:338,0
DA:340,0
DA:341,0
DA:343,0
DA:344,0
DA:345,0
DA:346,0
DA:350,0
DA:351,0
DA:354,0
DA:355,0
DA:361,0
DA:378,1
DA:388,1
LF:159
LH:4
BRDA:22,0,0,0
BRDA:22,0,1,0
BRDA:27,1,0,0
BRDA:27,1,1,0
BRDA:27,2,0,0
BRDA:27,2,1,0
BRDA:28,3,0,0
BRDA:28,3,1,0
BRDA:44,4,0,0
BRDA:44,4,1,0
BRDA:49,5,0,0
BRDA:49,5,1,0
BRDA:49,6,0,0
BRDA:49,6,1,0
BRDA:51,7,0,0
BRDA:51,7,1,0
BRDA:55,8,0,0
BRDA:55,8,1,0
BRDA:110,9,0,0
BRDA:110,9,1,0
BRDA:111,10,0,0
BRDA:111,10,1,0
BRDA:126,11,0,0
BRDA:126,11,1,0
BRDA:126,12,0,0
BRDA:126,12,1,0
BRDA:131,13,0,0
BRDA:131,13,1,0
BRDA:133,14,0,0
BRDA:133,14,1,0
BRDA:137,15,0,0
BRDA:137,15,1,0
BRDA:139,16,0,0
BRDA:139,16,1,0
BRDA:160,17,0,0
BRDA:160,17,1,0
BRDA:160,18,0,0
BRDA:160,18,1,0
BRDA:160,18,2,0
BRDA:169,19,0,0
BRDA:169,19,1,0
BRDA:194,20,0,0
BRDA:194,20,1,0
BRDA:196,21,0,0
BRDA:196,21,1,0
BRDA:196,22,0,0
BRDA:196,22,1,0
BRDA:200,23,0,0
BRDA:200,23,1,0
BRDA:201,24,0,0
BRDA:201,24,1,0
BRDA:203,25,0,0
BRDA:203,25,1,0
BRDA:203,26,0,0
BRDA:203,26,1,0
BRDA:205,27,0,0
BRDA:205,27,1,0
BRDA:209,28,0,0
BRDA:209,28,1,0
BRDA:209,29,0,0
BRDA:209,29,1,0
BRDA:211,30,0,0
BRDA:211,30,1,0
BRDA:218,31,0,0
BRDA:218,31,1,0
BRDA:218,32,0,0
BRDA:218,32,1,0
BRDA:218,32,2,0
BRDA:221,33,0,0
BRDA:221,33,1,0
BRDA:221,34,0,0
BRDA:221,34,1,0
BRDA:221,34,2,0
BRDA:232,35,0,0
BRDA:232,35,1,0
BRDA:232,36,0,0
BRDA:232,36,1,0
BRDA:244,37,0,0
BRDA:244,37,1,0
BRDA:244,38,0,0
BRDA:244,38,1,0
BRDA:245,39,0,0
BRDA:245,39,1,0
BRDA:251,40,0,0
BRDA:251,40,1,0
BRDA:252,41,0,0
BRDA:252,41,1,0
BRDA:254,42,0,0
BRDA:254,42,1,0
BRDA:255,43,0,0
BRDA:255,43,1,0
BRDA:257,44,0,0
BRDA:257,44,1,0
BRDA:267,45,0,0
BRDA:267,45,1,0
BRDA:267,46,0,0
BRDA:267,46,1,0
BRDA:273,47,0,0
BRDA:273,47,1,0
BRDA:273,48,0,0
BRDA:273,48,1,0
BRDA:273,48,2,0
BRDA:284,49,0,0
BRDA:284,49,1,0
BRDA:284,50,0,0
BRDA:284,50,1,0
BRDA:284,50,2,0
BRDA:284,50,3,0
BRDA:285,51,0,0
BRDA:285,51,1,0
BRDA:312,52,0,0
BRDA:312,52,1,0
BRDA:314,53,0,0
BRDA:314,53,1,0
BRDA:316,54,0,0
BRDA:316,54,1,0
BRDA:319,55,0,0
BRDA:319,55,1,0
BRDA:323,56,0,0
BRDA:323,56,1,0
BRDA:335,57,0,0
BRDA:335,57,1,0
BRDA:344,58,0,0
BRDA:344,58,1,0
BRDA:350,59,0,0
BRDA:350,59,1,0
BRDA:350,60,0,0
BRDA:350,60,1,0
BRDA:351,61,0,0
BRDA:351,61,1,0
BRF:130
BRH:0
end_of_record
TN:
SF:live-stats.js
FN:3,(anonymous_0)
FN:19,(anonymous_1)
FN:24,(anonymous_2)
FN:74,(anonymous_3)
FN:78,(anonymous_4)
FN:79,(anonymous_5)
FN:80,(anonymous_6)
FN:83,(anonymous_7)
FN:90,(anonymous_8)
FN:94,(anonymous_9)
FN:127,(anonymous_10)
FN:149,(anonymous_11)
FN:154,(anonymous_12)
FN:159,(anonymous_13)
FN:194,(anonymous_14)
FN:197,(anonymous_15)
FN:220,(anonymous_16)
FN:248,(anonymous_17)
FN:261,(anonymous_18)
FN:267,(anonymous_19)
FN:271,(anonymous_20)
FN:277,(anonymous_21)
FN:284,(anonymous_22)
FN:285,(anonymous_23)
FN:294,(anonymous_24)
FN:303,(anonymous_25)
FN:325,(anonymous_26)
FN:326,(anonymous_27)
FNF:28
FNH:0
FNDA:0,(anonymous_0)
FNDA:0,(anonymous_1)
FNDA:0,(anonymous_2)
FNDA:0,(anonymous_3)
FNDA:0,(anonymous_4)
FNDA:0,(anonymous_5)
FNDA:0,(anonymous_6)
FNDA:0,(anonymous_7)
FNDA:0,(anonymous_8)
FNDA:0,(anonymous_9)
FNDA:0,(anonymous_10)
FNDA:0,(anonymous_11)
FNDA:0,(anonymous_12)
FNDA:0,(anonymous_13)
FNDA:0,(anonymous_14)
FNDA:0,(anonymous_15)
FNDA:0,(anonymous_16)
FNDA:0,(anonymous_17)
FNDA:0,(anonymous_18)
FNDA:0,(anonymous_19)
FNDA:0,(anonymous_20)
FNDA:0,(anonymous_21)
FNDA:0,(anonymous_22)
FNDA:0,(anonymous_23)
FNDA:0,(anonymous_24)
FNDA:0,(anonymous_25)
FNDA:0,(anonymous_26)
FNDA:0,(anonymous_27)
DA:4,0
DA:15,0
DA:16,0
DA:20,0
DA:21,0
DA:25,0
DA:26,0
DA:27,0
DA:28,0
DA:68,0
DA:71,0
DA:76,0
DA:78,0
DA:79,0
DA:80,0
DA:83,0
DA:86,0
DA:90,0
DA:95,0
DA:96,0
DA:98,0
DA:99,0
DA:102,0
DA:103,0
DA:111,0
DA:116,0
DA:117,0
DA:121,0
DA:124,0
DA:128,0
DA:130,0
DA:131,0
DA:133,0
DA:136,0
DA:137,0
DA:138,0
DA:139,0
DA:140,0
DA:141,0
DA:145,0
DA:146,0
DA:152,0
DA:154,0
DA:155,0
DA:156,0
DA:157,0
DA:159,0
DA:161,0
DA:162,0
DA:163,0
DA:165,0
DA:166,0
DA:173,0
DA:178,0
DA:180,0
DA:181,0
DA:186,0
DA:191,0
DA:196,0
DA:197,0
DA:198,0
DA:199,0
DA:200,0
DA:202,0
DA:207,0
DA:208,0
DA:209,0
DA:210,0
DA:211,0
DA:212,0
DA:215,0
DA:216,0
DA:221,0
DA:224,0
DA:226,0
DA:232,0
DA:234,0
DA:240,0
DA:242,0
DA:245,0
DA:246,0
DA:247,0
DA:248,0
DA:255,0
DA:265,0
DA:266,0
DA:267,0
DA:268,0
DA:271,0
DA:272,0
DA:277,0
DA:280,0
DA:281,0
DA:285,0
DA:286,0
DA:287,0
DA:288,0
DA:289,0
DA:295,0
DA:296,0
DA:297,0
DA:299,0
DA:300,0
DA:304,0
DA:315,0
DA:320,0
DA:323,0
DA:324,0
DA:325,0
DA:326,0
DA:327,0
DA:328,0
DA:332,0
LF:113
LH:0
BRDA:76,0,0,0
BRDA:76,0,1,0
BRDA:95,1,0,0
BRDA:95,1,1,0
BRDA:102,2,0,0
BRDA:102,2,1,0
BRDA:116,3,0,0
BRDA:116,3,1,0
BRDA:128,4,0,0
BRDA:128,4,1,0
BRDA:128,5,0,0
BRDA:128,5,1,0
BRDA:130,6,0,0
BRDA:130,6,1,0
BRDA:139,7,0,0
BRDA:139,7,1,0
BRDA:155,8,0,0
BRDA:155,8,1,0
BRDA:156,9,0,0
BRDA:156,9,1,0
BRDA:156,10,0,0
BRDA:156,10,1,0
BRDA:161,11,0,0
BRDA:161,11,1,0
BRDA:161,12,0,0
BRDA:161,12,1,0
BRDA:165,13,0,0
BRDA:165,13,1,0
BRDA:178,14,0,0
BRDA:178,14,1,0
BRDA:186,15,0,0
BRDA:186,15,1,0
BRDA:196,16,0,0
BRDA:196,16,1,0
BRDA:198,17,0,0
BRDA:198,17,1,0
BRDA:199,18,0,0
BRDA:199,18,1,0
BRDA:210,19,0,0
BRDA:210,19,1,0
BRDA:221,20,0,0
BRDA:221,20,1,0
BRDA:225,21,0,0
BRDA:225,21,1,0
BRDA:227,22,0,0
BRDA:227,22,1,0
BRDA:233,23,0,0
BRDA:233,23,1,0
BRDA:235,24,0,0
BRDA:235,24,1,0
BRDA:241,25,0,0
BRDA:241,25,1,0
BRDA:246,26,0,0
BRDA:246,26,1,0
BRDA:247,27,0,0
BRDA:247,27,1,0
BRDA:247,28,0,0
BRDA:247,28,1,0
BRDA:266,29,0,0
BRDA:266,29,1,0
BRDA:268,30,0,0
BRDA:268,30,1,0
BRDA:272,31,0,0
BRDA:272,31,1,0
BRDA:300,32,0,0
BRDA:300,32,1,0
BRDA:324,33,0,0
BRDA:324,33,1,0
BRDA:327,34,0,0
BRDA:327,34,1,0
BRDA:327,35,0,0
BRDA:327,35,1,0
BRF:72
BRH:0
end_of_record
TN:
SF:player-database.js
FN:336,(anonymous_0)
FN:341,(anonymous_1)
FNF:2
FNH:2
FNDA:372,(anonymous_0)
FNDA:588,(anonymous_1)
DA:1,3
DA:206,3
DA:335,3
DA:336,3
DA:337,372
DA:340,3
DA:341,3
DA:342,588
DA:345,3
DA:346,3
LF:10
LH:10
BRDA:345,0,0,3
BRDA:345,0,1,0
BRF:2
BRH:1
end_of_record
TN:
SF:pwa-manager.js
FN:3,(anonymous_0)
FN:9,(anonymous_1)
FN:13,(anonymous_2)
FN:14,(anonymous_3)
FN:18,(anonymous_4)
FN:25,(anonymous_5)
FN:38,(anonymous_6)
FN:53,(anonymous_7)
FN:61,(anonymous_8)
FN:66,(anonymous_9)
FN:84,(anonymous_10)
FN:90,(anonymous_11)
FN:91,(anonymous_12)
FN:93,(anonymous_13)
FN:98,(anonymous_14)
FN:99,(anonymous_15)
FN:112,(anonymous_16)
FNF:17
FNH:0
FNDA:0,(anonymous_0)
FNDA:0,(anonymous_1)
FNDA:0,(anonymous_2)
FNDA:0,(anonymous_3)
FNDA:0,(anonymous_4)
FNDA:0,(anonymous_5)
FNDA:0,(anonymous_6)
FNDA:0,(anonymous_7)
FNDA:0,(anonymous_8)
FNDA:0,(anonymous_9)
FNDA:0,(anonymous_10)
FNDA:0,(anonymous_11)
FNDA:0,(anonymous_12)
FNDA:0,(anonymous_13)
FNDA:0,(anonymous_14)
FNDA:0,(anonymous_15)
FNDA:0,(anonymous_16)
DA:4,0
DA:5,0
DA:6,0
DA:11,0
DA:12,0
DA:13,0
DA:14,0
DA:18,0
DA:19,0
DA:20,0
DA:21,0
DA:25,0
DA:26,0
DA:27,0
DA:28,0
DA:32,0
DA:33,0
DA:34,0
DA:40,0
DA:42,0
DA:43,0
DA:44,0
DA:45,0
DA:53,0
DA:55,0
DA:58,0
DA:62,0
DA:63,0
DA:67,0
DA:70,0
DA:73,0
DA:74,0
DA:76,0
DA:77,0
DA:80,0
DA:81,0
DA:85,0
DA:86,0
DA:87,0
DA:88,0
DA:90,0
DA:91,0
DA:92,0
DA:93,0
DA:99,0
DA:100,0
DA:101,0
DA:103,0
DA:107,0
DA:108,0
DA:113,0
DA:114,0
DA:115,0
DA:116,0
DA:123,0
DA:124,0
DA:127,0
DA:128,0
LF:58
LH:0
BRDA:11,0,0,0
BRDA:11,0,1,0
BRDA:32,1,0,0
BRDA:32,1,1,0
BRDA:40,2,0,0
BRDA:40,2,1,0
BRDA:63,3,0,0
BRDA:63,3,1,0
BRDA:67,4,0,0
BRDA:67,4,1,0
BRDA:76,5,0,0
BRDA:76,5,1,0
BRDA:100,6,0,0
BRDA:100,6,1,0
BRDA:113,7,0,0
BRDA:113,7,1,0
BRDA:113,8,0,0
BRDA:113,8,1,0
BRDA:115,9,0,0
BRDA:115,9,1,0
BRDA:127,10,0,0
BRDA:127,10,1,0
BRDA:127,11,0,0
BRDA:127,11,1,0
BRF:24
BRH:0
end_of_record
TN:
SF:server.js
FN:20,(anonymous_0)
FN:25,getPlayerFromDB
FN:50,(anonymous_2)
FN:55,(anonymous_3)
FN:65,(anonymous_4)
FN:83,connectMongoDB
FN:91,(anonymous_6)
FN:98,(anonymous_7)
FN:106,(anonymous_8)
FN:121,(anonymous_9)
FN:124,(anonymous_10)
FN:127,(anonymous_11)
FN:132,(anonymous_12)
FN:162,(anonymous_13)
FN:166,(anonymous_14)
FN:171,(anonymous_15)
FN:176,getRoomId
FN:177,(anonymous_17)
FN:180,isAdmin
FN:197,deepSanitizePlayers
FN:208,(anonymous_20)
FN:216,deepSanitizeTeams
FN:224,(anonymous_22)
FN:238,loadRoomsFromDB
FN:247,(anonymous_24)
FN:308,saveRoomToDB
FN:318,(anonymous_26)
FN:361,(anonymous_27)
FN:408,scheduleRoomCleanup
FN:410,(anonymous_29)
FN:426,startTimer
FN:445,(anonymous_31)
FN:462,stopTimer
FN:470,processSale
FN:483,(anonymous_34)
FN:520,(anonymous_35)
FN:527,startNextLot
FN:562,(anonymous_37)
FN:569,(anonymous_38)
FN:572,(anonymous_39)
FN:578,(anonymous_40)
FN:594,(anonymous_41)
FN:627,(anonymous_42)
FN:630,(anonymous_43)
FN:655,(anonymous_44)
FN:681,(anonymous_45)
FN:683,(anonymous_46)
FN:707,(anonymous_47)
FN:716,(anonymous_48)
FN:740,(anonymous_49)
FN:765,(anonymous_50)
FN:776,(anonymous_51)
FN:848,(anonymous_52)
FN:853,(anonymous_53)
FN:858,(anonymous_54)
FN:884,(anonymous_55)
FN:889,(anonymous_56)
FN:894,(anonymous_57)
FN:923,(anonymous_58)
FN:928,(anonymous_59)
FN:933,(anonymous_60)
FN:939,(anonymous_61)
FN:944,(anonymous_62)
FN:950,(anonymous_63)
FN:957,(anonymous_64)
FN:963,(anonymous_65)
FN:968,(anonymous_66)
FN:973,(anonymous_67)
FN:977,(anonymous_68)
FN:981,(anonymous_69)
FN:985,(anonymous_70)
FN:993,(anonymous_71)
FN:1050,(anonymous_72)
FN:1089,(anonymous_73)
FN:1126,(anonymous_74)
FN:1180,(anonymous_75)
FN:1192,(anonymous_76)
FN:1199,(anonymous_77)
FN:1224,(anonymous_78)
FN:1271,(anonymous_79)
FN:1276,(anonymous_80)
FN:1289,(anonymous_81)
FN:1294,(anonymous_82)
FN:1309,(anonymous_83)
FN:1315,(anonymous_84)
FN:1334,(anonymous_85)
FN:1337,(anonymous_86)
FN:1345,(anonymous_87)
FN:1351,(anonymous_88)
FN:1361,(anonymous_89)
FN:1370,(anonymous_90)
FN:1390,(anonymous_91)
FN:1394,(anonymous_92)
FN:1395,(anonymous_93)
FN:1413,(anonymous_94)
FN:1425,(anonymous_95)
FN:1449,(anonymous_96)
FN:1458,(anonymous_97)
FN:1466,(anonymous_98)
FN:1472,(anonymous_99)
FN:1487,(anonymous_100)
FN:1500,(anonymous_101)
FN:1510,(anonymous_102)
FN:1511,(anonymous_103)
FN:1514,(anonymous_104)
FN:1530,(anonymous_105)
FN:1547,(anonymous_106)
FN:1554,(anonymous_107)
FN:1557,(anonymous_108)
FN:1566,(anonymous_109)
FN:1578,(anonymous_110)
FN:1609,(anonymous_111)
FN:1636,(anonymous_112)
FN:1645,(anonymous_113)
FN:1653,(anonymous_114)
FN:1661,(anonymous_115)
FN:1669,(anonymous_116)
FN:1681,(anonymous_117)
FN:1686,(anonymous_118)
FN:1690,(anonymous_119)
FN:1694,(anonymous_120)
FN:1698,(anonymous_121)
FN:1712,(anonymous_122)
FN:1775,(anonymous_123)
FN:1810,(anonymous_124)
FN:1838,(anonymous_125)
FN:1847,(anonymous_126)
FN:1854,(anonymous_127)
FN:1880,(anonymous_128)
FN:1890,(anonymous_129)
FN:1896,(anonymous_130)
FN:1925,(anonymous_131)
FN:1935,(anonymous_132)
FN:1945,(anonymous_133)
FN:1964,(anonymous_134)
FN:1972,(anonymous_135)
FN:1982,(anonymous_136)
FN:1993,(anonymous_137)
FN:2040,(anonymous_138)
FN:2049,(anonymous_139)
FN:2051,(anonymous_140)
FN:2059,(anonymous_141)
FN:2065,(anonymous_142)
FN:2078,(anonymous_143)
FN:2114,(anonymous_144)
FN:2121,(anonymous_145)
FN:2152,(anonymous_146)
FN:2159,(anonymous_147)
FN:2185,finalizeTieBreaker
FN:2208,finalizeContest
FN:2223,(anonymous_150)
FN:2239,(anonymous_151)
FN:2248,handleAcceptExchange
FN:2266,(anonymous_153)
FN:2270,(anonymous_154)
FN:2275,(anonymous_155)
FN:2282,(anonymous_156)
FN:2287,(anonymous_157)
FN:2298,(anonymous_158)
FN:2302,(anonymous_159)
FN:2306,(anonymous_160)
FN:2310,(anonymous_161)
FN:2314,(anonymous_162)
FN:2318,(anonymous_163)
FN:2322,(anonymous_164)
FN:2338,runSimulationLogic
FN:2344,(anonymous_166)
FN:2345,(anonymous_167)
FN:2349,(anonymous_168)
FN:2385,(anonymous_169)
FN:2385,(anonymous_170)
FN:2426,updateUserProfiles
FN:2442,(anonymous_172)
FN:2550,(anonymous_173)
FN:2577,saveWinRecord
FN:2601,(anonymous_175)
FN:2602,(anonymous_176)
FN:2613,(anonymous_177)
FN:2615,(anonymous_178)
FN:2620,(anonymous_179)
FN:2633,(anonymous_180)
FN:2635,(anonymous_181)
FN:2642,(anonymous_182)
FN:2686,(anonymous_183)
FN:2713,(anonymous_184)
FN:2724,(anonymous_185)
FN:2758,buildBlindAuctionQueue
FN:2802,startNextBlindPlayer
FN:2832,clearBlindAuctionTimers
FN:2843,startBlindBidTimer
FN:2863,(anonymous_190)
FN:2879,(anonymous_191)
FN:2884,revealBids
FN:2900,(anonymous_193)
FN:2901,(anonymous_194)
FN:2913,(anonymous_195)
FN:2923,(anonymous_196)
FN:2926,(anonymous_197)
FN:2931,(anonymous_198)
FN:2947,(anonymous_199)
FN:2975,(anonymous_200)
FN:3007,(anonymous_201)
FN:3041,startExchangeTimer
FN:3058,(anonymous_203)
FN:3086,finalizeSale
FN:3091,(anonymous_205)
FN:3102,(anonymous_206)
FN:3137,(anonymous_207)
FN:3149,finalizeContest
FN:3162,(anonymous_209)
FN:3185,(anonymous_210)
FNF:211
FNH:9
FNDA:196,(anonymous_0)
FNDA:0,getPlayerFromDB
FNDA:5,(anonymous_2)
FNDA:2,(anonymous_3)
FNDA:1,(anonymous_4)
FNDA:1,connectMongoDB
FNDA:0,(anonymous_6)
FNDA:1,(anonymous_7)
FNDA:0,(anonymous_8)
FNDA:1,(anonymous_9)
FNDA:0,(anonymous_10)
FNDA:0,(anonymous_11)
FNDA:1,(anonymous_12)
FNDA:0,(anonymous_13)
FNDA:0,(anonymous_14)
FNDA:1,(anonymous_15)
FNDA:0,getRoomId
FNDA:0,(anonymous_17)
FNDA:0,isAdmin
FNDA:0,deepSanitizePlayers
FNDA:0,(anonymous_20)
FNDA:0,deepSanitizeTeams
FNDA:0,(anonymous_22)
FNDA:0,loadRoomsFromDB
FNDA:0,(anonymous_24)
FNDA:0,saveRoomToDB
FNDA:0,(anonymous_26)
FNDA:0,(anonymous_27)
FNDA:0,scheduleRoomCleanup
FNDA:0,(anonymous_29)
FNDA:0,startTimer
FNDA:0,(anonymous_31)
FNDA:0,stopTimer
FNDA:0,processSale
FNDA:0,(anonymous_34)
FNDA:0,(anonymous_35)
FNDA:0,startNextLot
FNDA:0,(anonymous_37)
FNDA:0,(anonymous_38)
FNDA:0,(anonymous_39)
FNDA:0,(anonymous_40)
FNDA:0,(anonymous_41)
FNDA:0,(anonymous_42)
FNDA:0,(anonymous_43)
FNDA:0,(anonymous_44)
FNDA:0,(anonymous_45)
FNDA:0,(anonymous_46)
FNDA:0,(anonymous_47)
FNDA:0,(anonymous_48)
FNDA:0,(anonymous_49)
FNDA:0,(anonymous_50)
FNDA:0,(anonymous_51)
FNDA:0,(anonymous_52)
FNDA:0,(anonymous_53)
FNDA:0,(anonymous_54)
FNDA:0,(anonymous_55)
FNDA:0,(anonymous_56)
FNDA:0,(anonymous_57)
FNDA:0,(anonymous_58)
FNDA:0,(anonymous_59)
FNDA:0,(anonymous_60)
FNDA:0,(anonymous_61)
FNDA:0,(anonymous_62)
FNDA:0,(anonymous_63)
FNDA:0,(anonymous_64)
FNDA:0,(anonymous_65)
FNDA:0,(anonymous_66)
FNDA:0,(anonymous_67)
FNDA:0,(anonymous_68)
FNDA:0,(anonymous_69)
FNDA:0,(anonymous_70)
FNDA:0,(anonymous_71)
FNDA:0,(anonymous_72)
FNDA:0,(anonymous_73)
FNDA:0,(anonymous_74)
FNDA:0,(anonymous_75)
FNDA:0,(anonymous_76)
FNDA:0,(anonymous_77)
FNDA:0,(anonymous_78)
FNDA:0,(anonymous_79)
FNDA:0,(anonymous_80)
FNDA:0,(anonymous_81)
FNDA:0,(anonymous_82)
FNDA:0,(anonymous_83)
FNDA:0,(anonymous_84)
FNDA:0,(anonymous_85)
FNDA:0,(anonymous_86)
FNDA:0,(anonymous_87)
FNDA:0,(anonymous_88)
FNDA:0,(anonymous_89)
FNDA:0,(anonymous_90)
FNDA:0,(anonymous_91)
FNDA:0,(anonymous_92)
FNDA:0,(anonymous_93)
FNDA:0,(anonymous_94)
FNDA:0,(anonymous_95)
FNDA:0,(anonymous_96)
FNDA:0,(anonymous_97)
FNDA:0,(anonymous_98)
FNDA:0,(anonymous_99)
FNDA:0,(anonymous_100)
FNDA:0,(anonymous_101)
FNDA:0,(anonymous_102)
FNDA:0,(anonymous_103)
FNDA:0,(anonymous_104)
FNDA:0,(anonymous_105)
FNDA:0,(anonymous_106)
FNDA:0,(anonymous_107)
FNDA:0,(anonymous_108)
FNDA:0,(anonymous_109)
FNDA:0,(anonymous_110)
FNDA:0,(anonymous_111)
FNDA:0,(anonymous_112)
FNDA:0,(anonymous_113)
FNDA:0,(anonymous_114)
FNDA:0,(anonymous_115)
FNDA:0,(anonymous_116)
FNDA:0,(anonymous_117)
FNDA:0,(anonymous_118)
FNDA:0,(anonymous_119)
FNDA:0,(anonymous_120)
FNDA:0,(anonymous_121)
FNDA:0,(anonymous_122)
FNDA:0,(anonymous_123)
FNDA:0,(anonymous_124)
FNDA:0,(anonymous_125)
FNDA:0,(anonymous_126)
FNDA:0,(anonymous_127)
FNDA:0,(anonymous_128)
FNDA:0,(anonymous_129)
FNDA:0,(anonymous_130)
FNDA:0,(anonymous_131)
FNDA:0,(anonymous_132)
FNDA:0,(anonymous_133)
FNDA:0,(anonymous_134)
FNDA:0,(anonymous_135)
FNDA:0,(anonymous_136)
FNDA:0,(anonymous_137)
FNDA:0,(anonymous_138)
FNDA:0,(anonymous_139)
FNDA:0,(anonymous_140)
FNDA:0,(anonymous_141)
FNDA:0,(anonymous_142)
FNDA:0,(anonymous_143)
FNDA:0,(anonymous_144)
FNDA:0,(anonymous_145)
FNDA:0,(anonymous_146)
FNDA:0,(anonymous_147)
FNDA:0,finalizeTieBreaker
FNDA:0,finalizeContest
FNDA:0,(anonymous_150)
FNDA:0,(anonymous_151)
FNDA:0,handleAcceptExchange
FNDA:0,(anonymous_153)
FNDA:0,(anonymous_154)
FNDA:0,(anonymous_155)
FNDA:0,(anonymous_156)
FNDA:0,(anonymous_157)
FNDA:0,(anonymous_158)
FNDA:0,(anonymous_159)
FNDA:0,(anonymous_160)
FNDA:0,(anonymous_161)
FNDA:0,(anonymous_162)
FNDA:0,(anonymous_163)
FNDA:0,(anonymous_164)
FNDA:0,runSimulationLogic
FNDA:0,(anonymous_166)
FNDA:0,(anonymous_167)
FNDA:0,(anonymous_168)
FNDA:0,(anonymous_169)
FNDA:0,(anonymous_170)
FNDA:0,updateUserProfiles
FNDA:0,(anonymous_172)
FNDA:0,(anonymous_173)
FNDA:0,saveWinRecord
FNDA:0,(anonymous_175)
FNDA:0,(anonymous_176)
FNDA:0,(anonymous_177)
FNDA:0,(anonymous_178)
FNDA:0,(anonymous_179)
FNDA:0,(anonymous_180)
FNDA:0,(anonymous_181)
FNDA:0,(anonymous_182)
FNDA:0,(anonymous_183)
FNDA:0,(anonymous_184)
FNDA:0,(anonymous_185)
FNDA:0,buildBlindAuctionQueue
FNDA:0,startNextBlindPlayer
FNDA:0,clearBlindAuctionTimers
FNDA:0,startBlindBidTimer
FNDA:0,(anonymous_190)
FNDA:0,(anonymous_191)
FNDA:0,revealBids
FNDA:0,(anonymous_193)
FNDA:0,(anonymous_194)
FNDA:0,(anonymous_195)
FNDA:0,(anonymous_196)
FNDA:0,(anonymous_197)
FNDA:0,(anonymous_198)
FNDA:0,(anonymous_199)
FNDA:0,(anonymous_200)
FNDA:0,(anonymous_201)
FNDA:0,startExchangeTimer
FNDA:0,(anonymous_203)
FNDA:0,finalizeSale
FNDA:0,(anonymous_205)
FNDA:0,(anonymous_206)
FNDA:0,(anonymous_207)
FNDA:0,finalizeContest
FNDA:0,(anonymous_209)
FNDA:0,(anonymous_210)
DA:1,1
DA:2,1
DA:4,1
DA:5,1
DA:6,1
DA:7,1
DA:8,1
DA:9,1
DA:11,1
DA:12,1
DA:13,1
DA:14,1
DA:15,1
DA:16,1
DA:17,1
DA:18,1
DA:19,1
DA:20,1
DA:21,196
DA:26,0
DA:27,0
DA:31,1
DA:33,1
DA:34,1
DA:35,1
DA:41,1
DA:43,1
DA:44,1
DA:45,1
DA:46,1
DA:49,1
DA:50,1
DA:51,5
DA:52,5
DA:55,1
DA:56,2
DA:65,1
DA:66,1
DA:67,1
DA:68,0
DA:69,0
DA:71,0
DA:73,0
DA:74,0
DA:81,1
DA:84,1
DA:92,0
DA:93,0
DA:96,0
DA:99,1
DA:100,1
DA:102,1
DA:103,1
DA:106,1
DA:108,0
DA:111,0
DA:121,1
DA:122,1
DA:123,1
DA:124,1
DA:127,1
DA:128,0
DA:129,0
DA:132,1
DA:133,1
DA:138,1
DA:141,1
DA:144,1
DA:154,1
DA:157,1
DA:160,1
DA:162,1
DA:163,0
DA:166,1
DA:167,0
DA:171,1
DA:172,1
DA:177,0
DA:181,0
DA:182,0
DA:183,0
DA:187,1
DA:191,1
DA:192,1
DA:193,1
DA:194,1
DA:198,0
DA:199,0
DA:201,0
DA:202,0
DA:205,0
DA:208,0
DA:209,0
DA:210,0
DA:212,0
DA:217,0
DA:218,0
DA:219,0
DA:220,0
DA:222,0
DA:224,0
DA:225,0
DA:226,0
DA:227,0
DA:229,0
DA:232,0
DA:233,0
DA:240,0
DA:241,0
DA:242,0
DA:245,0
DA:246,0
DA:247,0
DA:250,0
DA:251,0
DA:252,0
DA:256,0
DA:259,0
DA:260,0
DA:261,0
DA:264,0
DA:300,0
DA:302,0
DA:310,0
DA:312,0
DA:313,0
DA:316,0
DA:317,0
DA:318,0
DA:319,0
DA:322,0
DA:324,0
DA:346,0
DA:347,0
DA:348,0
DA:351,0
DA:356,0
DA:361,1
DA:362,0
DA:363,0
DA:366,0
DA:367,0
DA:368,0
DA:371,0
DA:375,0
DA:376,0
DA:377,0
DA:378,0
DA:379,0
DA:380,0
DA:381,0
DA:386,0
DA:387,0
DA:388,0
DA:389,0
DA:402,0
DA:409,0
DA:410,0
DA:411,0
DA:412,0
DA:413,0
DA:414,0
DA:416,0
DA:417,0
DA:419,0
DA:427,0
DA:428,0
DA:431,0
DA:432,0
DA:435,0
DA:437,0
DA:438,0
DA:441,0
DA:442,0
DA:445,0
DA:446,0
DA:447,0
DA:448,0
DA:451,0
DA:453,0
DA:456,0
DA:457,0
DA:463,0
DA:464,0
DA:465,0
DA:466,0
DA:471,0
DA:472,0
DA:474,0
DA:475,0
DA:476,0
DA:478,0
DA:479,0
DA:480,0
DA:482,0
DA:483,0
DA:484,0
DA:485,0
DA:486,0
DA:491,0
DA:492,0
DA:493,0
DA:494,0
DA:495,0
DA:498,0
DA:507,0
DA:508,0
DA:510,0
DA:518,0
DA:520,0
DA:521,0
DA:522,0
DA:523,0
DA:528,0
DA:529,0
DA:531,0
DA:532,0
DA:533,0
DA:534,0
DA:535,0
DA:536,0
DA:539,0
DA:541,0
DA:542,0
DA:543,0
DA:544,0
DA:547,0
DA:548,0
DA:549,0
DA:551,0
DA:558,0
DA:562,1
DA:563,0
DA:564,0
DA:565,0
DA:569,1
DA:570,0
DA:572,0
DA:575,0
DA:576,0
DA:578,0
DA:580,0
DA:583,0
DA:584,0
DA:585,0
DA:587,0
DA:594,0
DA:595,0
DA:597,0
DA:598,0
DA:600,0
DA:601,0
DA:602,0
DA:605,0
DA:611,0
DA:621,0
DA:627,0
DA:629,0
DA:631,0
DA:636,0
DA:646,0
DA:647,0
DA:649,0
DA:650,0
DA:655,0
DA:656,0
DA:657,0
DA:658,0
DA:660,0
DA:661,0
DA:662,0
DA:665,0
DA:667,0
DA:676,0
DA:681,0
DA:682,0
DA:684,0
DA:688,0
DA:698,0
DA:700,0
DA:701,0
DA:707,0
DA:708,0
DA:709,0
DA:710,0
DA:712,0
DA:714,0
DA:716,0
DA:717,0
DA:722,0
DA:723,0
DA:724,0
DA:725,0
DA:726,0
DA:727,0
DA:728,0
DA:729,0
DA:731,0
DA:732,0
DA:737,0
DA:738,0
DA:739,0
DA:740,0
DA:741,0
DA:742,0
DA:743,0
DA:744,0
DA:745,0
DA:746,0
DA:747,0
DA:748,0
DA:751,0
DA:752,0
DA:753,0
DA:757,0
DA:760,0
DA:765,0
DA:766,0
DA:768,0
DA:769,0
DA:770,0
DA:771,0
DA:772,0
DA:776,0
DA:777,0
DA:782,0
DA:784,0
DA:785,0
DA:786,0
DA:787,0
DA:790,0
DA:791,0
DA:792,0
DA:796,0
DA:797,0
DA:800,0
DA:801,0
DA:802,0
DA:804,0
DA:805,0
DA:806,0
DA:809,0
DA:811,0
DA:816,0
DA:834,0
DA:835,0
DA:836,0
DA:837,0
DA:841,0
DA:842,0
DA:848,0
DA:849,0
DA:850,0
DA:853,0
DA:854,0
DA:855,0
DA:858,0
DA:859,0
DA:860,0
DA:863,0
DA:864,0
DA:872,0
DA:875,0
DA:876,0
DA:880,0
DA:884,0
DA:885,0
DA:886,0
DA:889,0
DA:890,0
DA:891,0
DA:894,0
DA:895,0
DA:896,0
DA:898,0
DA:899,0
DA:905,0
DA:906,0
DA:912,0
DA:913,0
DA:923,0
DA:924,0
DA:925,0
DA:928,0
DA:929,0
DA:930,0
DA:933,0
DA:934,0
DA:935,0
DA:939,0
DA:940,0
DA:944,0
DA:945,0
DA:946,0
DA:950,0
DA:951,0
DA:952,0
DA:953,0
DA:954,0
DA:957,0
DA:958,0
DA:959,0
DA:963,0
DA:964,0
DA:965,0
DA:968,0
DA:969,0
DA:970,0
DA:973,0
DA:974,0
DA:977,0
DA:978,0
DA:981,0
DA:982,0
DA:985,0
DA:986,0
DA:993,0
DA:995,0
DA:996,0
DA:997,0
DA:1001,0
DA:1002,0
DA:1003,0
DA:1004,0
DA:1005,0
DA:1008,0
DA:1011,0
DA:1013,0
DA:1035,0
DA:1036,0
DA:1039,0
DA:1040,0
DA:1044,0
DA:1046,0
DA:1050,0
DA:1054,0
DA:1055,0
DA:1056,0
DA:1057,0
DA:1060,0
DA:1065,0
DA:1066,0
DA:1067,0
DA:1070,0
DA:1073,0
DA:1074,0
DA:1077,0
DA:1078,0
DA:1079,0
DA:1082,0
DA:1083,0
DA:1084,0
DA:1085,0
DA:1089,0
DA:1090,0
DA:1091,0
DA:1092,0
DA:1093,0
DA:1094,0
DA:1095,0
DA:1100,0
DA:1112,0
DA:1114,0
DA:1119,0
DA:1120,0
DA:1121,0
DA:1122,0
DA:1126,0
DA:1127,0
DA:1128,0
DA:1129,0
DA:1130,0
DA:1132,0
DA:1133,0
DA:1134,0
DA:1135,0
DA:1138,0
DA:1158,0
DA:1159,0
DA:1160,0
DA:1161,0
DA:1164,0
DA:1180,0
DA:1181,0
DA:1182,0
DA:1183,0
DA:1184,0
DA:1185,0
DA:1192,0
DA:1193,0
DA:1194,0
DA:1195,0
DA:1198,0
DA:1199,0
DA:1202,0
DA:1204,0
DA:1206,0
DA:1207,0
DA:1209,0
DA:1210,0
DA:1211,0
DA:1212,0
DA:1213,0
DA:1216,0
DA:1224,0
DA:1226,0
DA:1227,0
DA:1230,0
DA:1231,0
DA:1241,0
DA:1242,0
DA:1243,0
DA:1244,0
DA:1247,0
DA:1248,0
DA:1252,0
DA:1253,0
DA:1254,0
DA:1258,0
DA:1259,0
DA:1260,0
DA:1262,0
DA:1263,0
DA:1264,0
DA:1271,0
DA:1272,0
DA:1273,0
DA:1274,0
DA:1276,0
DA:1277,0
DA:1278,0
DA:1279,0
DA:1280,0
DA:1281,0
DA:1282,0
DA:1283,0
DA:1289,0
DA:1290,0
DA:1291,0
DA:1292,0
DA:1294,0
DA:1295,0
DA:1297,0
DA:1298,0
DA:1307,0
DA:1310,0
DA:1311,0
DA:1312,0
DA:1314,0
DA:1315,0
DA:1316,0
DA:1317,0
DA:1318,0
DA:1319,0
DA:1320,0
DA:1326,0
DA:1334,0
DA:1335,0
DA:1336,0
DA:1337,0
DA:1338,0
DA:1339,0
DA:1345,0
DA:1346,0
DA:1347,0
DA:1349,0
DA:1351,0
DA:1353,0
DA:1354,0
DA:1358,0
DA:1359,0
DA:1360,0
DA:1361,0
DA:1362,0
DA:1363,0
DA:1364,0
DA:1367,0
DA:1368,0
DA:1369,0
DA:1370,0
DA:1371,0
DA:1372,0
DA:1373,0
DA:1380,0
DA:1386,0
DA:1387,0
DA:1390,0
DA:1391,0
DA:1392,0
DA:1393,0
DA:1394,0
DA:1395,0
DA:1401,0
DA:1402,0
DA:1403,0
DA:1404,0
DA:1405,0
DA:1409,0
DA:1413,0
DA:1414,0
DA:1415,0
DA:1416,0
DA:1423,0
DA:1425,0
DA:1426,0
DA:1428,0
DA:1429,0
DA:1430,0
DA:1432,0
DA:1436,0
DA:1437,0
DA:1438,0
DA:1439,0
DA:1441,0
DA:1442,0
DA:1444,0
DA:1445,0
DA:1446,0
DA:1449,0
DA:1450,0
DA:1451,0
DA:1452,0
DA:1453,0
DA:1454,0
DA:1458,0
DA:1459,0
DA:1460,0
DA:1461,0
DA:1466,0
DA:1467,0
DA:1468,0
DA:1469,0
DA:1472,0
DA:1473,0
DA:1476,0
DA:1478,0
DA:1480,0
DA:1481,0
DA:1484,0
DA:1487,0
DA:1488,0
DA:1489,0
DA:1490,0
DA:1491,0
DA:1492,0
DA:1493,0
DA:1494,0
DA:1495,0
DA:1500,0
DA:1501,0
DA:1502,0
DA:1503,0
DA:1504,0
DA:1505,0
DA:1506,0
DA:1507,0
DA:1510,0
DA:1511,0
DA:1512,0
DA:1514,0
DA:1515,0
DA:1524,0
DA:1525,0
DA:1530,0
DA:1531,0
DA:1532,0
DA:1533,0
DA:1534,0
DA:1535,0
DA:1536,0
DA:1537,0
DA:1539,0
DA:1540,0
DA:1541,0
DA:1545,0
DA:1548,0
DA:1549,0
DA:1550,0
DA:1551,0
DA:1552,0
DA:1554,0
DA:1557,0
DA:1558,0
DA:1559,0
DA:1560,0
DA:1566,0
DA:1567,0
DA:1568,0
DA:1569,0
DA:1570,0
DA:1571,0
DA:1573,0
DA:1574,0
DA:1578,0
DA:1579,0
DA:1580,0
DA:1582,0
DA:1583,0
DA:1584,0
DA:1591,0
DA:1592,0
DA:1593,0
DA:1599,0
DA:1600,0
DA:1601,0
DA:1603,0
DA:1604,0
DA:1609,0
DA:1610,0
DA:1611,0
DA:1612,0
DA:1613,0
DA:1621,0
DA:1622,0
DA:1625,0
DA:1628,0
DA:1631,0
DA:1636,0
DA:1637,0
DA:1638,0
DA:1639,0
DA:1640,0
DA:1641,0
DA:1645,0
DA:1646,0
DA:1647,0
DA:1648,0
DA:1653,0
DA:1654,0
DA:1655,0
DA:1656,0
DA:1661,0
DA:1662,0
DA:1663,0
DA:1664,0
DA:1665,0
DA:1666,0
DA:1669,0
DA:1670,0
DA:1671,0
DA:1672,0
DA:1681,0
DA:1683,0
DA:1686,0
DA:1687,0
DA:1690,0
DA:1691,0
DA:1694,0
DA:1695,0
DA:1698,0
DA:1699,0
DA:1710,0
DA:1713,0
DA:1720,0
DA:1723,0
DA:1725,0
DA:1726,0
DA:1727,0
DA:1730,0
DA:1732,0
DA:1760,0
DA:1761,0
DA:1763,0
DA:1764,0
DA:1765,0
DA:1768,0
DA:1769,0
DA:1770,0
DA:1775,0
DA:1776,0
DA:1778,0
DA:1780,0
DA:1781,0
DA:1782,0
DA:1785,0
DA:1786,0
DA:1787,0
DA:1790,0
DA:1792,0
DA:1793,0
DA:1795,0
DA:1796,0
DA:1797,0
DA:1798,0
DA:1803,0
DA:1804,0
DA:1805,0
DA:1806,0
DA:1810,0
DA:1811,0
DA:1812,0
DA:1813,0
DA:1814,0
DA:1815,0
DA:1816,0
DA:1819,0
DA:1820,0
DA:1826,0
DA:1827,0
DA:1832,0
DA:1838,0
DA:1839,0
DA:1840,0
DA:1842,0
DA:1846,0
DA:1847,0
DA:1849,0
DA:1850,0
DA:1851,0
DA:1854,0
DA:1862,0
DA:1864,0
DA:1866,0
DA:1867,0
DA:1868,0
DA:1870,0
DA:1872,0
DA:1877,0
DA:1880,0
DA:1882,0
DA:1883,0
DA:1884,0
DA:1885,0
DA:1890,0
DA:1891,0
DA:1892,0
DA:1894,0
DA:1896,0
DA:1897,0
DA:1900,0
DA:1904,0
DA:1908,0
DA:1909,0
DA:1913,0
DA:1914,0
DA:1922,0
DA:1925,0
DA:1926,0
DA:1928,0
DA:1930,0
DA:1935,0
DA:1936,0
DA:1937,0
DA:1938,0
DA:1941,0
DA:1945,0
DA:1946,0
DA:1947,0
DA:1948,0
DA:1950,0
DA:1953,0
DA:1955,0
DA:1964,0
DA:1965,0
DA:1966,0
DA:1967,0
DA:1972,0
DA:1973,0
DA:1974,0
DA:1975,0
DA:1976,0
DA:1977,0
DA:1982,0
DA:1983,0
DA:1984,0
DA:1985,0
DA:1988,0
DA:1989,0
DA:1993,0
DA:1994,0
DA:1996,0
DA:2000,0
DA:2006,0
DA:2009,0
DA:2010,0
DA:2012,0
DA:2017,0
DA:2018,0
DA:2019,0
DA:2024,0
DA:2025,0
DA:2033,0
DA:2040,0
DA:2041,0
DA:2042,0
DA:2044,0
DA:2046,0
DA:2049,0
DA:2050,0
DA:2051,0
DA:2054,0
DA:2059,0
DA:2060,0
DA:2061,0
DA:2062,0
DA:2065,0
DA:2066,0
DA:2069,0
DA:2071,0
DA:2073,0
DA:2075,0
DA:2077,0
DA:2078,0
DA:2080,0
DA:2081,0
DA:2084,0
DA:2093,0
DA:2094,0
DA:2096,0
DA:2100,0
DA:2108,0
DA:2114,0
DA:2115,0
DA:2116,0
DA:2117,0
DA:2120,0
DA:2122,0
DA:2124,0
DA:2125,0
DA:2132,0
DA:2133,0
DA:2139,0
DA:2140,0
DA:2142,0
DA:2143,0
DA:2145,0
DA:2147,0
DA:2152,0
DA:2153,0
DA:2154,0
DA:2155,0
DA:2158,0
DA:2160,0
DA:2162,0
DA:2163,0
DA:2167,0
DA:2168,0
DA:2174,0
DA:2175,0
DA:2177,0
DA:2178,0
DA:2180,0
DA:2181,0
DA:2186,0
DA:2187,0
DA:2189,0
DA:2194,0
DA:2195,0
DA:2196,0
DA:2200,0
DA:2201,0
DA:2202,0
DA:2205,0
DA:2209,0
DA:2210,0
DA:2212,0
DA:2213,0
DA:2215,0
DA:2216,0
DA:2217,0
DA:2218,0
DA:2222,0
DA:2223,0
DA:2224,0
DA:2227,0
DA:2234,0
DA:2239,0
DA:2242,0
DA:2245,0
DA:2249,0
DA:2251,0
DA:2253,0
DA:2259,0
DA:2266,0
DA:2270,0
DA:2271,0
DA:2272,0
DA:2273,0
DA:2275,0
DA:2276,0
DA:2277,0
DA:2282,0
DA:2283,0
DA:2284,0
DA:2285,0
DA:2287,0
DA:2289,0
DA:2290,0
DA:2298,0
DA:2299,0
DA:2302,0
DA:2303,0
DA:2306,0
DA:2307,0
DA:2310,0
DA:2311,0
DA:2314,0
DA:2315,0
DA:2318,0
DA:2319,0
DA:2320,0
DA:2321,0
DA:2322,0
DA:2325,0
DA:2327,0
DA:2339,0
DA:2343,0
DA:2344,0
DA:2346,0
DA:2349,0
DA:2351,0
DA:2352,0
DA:2353,0
DA:2366,0
DA:2376,0
DA:2377,0
DA:2378,0
DA:2385,0
DA:2389,0
DA:2390,0
DA:2393,0
DA:2396,0
DA:2403,0
DA:2404,0
DA:2407,0
DA:2410,0
DA:2413,0
DA:2416,0
DA:2418,0
DA:2420,0
DA:2421,0
DA:2427,0
DA:2428,0
DA:2431,0
DA:2432,0
DA:2435,0
DA:2436,0
DA:2438,0
DA:2439,0
DA:2442,0
DA:2443,0
DA:2445,0
DA:2446,0
DA:2449,0
DA:2450,0
DA:2452,0
DA:2453,0
DA:2454,0
DA:2457,0
DA:2458,0
DA:2459,0
DA:2462,0
DA:2465,0
DA:2468,0
DA:2469,0
DA:2470,0
DA:2471,0
DA:2472,0
DA:2473,0
DA:2474,0
DA:2477,0
DA:2480,0
DA:2481,0
DA:2487,0
DA:2488,0
DA:2489,0
DA:2492,0
DA:2493,0
DA:2494,0
DA:2496,0
DA:2497,0
DA:2498,0
DA:2502,0
DA:2505,0
DA:2506,0
DA:2507,0
DA:2515,0
DA:2516,0
DA:2517,0
DA:2523,0
DA:2524,0
DA:2525,0
DA:2526,0
DA:2528,0
DA:2533,0
DA:2538,0
DA:2539,0
DA:2542,0
DA:2543,0
DA:2544,0
DA:2550,0
DA:2558,0
DA:2559,0
DA:2563,0
DA:2566,0
DA:2567,0
DA:2570,0
DA:2572,0
DA:2579,0
DA:2580,0
DA:2581,0
DA:2584,0
DA:2585,0
DA:2588,0
DA:2591,0
DA:2592,0
DA:2594,0
DA:2595,0
DA:2596,0
DA:2600,0
DA:2601,0
DA:2603,0
DA:2613,0
DA:2614,0
DA:2615,0
DA:2619,0
DA:2620,0
DA:2633,0
DA:2635,0
DA:2637,0
DA:2638,0
DA:2642,0
DA:2652,0
DA:2686,0
DA:2713,0
DA:2724,0
DA:2743,0
DA:2745,0
DA:2746,0
[...]
DA:1167,0
DA:1170,0
DA:1174,0
DA:1175,0
DA:1178,0
DA:1181,0
DA:1182,0
DA:1183,0
DA:1184,0
DA:1185,0
DA:1190,0
DA:1191,0
DA:1194,0
DA:1195,0
DA:1198,0
DA:1200,0
DA:1201,0
DA:1202,0
DA:1203,0
DA:1204,0
DA:1205,0
DA:1210,0
DA:1211,0
DA:1212,0
DA:1213,0
DA:1214,0
DA:1215,0
DA:1220,0
DA:1221,0
DA:1222,0
DA:1223,0
DA:1224,0
DA:1226,0
DA:1227,0
DA:1228,0
DA:1232,0
DA:1233,0
DA:1234,0
DA:1237,0
DA:1242,0
DA:1243,0
DA:1246,0
DA:1249,0
DA:1250,0
DA:1251,0
DA:1252,0
DA:1253,0
DA:1257,0
DA:1260,0
DA:1261,0
DA:1262,0
DA:1263,0
DA:1264,0
DA:1265,0
DA:1266,0
DA:1272,0
DA:1273,0
DA:1274,0
DA:1275,0
DA:1276,0
DA:1277,0
DA:1278,0
DA:1283,0
DA:1284,0
DA:1285,0
DA:1286,0
DA:1287,0
DA:1288,0
DA:1290,0
DA:1291,0
DA:1292,0
DA:1293,0
DA:1297,0
DA:1298,0
DA:1299,0
DA:1300,0
DA:1304,0
DA:1305,0
DA:1307,0
DA:1308,0
DA:1310,0
DA:1311,0
DA:1312,0
DA:1313,0
DA:1318,0
DA:1321,0
DA:1322,0
DA:1324,0
DA:1325,0
DA:1326,0
DA:1327,0
DA:1328,0
DA:1332,0
DA:1334,0
DA:1336,0
DA:1337,0
DA:1338,0
DA:1340,0
DA:1341,0
DA:1342,0
DA:1350,0
DA:1353,0
DA:1354,0
DA:1355,0
DA:1357,0
DA:1358,0
DA:1359,0
DA:1360,0
DA:1361,0
DA:1362,0
DA:1364,0
DA:1365,0
DA:1366,0
DA:1368,0
DA:1369,0
DA:1373,0
DA:1374,0
DA:1376,0
DA:1377,0
DA:1379,0
DA:1380,0
DA:1385,0
DA:1386,0
DA:1387,0
DA:1392,0
DA:1396,0
DA:1397,0
DA:1398,0
DA:1402,0
DA:1408,0
DA:1436,0
DA:1440,0
DA:1441,0
DA:1442,0
DA:1444,0
DA:1445,0
DA:1446,0
DA:1447,0
DA:1448,0
DA:1449,0
DA:1453,0
DA:1454,0
DA:1455,0
DA:1456,0
DA:1459,0
DA:1466,0
DA:1467,0
DA:1469,0
DA:1509,0
DA:1513,0
DA:1514,0
DA:1515,0
DA:1517,0
DA:1519,0
DA:1520,0
DA:1521,0
DA:1524,0
DA:1525,0
DA:1526,0
DA:1527,0
DA:1539,0
DA:1545,0
DA:1546,0
DA:1547,0
DA:1548,0
DA:1549,0
DA:1552,0
DA:1553,0
DA:1554,0
DA:1556,0
DA:1557,0
DA:1558,0
DA:1561,0
DA:1563,0
DA:1572,0
DA:1573,0
DA:1576,0
DA:1577,0
DA:1582,0
DA:1583,0
DA:1584,0
DA:1587,0
DA:1588,0
DA:1590,0
DA:1592,0
DA:1593,0
DA:1594,0
DA:1598,0
DA:1599,0
DA:1624,0
DA:1627,0
DA:1628,0
DA:1631,0
DA:1632,0
DA:1634,0
DA:1635,0
DA:1636,0
DA:1637,0
DA:1641,0
DA:1642,0
DA:1643,0
DA:1645,0
DA:1648,0
DA:1653,0
DA:1654,0
DA:1656,0
DA:1666,0
DA:1669,0
DA:1670,0
DA:1671,0
DA:1673,0
DA:1677,0
DA:1678,0
DA:1682,0
DA:1683,0
DA:1684,0
DA:1688,0
DA:1689,0
DA:1693,0
DA:1694,0
DA:1695,0
DA:1696,0
DA:1698,0
DA:1700,0
DA:1702,0
DA:1706,0
DA:1707,0
DA:1708,0
DA:1713,0
DA:1714,0
DA:1722,0
DA:1723,0
DA:1744,0
DA:1747,0
DA:1750,0
DA:1753,0
DA:1757,0
DA:1758,0
DA:1759,0
DA:1760,0
DA:1761,0
DA:1771,0
DA:1772,0
DA:1776,0
DA:1777,0
DA:1780,0
DA:1781,0
DA:1783,0
DA:1784,0
DA:1785,0
DA:1786,0
DA:1788,0
DA:1789,0
DA:1790,0
DA:1792,0
DA:1793,0
DA:1794,0
DA:1797,0
DA:1823,0
DA:1836,0
DA:1837,0
DA:1838,0
DA:1842,0
DA:1843,0
DA:1844,0
DA:1845,0
DA:1849,0
DA:1852,0
DA:1853,0
DA:1854,0
DA:1858,0
DA:1859,0
DA:1864,0
DA:1865,0
DA:1866,0
DA:1867,0
DA:1868,0
DA:1874,0
DA:1875,0
LF:711
LH:0
BRDA:23,0,0,0
BRDA:23,0,1,0
BRDA:28,1,0,0
BRDA:28,1,1,0
BRDA:39,2,0,0
BRDA:39,2,1,0
BRDA:40,3,0,0
BRDA:40,3,1,0
BRDA:42,4,0,0
BRDA:42,4,1,0
BRDA:42,4,2,0
BRDA:43,5,0,0
BRDA:43,5,1,0
BRDA:45,6,0,0
BRDA:45,6,1,0
BRDA:45,7,0,0
BRDA:45,7,1,0
BRDA:46,8,0,0
BRDA:46,8,1,0
BRDA:46,9,0,0
BRDA:46,9,1,0
BRDA:47,10,0,0
BRDA:47,10,1,0
BRDA:47,11,0,0
BRDA:47,11,1,0
BRDA:48,12,0,0
BRDA:48,12,1,0
BRDA:48,13,0,0
BRDA:48,13,1,0
BRDA:48,13,2,0
BRDA:49,14,0,0
BRDA:49,14,1,0
BRDA:49,15,0,0
BRDA:49,15,1,0
BRDA:50,16,0,0
BRDA:50,16,1,0
BRDA:50,17,0,0
BRDA:50,17,1,0
BRDA:50,17,2,0
BRDA:58,18,0,0
BRDA:58,18,1,0
BRDA:72,19,0,0
BRDA:72,19,1,0
BRDA:89,20,0,0
BRDA:89,20,1,0
BRDA:94,21,0,0
BRDA:94,21,1,0
BRDA:95,22,0,0
BRDA:95,22,1,0
BRDA:99,23,0,0
BRDA:99,23,1,0
BRDA:107,24,0,0
BRDA:107,24,1,0
BRDA:109,25,0,0
BRDA:109,25,1,0
BRDA:112,26,0,0
BRDA:112,26,1,0
BRDA:115,27,0,0
BRDA:115,27,1,0
BRDA:115,28,0,0
BRDA:115,28,1,0
BRDA:117,29,0,0
BRDA:117,29,1,0
BRDA:122,30,0,0
BRDA:122,30,1,0
BRDA:140,31,0,0
BRDA:140,31,1,0
BRDA:145,32,0,0
BRDA:151,33,0,0
BRDA:151,33,1,0
BRDA:156,34,0,0
BRDA:156,34,1,0
BRDA:159,35,0,0
BRDA:159,35,1,0
BRDA:174,36,0,0
BRDA:174,36,1,0
BRDA:185,37,0,0
BRDA:185,37,1,0
BRDA:199,38,0,0
BRDA:199,38,1,0
BRDA:202,39,0,0
BRDA:202,39,1,0
BRDA:202,40,0,0
BRDA:202,40,1,0
BRDA:211,41,0,0
BRDA:211,41,1,0
BRDA:211,42,0,0
BRDA:211,42,1,0
BRDA:213,43,0,0
BRDA:213,43,1,0
BRDA:237,44,0,0
BRDA:237,44,1,0
BRDA:244,45,0,0
BRDA:244,45,1,0
BRDA:244,46,0,0
BRDA:244,46,1,0
BRDA:247,47,0,0
BRDA:247,47,1,0
BRDA:256,48,0,0
BRDA:256,48,1,0
BRDA:262,49,0,0
BRDA:262,49,1,0
BRDA:266,50,0,0
BRDA:266,50,1,0
BRDA:268,51,0,0
BRDA:268,51,1,0
BRDA:269,52,0,0
BRDA:269,52,1,0
BRDA:279,53,0,0
BRDA:279,53,1,0
BRDA:279,54,0,0
BRDA:279,54,1,0
BRDA:281,55,0,0
BRDA:281,55,1,0
BRDA:308,56,0,0
BRDA:308,56,1,0
BRDA:308,57,0,0
BRDA:308,57,1,0
BRDA:319,58,0,0
BRDA:319,58,1,0
BRDA:333,59,0,0
BRDA:333,59,1,0
BRDA:335,60,0,0
BRDA:335,60,1,0
BRDA:347,61,0,0
BRDA:347,61,1,0
BRDA:347,62,0,0
BRDA:347,62,1,0
BRDA:349,63,0,0
BRDA:349,63,1,0
BRDA:350,64,0,0
BRDA:350,64,1,0
BRDA:357,65,0,0
BRDA:357,65,1,0
BRDA:361,66,0,0
BRDA:361,66,1,0
BRDA:378,67,0,0
BRDA:378,67,1,0
BRDA:378,68,0,0
BRDA:378,68,1,0
BRDA:384,69,0,0
BRDA:384,69,1,0
BRDA:394,70,0,0
BRDA:394,70,1,0
BRDA:394,71,0,0
BRDA:394,71,1,0
BRDA:410,72,0,0
BRDA:410,72,1,0
BRDA:410,73,0,0
BRDA:410,73,1,0
BRDA:412,74,0,0
BRDA:412,74,1,0
BRDA:412,75,0,0
BRDA:412,75,1,0
BRDA:413,76,0,0
BRDA:413,76,1,0
BRDA:416,77,0,0
BRDA:416,77,1,0
BRDA:416,78,0,0
BRDA:416,78,1,0
BRDA:417,79,0,0
BRDA:417,79,1,0
BRDA:424,80,0,0
BRDA:424,80,1,0
BRDA:424,81,0,0
BRDA:424,81,1,0
BRDA:430,82,0,0
BRDA:430,82,1,0
BRDA:438,83,0,0
BRDA:438,83,1,0
BRDA:438,84,0,0
BRDA:438,84,1,0
BRDA:439,85,0,0
BRDA:439,85,1,0
BRDA:464,86,0,0
BRDA:464,86,1,0
BRDA:465,87,0,0
BRDA:465,87,1,0
BRDA:471,88,0,0
BRDA:471,88,1,0
BRDA:472,89,0,0
BRDA:472,89,1,0
BRDA:472,89,2,0
BRDA:476,90,0,0
BRDA:476,90,1,0
BRDA:482,91,0,0
BRDA:482,91,1,0
BRDA:487,92,0,0
BRDA:487,92,1,0
BRDA:538,93,0,0
BRDA:538,93,1,0
BRDA:539,94,0,0
BRDA:539,94,1,0
BRDA:541,95,0,0
BRDA:541,95,1,0
BRDA:541,96,0,0
BRDA:541,96,1,0
BRDA:542,97,0,0
BRDA:542,97,1,0
BRDA:549,98,0,0
BRDA:549,98,1,0
BRDA:574,99,0,0
BRDA:574,99,1,0
BRDA:574,100,0,0
BRDA:574,100,1,0
BRDA:579,101,0,0
BRDA:579,101,1,0
BRDA:580,102,0,0
BRDA:580,102,1,0
BRDA:583,103,0,0
BRDA:583,103,1,0
BRDA:584,104,0,0
BRDA:584,104,1,0
BRDA:584,104,2,0
BRDA:584,104,3,0
BRDA:610,105,0,0
BRDA:610,105,1,0
BRDA:615,106,0,0
BRDA:615,106,1,0
BRDA:616,107,0,0
BRDA:616,107,1,0
BRDA:617,108,0,0
BRDA:617,108,1,0
BRDA:620,109,0,0
BRDA:620,109,1,0
BRDA:627,110,0,0
BRDA:627,110,1,0
BRDA:628,111,0,0
BRDA:628,111,1,0
BRDA:631,112,0,0
BRDA:631,112,1,0
BRDA:632,113,0,0
BRDA:632,113,1,0
BRDA:639,114,0,0
BRDA:639,114,1,0
BRDA:639,115,0,0
BRDA:639,115,1,0
BRDA:646,116,0,0
BRDA:646,116,1,0
BRDA:655,117,0,0
BRDA:655,117,1,0
BRDA:659,118,0,0
BRDA:659,118,1,0
BRDA:670,119,0,0
BRDA:670,119,1,0
BRDA:670,120,0,0
BRDA:670,120,1,0
BRDA:672,121,0,0
BRDA:672,121,1,0
BRDA:692,122,0,0
BRDA:692,122,1,0
BRDA:695,123,0,0
BRDA:695,123,1,0
BRDA:699,124,0,0
BRDA:699,124,1,0
BRDA:702,125,0,0
BRDA:702,125,1,0
BRDA:705,126,0,0
BRDA:705,126,1,0
BRDA:707,127,0,0
BRDA:707,127,1,0
BRDA:709,128,0,0
BRDA:709,128,1,0
BRDA:716,129,0,0
BRDA:716,129,1,0
BRDA:718,130,0,0
BRDA:718,130,1,0
BRDA:720,131,0,0
BRDA:720,131,1,0
BRDA:730,132,0,0
BRDA:730,132,1,0
BRDA:733,133,0,0
BRDA:733,133,1,0
BRDA:782,134,0,0
BRDA:782,134,1,0
BRDA:790,135,0,0
BRDA:790,135,1,0
BRDA:791,136,0,0
BRDA:791,136,1,0
BRDA:791,136,2,0
BRDA:792,137,0,0
BRDA:792,137,1,0
BRDA:792,137,2,0
BRDA:793,138,0,0
BRDA:793,138,1,0
BRDA:794,139,0,0
BRDA:794,139,1,0
BRDA:795,140,0,0
BRDA:795,140,1,0
BRDA:798,141,0,0
BRDA:798,141,1,0
BRDA:799,142,0,0
BRDA:799,142,1,0
BRDA:799,142,2,0
BRDA:800,143,0,0
BRDA:800,143,1,0
BRDA:800,143,2,0
BRDA:801,144,0,0
BRDA:801,144,1,0
BRDA:802,145,0,0
BRDA:802,145,1,0
BRDA:803,146,0,0
BRDA:803,146,1,0
BRDA:810,147,0,0
BRDA:810,147,1,0
BRDA:818,148,0,0
BRDA:818,148,1,0
BRDA:819,149,0,0
BRDA:819,149,1,0
BRDA:835,150,0,0
BRDA:835,150,1,0
BRDA:838,151,0,0
BRDA:838,151,1,0
BRDA:839,152,0,0
BRDA:839,152,1,0
BRDA:852,153,0,0
BRDA:852,153,1,0
BRDA:852,154,0,0
BRDA:852,154,1,0
BRDA:873,155,0,0
BRDA:873,155,1,0
BRDA:873,156,0,0
BRDA:873,156,1,0
BRDA:877,157,0,0
BRDA:877,157,1,0
BRDA:878,158,0,0
BRDA:878,158,1,0
BRDA:878,159,0,0
BRDA:878,159,1,0
BRDA:888,160,0,0
BRDA:888,160,1,0
BRDA:892,161,0,0
BRDA:892,161,1,0
BRDA:892,161,2,0
BRDA:893,162,0,0
BRDA:893,162,1,0
BRDA:899,163,0,0
BRDA:899,163,1,0
BRDA:903,164,0,0
BRDA:903,164,1,0
BRDA:917,165,0,0
BRDA:917,165,1,0
BRDA:983,166,0,0
BRDA:983,166,1,0
BRDA:989,167,0,0
BRDA:989,167,1,0
BRDA:989,168,0,0
BRDA:989,168,1,0
BRDA:989,168,2,0
BRDA:995,169,0,0
BRDA:995,169,1,0
BRDA:995,169,2,0
BRDA:998,170,0,0
BRDA:998,170,1,0
BRDA:998,170,2,0
BRDA:998,170,3,0
BRDA:1000,171,0,0
BRDA:1000,171,1,0
BRDA:1001,172,0,0
BRDA:1001,172,1,0
BRDA:1002,173,0,0
BRDA:1002,173,1,0
BRDA:1003,174,0,0
BRDA:1003,174,1,0
BRDA:1003,175,0,0
BRDA:1003,175,1,0
BRDA:1007,176,0,0
BRDA:1007,176,1,0
BRDA:1018,177,0,0
BRDA:1018,177,1,0
BRDA:1021,178,0,0
BRDA:1021,178,1,0
BRDA:1022,179,0,0
BRDA:1022,179,1,0
BRDA:1023,180,0,0
BRDA:1023,180,1,0
BRDA:1034,181,0,0
BRDA:1034,181,1,0
BRDA:1050,182,0,0
BRDA:1050,182,1,0
BRDA:1066,183,0,0
BRDA:1066,183,1,0
BRDA:1075,184,0,0
BRDA:1075,184,1,0
BRDA:1087,185,0,0
BRDA:1087,185,1,0
BRDA:1093,186,0,0
BRDA:1093,186,1,0
BRDA:1094,187,0,0
BRDA:1094,187,1,0
BRDA:1106,188,0,0
BRDA:1106,188,1,0
BRDA:1110,189,0,0
BRDA:1110,189,1,0
BRDA:1110,190,0,0
BRDA:1110,190,1,0
BRDA:1112,191,0,0
BRDA:1112,191,1,0
BRDA:1112,192,0,0
BRDA:1112,192,1,0
BRDA:1126,193,0,0
BRDA:1126,193,1,0
BRDA:1128,194,0,0
BRDA:1128,194,1,0
BRDA:1141,195,0,0
BRDA:1141,195,1,0
BRDA:1142,196,0,0
BRDA:1142,196,1,0
BRDA:1156,197,0,0
BRDA:1156,197,1,0
BRDA:1156,198,0,0
BRDA:1156,198,1,0
BRDA:1159,199,0,0
BRDA:1159,199,1,0
BRDA:1175,200,0,0
BRDA:1175,200,1,0
BRDA:1183,201,0,0
BRDA:1183,201,1,0
BRDA:1190,202,0,0
BRDA:1190,202,1,0
BRDA:1191,203,0,0
BRDA:1191,203,1,0
BRDA:1194,204,0,0
BRDA:1194,204,1,0
BRDA:1195,205,0,0
BRDA:1195,205,1,0
BRDA:1203,206,0,0
BRDA:1203,206,1,0
BRDA:1213,207,0,0
BRDA:1213,207,1,0
BRDA:1222,208,0,0
BRDA:1222,208,1,0
BRDA:1226,209,0,0
BRDA:1226,209,1,0
BRDA:1233,210,0,0
BRDA:1233,210,1,0
BRDA:1234,211,0,0
BRDA:1234,211,1,0
BRDA:1243,212,0,0
BRDA:1243,212,1,0
BRDA:1251,213,0,0
BRDA:1251,213,1,0
BRDA:1260,214,0,0
BRDA:1260,214,1,0
BRDA:1260,214,2,0
BRDA:1263,215,0,0
BRDA:1263,215,1,0
BRDA:1272,216,0,0
BRDA:1272,216,1,0
BRDA:1272,216,2,0
BRDA:1275,217,0,0
BRDA:1275,217,1,0
BRDA:1285,218,0,0
BRDA:1285,218,1,0
BRDA:1286,219,0,0
BRDA:1286,219,1,0
BRDA:1290,220,0,0
BRDA:1290,220,1,0
BRDA:1291,221,0,0
BRDA:1291,221,1,0
BRDA:1298,222,0,0
BRDA:1298,222,1,0
BRDA:1299,223,0,0
BRDA:1299,223,1,0
BRDA:1305,224,0,0
BRDA:1305,224,1,0
BRDA:1308,225,0,0
BRDA:1308,225,1,0
BRDA:1322,226,0,0
BRDA:1322,226,1,0
BRDA:1355,227,0,0
BRDA:1355,227,1,0
BRDA:1360,228,0,0
BRDA:1360,228,1,0
BRDA:1364,229,0,0
BRDA:1364,229,1,0
BRDA:1368,230,0,0
BRDA:1368,230,1,0
BRDA:1374,231,0,0
BRDA:1374,231,1,0
BRDA:1380,232,0,0
BRDA:1380,232,1,0
BRDA:1383,233,0,0
BRDA:1386,234,0,0
BRDA:1386,234,1,0
BRDA:1402,235,0,0
BRDA:1402,235,1,0
BRDA:1404,236,0,0
BRDA:1404,236,1,0
BRDA:1404,236,2,0
BRDA:1414,237,0,0
BRDA:1414,237,1,0
BRDA:1415,238,0,0
BRDA:1415,238,1,0
BRDA:1418,239,0,0
BRDA:1418,239,1,0
BRDA:1418,239,2,0
BRDA:1424,240,0,0
BRDA:1424,240,1,0
BRDA:1425,241,0,0
BRDA:1425,241,1,0
BRDA:1426,242,0,0
BRDA:1426,242,1,0
BRDA:1427,243,0,0
BRDA:1427,243,1,0
BRDA:1428,244,0,0
BRDA:1428,244,1,0
BRDA:1429,245,0,0
BRDA:1429,245,1,0
BRDA:1431,246,0,0
BRDA:1431,246,1,0
BRDA:1432,247,0,0
BRDA:1432,247,1,0
BRDA:1441,248,0,0
BRDA:1441,248,1,0
BRDA:1445,249,0,0
BRDA:1445,249,1,0
BRDA:1457,250,0,0
BRDA:1457,250,1,0
BRDA:1457,250,2,0
BRDA:1467,251,0,0
BRDA:1467,251,1,0
BRDA:1514,252,0,0
BRDA:1514,252,1,0
BRDA:1517,253,0,0
BRDA:1517,253,1,0
BRDA:1519,254,0,0
BRDA:1519,254,1,0
BRDA:1532,255,0,0
BRDA:1532,255,1,0
BRDA:1546,256,0,0
BRDA:1546,256,1,0
BRDA:1546,257,0,0
BRDA:1546,257,1,0
BRDA:1556,258,0,0
BRDA:1556,258,1,0
BRDA:1556,259,0,0
BRDA:1556,259,1,0
BRDA:1583,260,0,0
BRDA:1583,260,1,0
BRDA:1584,261,0,0
BRDA:1584,261,1,0
BRDA:1588,262,0,0
BRDA:1588,262,1,0
BRDA:1592,263,0,0
BRDA:1592,263,1,0
BRDA:1598,264,0,0
BRDA:1598,264,1,0
BRDA:1628,265,0,0
BRDA:1628,265,1,0
BRDA:1642,266,0,0
BRDA:1642,266,1,0
BRDA:1654,267,0,0
BRDA:1654,267,1,0
BRDA:1678,268,0,0
BRDA:1678,268,1,0
BRDA:1682,269,0,0
BRDA:1682,269,1,0
BRDA:1683,270,0,0
BRDA:1683,270,1,0
BRDA:1689,271,0,0
BRDA:1689,271,1,0
BRDA:1689,272,0,0
BRDA:1689,272,1,0
BRDA:1694,273,0,0
BRDA:1694,273,1,0
BRDA:1695,274,0,0
BRDA:1695,274,1,0
BRDA:1695,275,0,0
BRDA:1695,275,1,0
BRDA:1700,276,0,0
BRDA:1700,276,1,0
BRDA:1700,277,0,0
BRDA:1700,277,1,0
BRDA:1702,278,0,0
BRDA:1702,278,1,0
BRDA:1707,279,0,0
BRDA:1707,279,1,0
BRDA:1713,280,0,0
BRDA:1713,280,1,0
BRDA:1713,281,0,0
BRDA:1713,281,1,0
BRDA:1722,282,0,0
BRDA:1722,282,1,0
BRDA:1747,283,0,0
BRDA:1747,283,1,0
BRDA:1755,284,0,0
BRDA:1755,285,0,0
BRDA:1758,286,0,0
BRDA:1758,286,1,0
BRDA:1784,287,0,0
BRDA:1784,287,1,0
BRDA:1784,288,0,0
BRDA:1784,288,1,0
BRDA:1784,288,2,0
BRDA:1788,289,0,0
BRDA:1788,289,1,0
BRDA:1788,290,0,0
BRDA:1788,290,1,0
BRDA:1788,290,2,0
BRDA:1792,291,0,0
BRDA:1792,291,1,0
BRDA:1792,292,0,0
BRDA:1792,292,1,0
BRDA:1792,292,2,0
BRDA:1817,293,0,0
BRDA:1817,293,1,0
BRDA:1831,294,0,0
BRDA:1831,294,1,0
BRDA:1842,295,0,0
BRDA:1842,295,1,0
BRDA:1864,296,0,0
BRDA:1864,296,1,0
BRDA:1868,297,0,0
BRDA:1868,297,1,0
BRF:615
BRH:0
end_of_record
TN:
SF:voice-chat.js
FN:5,(anonymous_0)
FN:18,initVoiceChat
FN:35,toggleMicrophone
FN:69,(anonymous_3)
FN:74,(anonymous_4)
FN:89,setupSocketListeners
FN:91,(anonymous_6)
FN:101,(anonymous_7)
FN:108,(anonymous_8)
FN:112,(anonymous_9)
FN:115,(anonymous_10)
FN:136,(anonymous_11)
FN:144,(anonymous_12)
FN:149,(anonymous_13)
FN:153,(anonymous_14)
FN:156,(anonymous_15)
FN:178,(anonymous_16)
FN:190,(anonymous_17)
FN:202,(anonymous_18)
FNF:19
FNH:0
FNDA:0,(anonymous_0)
FNDA:0,initVoiceChat
FNDA:0,toggleMicrophone
FNDA:0,(anonymous_3)
FNDA:0,(anonymous_4)
FNDA:0,setupSocketListeners
FNDA:0,(anonymous_6)
FNDA:0,(anonymous_7)
FNDA:0,(anonymous_8)
FNDA:0,(anonymous_9)
FNDA:0,(anonymous_10)
FNDA:0,(anonymous_11)
FNDA:0,(anonymous_12)
FNDA:0,(anonymous_13)
FNDA:0,(anonymous_14)
FNDA:0,(anonymous_15)
FNDA:0,(anonymous_16)
FNDA:0,(anonymous_17)
FNDA:0,(anonymous_18)
DA:5,0
DA:6,0
DA:7,0
DA:8,0
DA:10,0
DA:19,0
DA:20,0
DA:21,0
DA:22,0
DA:23,0
DA:26,0
DA:27,0
DA:28,0
DA:31,0
DA:32,0
DA:36,0
DA:37,0
DA:38,0
DA:40,0
DA:42,0
DA:43,0
DA:52,0
DA:53,0
DA:54,0
DA:55,0
DA:56,0
DA:59,0
DA:61,0
DA:63,0
DA:64,0
DA:68,0
DA:69,0
DA:70,0
DA:74,0
DA:75,0
DA:77,0
DA:78,0
DA:79,0
DA:80,0
DA:81,0
DA:83,0
DA:85,0
DA:91,0
DA:92,0
DA:93,0
DA:95,0
DA:97,0
DA:98,0
DA:100,0
DA:101,0
DA:102,0
DA:105,0
DA:108,0
DA:109,0
DA:110,0
DA:111,0
DA:112,0
DA:115,0
DA:116,0
DA:117,0
DA:124,0
DA:125,0
DA:126,0
DA:127,0
DA:132,0
DA:136,0
DA:137,0
DA:138,0
DA:140,0
DA:141,0
DA:143,0
DA:144,0
DA:145,0
DA:149,0
DA:150,0
DA:151,0
DA:152,0
DA:153,0
DA:156,0
DA:157,0
DA:158,0
DA:165,0
DA:166,0
DA:167,0
DA:168,0
DA:169,0
DA:174,0
DA:178,0
DA:179,0
DA:180,0
DA:181,0
DA:182,0
DA:183,0
DA:185,0
DA:190,0
DA:191,0
DA:192,0
DA:193,0
DA:194,0
DA:195,0
DA:197,0
DA:202,0
DA:203,0
DA:204,0
DA:205,0
DA:206,0
DA:207,0
DA:213,0
DA:214,0
DA:216,0
LF:110
LH:0
BRDA:20,0,0,0
BRDA:20,0,1,0
BRDA:27,1,0,0
BRDA:27,1,1,0
BRDA:38,2,0,0
BRDA:38,2,1,0
BRDA:40,3,0,0
BRDA:40,3,1,0
BRDA:61,4,0,0
BRDA:61,4,1,0
BRDA:68,5,0,0
BRDA:68,5,1,0
BRDA:85,6,0,0
BRDA:85,6,1,0
BRDA:93,7,0,0
BRDA:93,7,1,0
BRDA:100,8,0,0
BRDA:100,8,1,0
BRDA:116,9,0,0
BRDA:116,9,1,0
BRDA:143,10,0,0
BRDA:143,10,1,0
BRDA:157,11,0,0
BRDA:157,11,1,0
BRDA:181,12,0,0
BRDA:181,12,1,0
BRDA:193,13,0,0
BRDA:193,13,1,0
BRDA:204,14,0,0
BRDA:204,14,1,0
BRDA:213,15,0,0
BRDA:213,15,1,0
BRF:32
BRH:0
end_of_record
TN:
SF:models\Achievement.js
FNF:0
FNH:0
DA:1,0
DA:3,0
DA:30,0
LF:3
LH:0
BRF:0
BRH:0
end_of_record
TN:
SF:models\Room.js
FNF:0
FNH:0
DA:1,1
DA:3,1
DA:13,1
DA:26,1
DA:56,1
DA:58,1
LF:6
LH:6
BRF:0
BRH:0
end_of_record
TN:
SF:models\User.js
FN:71,(anonymous_0)
FN:77,(anonymous_1)
FNF:2
FNH:0
FNDA:0,(anonymous_0)
FNDA:0,(anonymous_1)
DA:1,1
DA:2,1
DA:4,1
DA:71,1
DA:72,0
DA:73,0
DA:77,1
DA:78,0
DA:81,1
LF:9
LH:6
BRDA:72,0,0,0
BRDA:72,0,1,0
BRF:2
BRH:0
end_of_record
TN:
SF:models\Win.js
FNF:0
FNH:0
DA:1,1
DA:3,1
DA:136,1
DA:137,1
DA:138,1
DA:139,1
DA:141,1
LF:7
LH:7
BRF:0
BRH:0
end_of_record
TN:
SF:routes\auth.js
FN:8,sendOTPEmail
FN:26,(anonymous_1)
FN:55,(anonymous_2)
FN:71,(anonymous_3)
FN:114,(anonymous_4)
FN:132,sendEmail
FN:152,(anonymous_6)
FN:176,(anonymous_7)
FN:198,(anonymous_8)
FN:219,(anonymous_9)
FN:240,(anonymous_10)
FN:259,(anonymous_11)
FN:283,(anonymous_12)
FN:311,(anonymous_13)
FN:319,(anonymous_14)
FN:329,(anonymous_15)
FN:339,(anonymous_16)
FNF:17
FNH:0
FNDA:0,sendOTPEmail
FNDA:0,(anonymous_1)
FNDA:0,(anonymous_2)
FNDA:0,(anonymous_3)
FNDA:0,(anonymous_4)
FNDA:0,sendEmail
FNDA:0,(anonymous_6)
FNDA:0,(anonymous_7)
FNDA:0,(anonymous_8)
FNDA:0,(anonymous_9)
FNDA:0,(anonymous_10)
FNDA:0,(anonymous_11)
FNDA:0,(anonymous_12)
FNDA:0,(anonymous_13)
FNDA:0,(anonymous_14)
FNDA:0,(anonymous_15)
FNDA:0,(anonymous_16)
DA:1,1
DA:2,1
DA:3,1
DA:4,1
DA:5,1
DA:9,0
DA:10,0
DA:11,0
DA:13,0
DA:17,0
DA:26,1
DA:27,0
DA:28,0
DA:30,0
DA:32,0
DA:33,0
DA:36,0
DA:37,0
DA:38,0
DA:39,0
DA:42,0
DA:43,0
DA:44,0
DA:46,0
DA:47,0
DA:49,0
DA:50,0
DA:55,1
DA:56,0
DA:57,0
DA:58,0
DA:59,0
DA:60,0
DA:63,0
DA:64,0
DA:66,0
DA:71,1
DA:72,0
DA:73,0
DA:74,0
DA:75,0
DA:77,0
DA:78,0
DA:79,0
DA:82,0
DA:83,0
DA:86,0
DA:88,0
DA:89,0
DA:96,0
DA:98,0
DA:100,0
DA:101,0
DA:108,0
DA:109,0
DA:114,1
DA:115,0
DA:116,0
DA:117,0
DA:118,0
DA:119,0
DA:122,0
DA:123,0
DA:124,0
DA:125,0
DA:127,0
DA:133,0
DA:134,0
DA:135,0
DA:136,0
DA:137,0
DA:139,0
DA:143,0
DA:152,1
DA:153,0
DA:154,0
DA:155,0
DA:157,0
DA:158,0
DA:159,0
DA:165,0
DA:169,0
DA:170,0
DA:171,0
DA:172,0
DA:176,0
DA:178,0
DA:179,0
DA:183,0
DA:184,0
DA:185,0
DA:186,0
DA:187,0
DA:189,0
DA:191,0
DA:193,0
DA:198,1
DA:199,0
DA:200,0
DA:201,0
DA:203,0
DA:204,0
DA:210,0
DA:212,0
DA:214,0
DA:219,1
DA:220,0
DA:221,0
DA:222,0
DA:223,0
DA:226,0
DA:233,0
DA:235,0
DA:240,1
DA:241,0
DA:242,0
DA:243,0
DA:244,0
DA:245,0
DA:248,0
DA:249,0
DA:251,0
DA:252,0
DA:254,0
DA:259,1
DA:260,0
DA:261,0
DA:262,0
DA:263,0
DA:264,0
DA:267,0
DA:268,0
DA:271,0
DA:272,0
DA:273,0
DA:275,0
DA:276,0
DA:278,0
DA:283,1
DA:284,0
DA:285,0
DA:286,0
DA:287,0
DA:288,0
DA:291,0
DA:292,0
DA:295,0
DA:303,0
DA:304,0
DA:306,0
DA:311,1
DA:312,0
DA:313,0
DA:314,0
DA:315,0
DA:316,0
DA:319,0
DA:320,0
DA:322,0
DA:324,0
DA:329,1
DA:330,0
DA:331,0
DA:332,0
DA:333,0
DA:335,0
DA:339,1
DA:340,0
DA:341,0
DA:342,0
DA:343,0
DA:346,0
DA:349,0
DA:350,0
DA:351,0
DA:352,0
DA:353,0
DA:355,0
DA:356,0
DA:357,0
DA:358,0
DA:362,0
DA:363,0
DA:365,0
DA:369,1
LF:185
LH:19
BRDA:9,0,0,0
BRDA:9,0,1,0
BRDA:9,1,0,0
BRDA:9,1,1,0
BRDA:32,2,0,0
BRDA:32,2,1,0
BRDA:32,3,0,0
BRDA:32,3,1,0
BRDA:32,3,2,0
BRDA:37,4,0,0
BRDA:37,4,1,0
BRDA:59,5,0,0
BRDA:59,5,1,0
BRDA:59,6,0,0
BRDA:59,6,1,0
BRDA:75,7,0,0
BRDA:75,7,1,0
BRDA:86,8,0,0
BRDA:86,8,1,0
BRDA:86,9,0,0
BRDA:86,9,1,0
BRDA:118,10,0,0
BRDA:118,10,1,0
BRDA:118,11,0,0
BRDA:118,11,1,0
BRDA:118,11,2,0
BRDA:133,12,0,0
BRDA:133,12,1,0
BRDA:133,13,0,0
BRDA:133,13,1,0
BRDA:133,13,2,0
BRDA:157,14,0,0
BRDA:157,14,1,0
BRDA:160,15,0,0
BRDA:160,15,1,0
BRDA:163,16,0,0
BRDA:163,16,1,0
BRDA:169,17,0,0
BRDA:169,17,1,0
BRDA:183,18,0,0
BRDA:183,18,1,0
BRDA:183,18,2,0
BRDA:185,19,0,0
BRDA:185,19,1,0
BRDA:186,20,0,0
BRDA:186,20,1,0
BRDA:201,21,0,0
BRDA:201,21,1,0
BRDA:222,22,0,0
BRDA:222,22,1,0
BRDA:222,23,0,0
BRDA:222,23,1,0
BRDA:244,24,0,0
BRDA:244,24,1,0
BRDA:248,25,0,0
BRDA:248,25,1,0
BRDA:249,26,0,0
BRDA:249,26,1,0
BRDA:263,27,0,0
BRDA:263,27,1,0
BRDA:267,28,0,0
BRDA:267,28,1,0
BRDA:273,29,0,0
BRDA:273,29,1,0
BRDA:287,30,0,0
BRDA:287,30,1,0
BRDA:291,31,0,0
BRDA:291,31,1,0
BRDA:315,32,0,0
BRDA:315,32,1,0
BRDA:332,33,0,0
BRDA:332,33,1,0
BRDA:333,34,0,0
BRDA:333,34,1,0
BRDA:343,35,0,0
BRDA:343,35,1,0
BRDA:346,36,0,0
BRDA:346,36,1,0
BRDA:349,37,0,0
BRDA:349,37,1,0
BRDA:350,38,0,0
BRDA:350,38,1,0
BRDA:351,39,0,0
BRDA:351,39,1,0
BRDA:352,40,0,0
BRDA:352,40,1,0
BRDA:353,41,0,0
BRDA:353,41,1,0
BRDA:355,42,0,0
BRDA:355,42,1,0
BRDA:356,43,0,0
BRDA:356,43,1,0
BRF:92
BRH:0
end_of_record
